Method 'SystemVoidCosmosSystemKernelStart', ID = '0'
Method 'SystemVoidCosmosIL2CPURuntimeEngineInitializeApplication', ID = '1'
Method 'SystemVoidCosmosIL2CPURuntimeEngineFinalizeApplicationSystemInt32', ID = '2'
Method 'SystemBooleanCosmosIL2CPUVTablesImplIsInstanceSystemUInt32SystemUInt32SystemBoolean', ID = '3'
Method 'SystemVoidCosmosIL2CPUVTablesImplSetTypeInfoSystemInt32SystemUInt32SystemUInt32SystemUInt32arraySystemUInt32SystemUInt32arraySystemUInt32arraySystemUInt32SystemUInt32arraySystemUInt32array', ID = '4'
Method 'SystemVoidCosmosIL2CPUVTablesImplSetInterfaceInfoSystemInt32SystemInt32SystemUInt32', ID = '5'
Method 'SystemVoidCosmosIL2CPUVTablesImplSetMethodInfoSystemInt32SystemInt32SystemUInt32SystemUInt32', ID = '6'
Method 'SystemVoidCosmosIL2CPUVTablesImplSetInterfaceMethodInfoSystemInt32SystemInt32SystemUInt32SystemUInt32', ID = '7'
Method 'SystemUInt32CosmosIL2CPUVTablesImplGetMethodAddressForTypeSystemUInt32SystemUInt32', ID = '8'
Method 'SystemUInt32CosmosIL2CPUVTablesImplGetMethodAddressForInterfaceTypeSystemUInt32SystemUInt32', ID = '9'
Method 'SystemVoidCosmosIL2CPUExceptionHelperThrowNotImplementedSystemString', ID = '13'
Method 'SystemVoidCosmosIL2CPUExceptionHelperThrowOverflow', ID = '14'
Method 'SystemVoidCosmosIL2CPUExceptionHelperThrowInvalidOperationSystemString', ID = '15'
Method 'SystemVoidCosmosIL2CPUExceptionHelperThrowArgumentOutOfRangeSystemString', ID = '16'
Method 'SystemVoidSystemArrayctor', ID = '18'
Method 'SystemDelegatearraySystemMulticastDelegateGetInvocationList', ID = '19'
Method 'SystemVoidCosmosIL2CPUExceptionHelperThrowInvalidCastException', ID = '21'
Method 'SystemVoidCosmosIL2CPUExceptionHelperThrowNotFiniteNumberExceptionSystemDouble', ID = '22'
Method 'SystemVoidCosmosIL2CPUExceptionHelperThrowDivideByZeroException', ID = '23'
Method 'SystemVoidCosmosIL2CPUExceptionHelperThrowIndexOutOfRangeException', ID = '24'
Method 'SystemVoidLemonProjectKernelctor', ID = '25'
Method 'SystemVoidCosmosDebugKernelDebuggerSendSystemString', ID = '30'
Method 'SystemVoidCosmosHALBootstrapInit', ID = '34'
Method 'CosmosHALTextScreenBaseCosmosSystemKernelGetTextScreen', ID = '35'
Method 'SystemVoidCosmosSystemGlobalInitCosmosHALTextScreenBase', ID = '36'
Method 'SystemVoidCosmosSystemKernelBeforeRun', ID = '37'
Method 'SystemVoidCosmosHALGlobalEnableInterrupts', ID = '38'
Method 'SystemVoidCosmosSystemKernelAfterRun', ID = '40'
Method 'SystemVoidCosmosIL2CPURuntimeEngineInitializeEngine', ID = '44'
Method 'SystemVoidCosmosIL2CPURuntimeEngineHeap_Initialize', ID = '45'
Method 'SystemVoidCosmosIL2CPURuntimeEngineFinalizeEngine', ID = '47'
Method 'SystemVoidCosmosIL2CPURuntimeEngineExitProcessSystemInt32', ID = '48'
Method 'SystemVoidCosmosIL2CPUVTablesImplDebugSystemString', ID = '54'
Method 'SystemVoidCosmosIL2CPUVTablesImplDebugHexSystemStringSystemUInt32', ID = '55'
Method 'SystemVoidCosmosIL2CPUVTablesImplDebugAndHaltSystemString', ID = '57'
Method 'SystemVoidCosmosDebugKernelPlugsAsmDebuggerAsmSendKernelPanicSystemUInt32', ID = '59'
Method 'SystemVoidCosmosCore_PlugsGCImplementionImplIncRefCountSystemUInt32', ID = '61'
Method 'SystemVoidCosmosCore_PlugsGCImplementionImplDecRefCountSystemUInt32', ID = '62'
Method 'SystemUInt32CosmosCore_PlugsGCImplementionImplAllocNewObjectSystemUInt32', ID = '63'
Method 'SystemVoidSystemNotImplementedExceptionctorSystemString', ID = '65'
Method 'SystemVoidSystemOverflowExceptionctorSystemString', ID = '66'
Method 'SystemVoidSystemInvalidOperationExceptionctorSystemString', ID = '67'
Method 'SystemVoidSystemArgumentOutOfRangeExceptionctorSystemString', ID = '68'
Method 'SystemDelegatearraySystemDelegateGetInvocationList', ID = '79'
Method 'SystemInt32SystemIntPtrop_ExplicitSystemIntPtr', ID = '82'
Method 'SystemVoidSystemInvalidCastExceptionctor', ID = '83'
Method 'SystemVoidSystemNotFiniteNumberExceptionctorSystemDouble', ID = '85'
Method 'SystemVoidSystemDivideByZeroExceptionctor', ID = '86'
Method 'SystemVoidSystemIndexOutOfRangeExceptionctor', ID = '87'
Method 'SystemVoidCosmosSystemKernelctor', ID = '89'
Method 'SystemVoidCosmosSystemGlobalcctor', ID = '91'
Method 'SystemVoidCosmosCore_PlugsSystemExceptionImplCtorSystemString', ID = '95'
Method 'SystemVoidCosmosCoreBootstrapInit', ID = '102'
Method 'SystemVoidCosmosSystemConsolectorCosmosHALTextScreenBase', ID = '104'
Method 'SystemVoidCosmosHALGlobalInitCosmosHALTextScreenBase', ID = '106'
Method 'SystemVoidCosmosSystemGlobalset_NumLockSystemBoolean', ID = '107'
Method 'SystemVoidCosmosSystemGlobalset_CapsLockSystemBoolean', ID = '108'
Method 'SystemVoidCosmosSystemGlobalset_ScrollLockSystemBoolean', ID = '109'
Method 'SystemVoidLemonProjectKernelBeforeRun', ID = '110'
Method 'SystemVoidCosmosCoreCPUEnableInterrupts', ID = '112'
Method 'SystemVoidLemonProjectKernelRun', ID = '113'
Method 'SystemVoidCosmosSystem_PlugsSystemConsoleImplWriteLineSystemString', ID = '115'
Method 'SystemStringSystemValueTypeToString', ID = '116'
Method 'SystemStringSystemStringToString', ID = '117'
Method 'SystemStringSystemBooleanToString', ID = '120'
Method 'SystemStringCosmosCore_PlugsSystemObjectImplToString', ID = '123'
Method 'SystemVoidCosmosIL2CPURuntimeEnginecctor', ID = '124'
Method 'SystemVoidSystemBooleancctor', ID = '130'
Method 'SystemVoidCosmosIL2CPUVTablesImplcctor', ID = '133'
Method 'SystemVoidCosmosDebugKernelDebuggerSendNumberSystemUInt32', ID = '135'
Method 'SystemVoidCosmosCoreMemoryOldGlobalSystemInfoEnsureInitialized', ID = '143'
Method 'SystemUInt32CosmosCoreMemoryOldHeapMemAllocSystemUInt32', ID = '144'
Method 'SystemVoidSystemSystemExceptionctorSystemString', ID = '146'
Method 'SystemVoidSystemExceptionset_HResultSystemInt32', ID = '147'
Method 'SystemVoidSystemArithmeticExceptionctorSystemString', ID = '149'
Method 'SystemStringSystemSRget_Arg_ArgumentOutOfRangeException', ID = '152'
Method 'SystemVoidSystemArgumentExceptionctorSystemStringSystemString', ID = '153'
Method 'SystemVoidCosmosCore_PlugsSystemObjectImplCtor', ID = '154'
Method 'SystemStringSystemSRget_Arg_InvalidCastException', ID = '168'
Method 'SystemVoidSystemDoublecctor', ID = '169'
Method 'SystemVoidSystemArithmeticExceptionctor', ID = '173'
Method 'SystemStringSystemSRget_Arg_DivideByZero', ID = '175'
Method 'SystemStringSystemSRget_Arg_IndexOutOfRangeException', ID = '177'
Method 'SystemVoidCosmosDebugKernelDebuggerctorSystemStringSystemString', ID = '178'
Method 'SystemVoidCosmosDebugKernelPlugsAsmDebuggerAsmDoSendSystemString', ID = '180'
Method 'SystemVoidSystemExceptioncctor', ID = '181'
Method 'SystemVoidCosmosCoreINTsDummy', ID = '185'
Method 'SystemVoidCosmosCorePICctor', ID = '186'
Method 'SystemVoidCosmosHALTextScreenctor', ID = '199'
Method 'SystemVoidCosmosCoreGlobalInit', ID = '202'
Method 'SystemVoidCosmosHALPCISetup', ID = '204'
Method 'SystemVoidCosmosCoreACPIStartSystemBooleanSystemBoolean', ID = '205'
Method 'SystemVoidCosmosHALPS2ControllerInitialize', ID = '207'
Method 'SystemVoidCosmosHALBlockDeviceIDEInitDriver', ID = '208'
Method 'SystemVoidCosmosHALBlockDeviceAHCIInitDriver', ID = '209'
Method 'SystemVoidCosmosSystemKeyboardManagerset_NumLockSystemBoolean', ID = '210'
Method 'SystemVoidCosmosSystemKeyboardManagerset_CapsLockSystemBoolean', ID = '211'
Method 'SystemVoidCosmosSystemKeyboardManagerset_ScrollLockSystemBoolean', ID = '212'
Method 'SystemByteCosmosHALRTCget_Hour', ID = '213'
Method 'SystemByteCosmosHALRTCget_Minute', ID = '214'
Method 'SystemByteCosmosHALRTCget_Second', ID = '215'
Method 'SystemVoidCosmosHALGlobalcctor', ID = '216'
Method 'SystemVoidLemonProjectUtilsSetColorSystemConsoleColor', ID = '220'
Method 'SystemVoidLemonProjectCmdsInit', ID = '222'
Method 'SystemVoidLemonProjectUtilsSleepSystemInt32', ID = '223'
Method 'SystemVoidLemonProjectCmdsParseSystemString', ID = '226'
Method 'SystemVoidSystemConsolecctor', ID = '227'
Method 'SystemStringSystemEnvironmentget_NewLine', ID = '229'
Method 'SystemStringSystemStringConcatSystemStringSystemString', ID = '230'
Method 'SystemVoidCosmosSystem_PlugsSystemConsoleImplWriteSystemString', ID = '231'
Method 'SystemStringCosmosSystem_PlugsSystemInt32ImplToString', ID = '233'
Method 'SystemStringCosmosSystem_PlugsSystemUInt32ImplToString', ID = '234'
Method 'SystemStringCosmosSystem_PlugsSystemDoubleImplToString', ID = '235'
Method 'SystemStringCosmosCore_PlugsSystemExceptionImplToString', ID = '236'
Method 'SystemUInt32CosmosCoreMemoryOldGlobalSystemInfoget_TotalDataLookupTableSize', ID = '248'
Method 'SystemBooleanCosmosCoreCPUDisableInterrupts', ID = '252'
Method 'SystemVoidCosmosCoreMemoryOldHeapEnsureIsInitialized', ID = '253'
Method 'CosmosCoreMemoryOldGlobalInformationTablepointerCosmosCoreMemoryOldGlobalSystemInfoget_GlobalInformationTable', ID = '254'
Method 'SystemBooleanCosmosCoreMemoryOldHeapScanDataLookupTableCosmosCoreMemoryOldDataLookupTablepointerSystemUInt32SystemUInt32', ID = '256'
Method 'CosmosCoreMemoryOldDataLookupEntrypointerCosmosCoreMemoryOldDataLookupTableGetEntrySystemUInt32', ID = '259'
Method 'SystemVoidCosmosCoreMemoryOldHeapClearMemorySystemVoidpointerSystemUInt32', ID = '261'
Method 'SystemStringSystemSRGetResourceStringSystemStringSystemString', ID = '266'
Method 'SystemDoubleSystemBitConverterInt64BitsToDoubleSystemInt64', ID = '269'
Method 'SystemStringSystemSRget_Arg_ArithmeticException', ID = '271'
Method 'SystemVoidCosmosCoreBootstrapcctor', ID = '273'
Method 'SystemVoidCosmosCoreINTsHandleInterrupt_DefaultCosmosCoreINTsIRQContext', ID = '276'
Method 'SystemVoidCosmosCoreINTsHandleInterrupt_00CosmosCoreINTsIRQContext', ID = '277'
Method 'SystemVoidCosmosCoreINTsHandleInterrupt_01CosmosCoreINTsIRQContext', ID = '278'
Method 'SystemVoidCosmosCoreINTsHandleInterrupt_02CosmosCoreINTsIRQContext', ID = '279'
Method 'SystemVoidCosmosCoreINTsHandleInterrupt_03CosmosCoreINTsIRQContext', ID = '280'
Method 'SystemVoidCosmosCoreINTsHandleInterrupt_04CosmosCoreINTsIRQContext', ID = '281'
Method 'SystemVoidCosmosCoreINTsHandleInterrupt_05CosmosCoreINTsIRQContext', ID = '282'
Method 'SystemVoidCosmosCoreINTsHandleInterrupt_06CosmosCoreINTsIRQContext', ID = '283'
Method 'SystemVoidCosmosCoreINTsHandleInterrupt_07CosmosCoreINTsIRQContext', ID = '284'
Method 'SystemVoidCosmosCoreINTsHandleInterrupt_08CosmosCoreINTsIRQContext', ID = '285'
Method 'SystemVoidCosmosCoreINTsHandleInterrupt_09CosmosCoreINTsIRQContext', ID = '286'
Method 'SystemVoidCosmosCoreINTsHandleInterrupt_0ACosmosCoreINTsIRQContext', ID = '287'
Method 'SystemVoidCosmosCoreINTsHandleInterrupt_0BCosmosCoreINTsIRQContext', ID = '288'
Method 'SystemVoidCosmosCoreINTsHandleInterrupt_0CCosmosCoreINTsIRQContext', ID = '289'
Method 'SystemVoidCosmosCoreINTsHandleInterrupt_0DCosmosCoreINTsIRQContext', ID = '290'
Method 'SystemVoidCosmosCoreINTsHandleInterrupt_0ECosmosCoreINTsIRQContext', ID = '291'
Method 'SystemVoidCosmosCoreINTsHandleInterrupt_0FCosmosCoreINTsIRQContext', ID = '292'
Method 'SystemVoidCosmosCoreINTsHandleInterrupt_10CosmosCoreINTsIRQContext', ID = '293'
Method 'SystemVoidCosmosCoreINTsHandleInterrupt_11CosmosCoreINTsIRQContext', ID = '294'
Method 'SystemVoidCosmosCoreINTsHandleInterrupt_12CosmosCoreINTsIRQContext', ID = '295'
Method 'SystemVoidCosmosCoreINTsHandleInterrupt_13CosmosCoreINTsIRQContext', ID = '296'
Method 'SystemVoidCosmosCoreINTsHandleInterrupt_20CosmosCoreINTsIRQContext', ID = '297'
Method 'SystemVoidCosmosCoreINTsHandleInterrupt_21CosmosCoreINTsIRQContext', ID = '298'
Method 'SystemVoidCosmosCoreINTsHandleInterrupt_22CosmosCoreINTsIRQContext', ID = '299'
Method 'SystemVoidCosmosCoreINTsHandleInterrupt_23CosmosCoreINTsIRQContext', ID = '300'
Method 'SystemVoidCosmosCoreINTsHandleInterrupt_24CosmosCoreINTsIRQContext', ID = '301'
Method 'SystemVoidCosmosCoreINTsHandleInterrupt_25CosmosCoreINTsIRQContext', ID = '302'
Method 'SystemVoidCosmosCoreINTsHandleInterrupt_26CosmosCoreINTsIRQContext', ID = '303'
Method 'SystemVoidCosmosCoreINTsHandleInterrupt_27CosmosCoreINTsIRQContext', ID = '304'
Method 'SystemVoidCosmosCoreINTsHandleInterrupt_28CosmosCoreINTsIRQContext', ID = '305'
Method 'SystemVoidCosmosCoreINTsHandleInterrupt_29CosmosCoreINTsIRQContext', ID = '306'
Method 'SystemVoidCosmosCoreINTsHandleInterrupt_2ACosmosCoreINTsIRQContext', ID = '307'
Method 'SystemVoidCosmosCoreINTsHandleInterrupt_2BCosmosCoreINTsIRQContext', ID = '308'
Method 'SystemVoidCosmosCoreINTsHandleInterrupt_2CCosmosCoreINTsIRQContext', ID = '309'
Method 'SystemVoidCosmosCoreINTsHandleInterrupt_2DCosmosCoreINTsIRQContext', ID = '310'
Method 'SystemVoidCosmosCoreINTsHandleInterrupt_2ECosmosCoreINTsIRQContext', ID = '311'
Method 'SystemVoidCosmosCoreINTsHandleInterrupt_2FCosmosCoreINTsIRQContext', ID = '312'
Method 'SystemVoidCosmosCoreINTsHandleInterrupt_30CosmosCoreINTsIRQContext', ID = '313'
Method 'SystemVoidCosmosCoreINTsHandleInterrupt_35CosmosCoreINTsIRQContext', ID = '314'
Method 'SystemVoidCosmosCoreINTsHandleInterrupt_40CosmosCoreINTsIRQContext', ID = '315'
Method 'SystemVoidCosmosCoreINTsHandleInterrupt_41CosmosCoreINTsIRQContext', ID = '316'
Method 'SystemVoidCosmosCoreINTsHandleInterrupt_42CosmosCoreINTsIRQContext', ID = '317'
Method 'SystemVoidCosmosCoreINTsHandleInterrupt_43CosmosCoreINTsIRQContext', ID = '318'
Method 'SystemVoidCosmosCoreINTsHandleInterrupt_44CosmosCoreINTsIRQContext', ID = '319'
Method 'SystemVoidCosmosCoreINTsHandleInterrupt_45CosmosCoreINTsIRQContext', ID = '320'
Method 'SystemVoidCosmosCoreINTsHandleInterrupt_46CosmosCoreINTsIRQContext', ID = '321'
Method 'SystemVoidCosmosCoreINTsHandleInterrupt_47CosmosCoreINTsIRQContext', ID = '322'
Method 'SystemVoidCosmosCoreINTsHandleInterrupt_48CosmosCoreINTsIRQContext', ID = '323'
Method 'SystemVoidCosmosCoreINTsHandleInterrupt_49CosmosCoreINTsIRQContext', ID = '324'
Method 'SystemVoidCosmosCoreIOGroupPICctorSystemBoolean', ID = '326'
Method 'SystemVoidCosmosCorePICRemapSystemByteSystemByteSystemByteSystemByte', ID = '327'
Method 'SystemVoidCosmosCore_AsmCPUImplUpdateIDTSystemBoolean', ID = '328'
Method 'SystemVoidCosmosCore_AsmCPUImplInitSSE', ID = '329'
Method 'SystemVoidCosmosCore_AsmCPUImplInitFloat', ID = '330'
Method 'SystemUInt32CosmosCore_AsmMultibootImplGetMBIAddress', ID = '332'
Method 'SystemVoidCosmosCoreIOGroupTextScreenctor', ID = '334'
Method 'SystemVoidCosmosHALTextScreenBasector', ID = '335'
Method 'SystemVoidCosmosSystem_PlugsSystemConsoleImplClear', ID = '344'
Method 'SystemVoidSystemCollectionsGenericList1anonymousTypeCosmosHALPCIDevicector', ID = '346'
Method 'SystemUInt16CosmosHALPCIDeviceGetHeaderTypeSystemUInt16SystemUInt16SystemUInt16', ID = '348'
Method 'SystemVoidCosmosHALPCICheckBusSystemUInt16', ID = '349'
Method 'SystemUInt16CosmosHALPCIDeviceGetVendorIDSystemUInt16SystemUInt16SystemUInt16', ID = '350'
Method 'SystemBooleanCosmosCoreACPIInit', ID = '352'
Method 'SystemVoidCosmosCoreACPIEnable', ID = '353'
Method 'SystemVoidCosmosHALPS2ControllerSendCommandCosmosHALPS2ControllerCommandSystemNullable1anonymousTypeSystemByte', ID = '356'
Method 'SystemByteCosmosHALPS2ControllerReadData', ID = '357'
Method 'SystemBooleanCosmosHALPS2ControllerWaitToReadData', ID = '358'
Method 'SystemVoidSystemNullable1anonymousTypeSystemBytectorSystemByte', ID = '359'
Method 'SystemBooleanCosmosHALPS2ControllerTestPortSystemByte', ID = '360'
Method 'SystemVoidCosmosHALPS2ControllerIdentifyDeviceSystemByteCosmosHALDevice', ID = '361'
Method 'SystemVoidCosmosHALBlockDeviceIDEInitializeCosmosHALBlockDeviceAtaControllerIdEnumCosmosHALBlockDeviceAtaBusPositionEnum', ID = '364'
Method 'SystemVoidCosmosHALBlockDeviceAHCIctorCosmosHALPCIDevice', ID = '367'
Method 'SystemVoidCosmosHALRTCWaitForReady', ID = '374'
Method 'SystemVoidCosmosCoreIOPortset_ByteSystemByte', ID = '377'
Method 'SystemByteCosmosCoreIOPortget_Byte', ID = '380'
Method 'SystemByteCosmosHALRTCFromBCDSystemByte', ID = '381'
Method 'SystemVoidCosmosHALPITctor', ID = '382'
Method 'SystemVoidCosmosHALPS2Controllerctor', ID = '384'
Method 'SystemVoidCosmosCore_AsmCPUImplDoEnableInterrupts', ID = '385'
Method 'SystemVoidCosmosSystem_PlugsSystemConsoleImplWriteLine', ID = '389'
Method 'SystemVoidSystemCollectionsGenericList1anonymousTypeSystemStringAddSystemString', ID = '392'
Method 'SystemStringCosmosSystem_PlugsSystemConsoleImplReadLine', ID = '393'
Method 'SystemStringarraySystemStringSplitSystemChararray', ID = '395'
Method 'SystemInt32SystemStringIndexOfSystemChar', ID = '397'
Method 'SystemStringSystemStringRemoveSystemInt32SystemInt32', ID = '398'
Method 'SystemBooleanSystemCollectionsGenericList1anonymousTypeSystemStringContainsSystemString', ID = '399'
Method 'SystemVoidLemonProjectUtilsErrorSystemString', ID = '400'
Method 'SystemBooleanSystemStringEqualsSystemString', ID = '401'
Method 'SystemVoidLemonProjectCmdsprintSystemStringarray', ID = '402'
Method 'SystemVoidLemonProjectCmdsabout', ID = '403'
Method 'SystemVoidLemonProjectCmdshelpSystemStringarray', ID = '404'
Method 'SystemVoidLemonProjectCmdsshutdownSystemStringarray', ID = '405'
Method 'SystemVoidLemonProjectCmdstime', ID = '406'
Method 'SystemVoidLemonProjectCmdsclear', ID = '407'
Method 'SystemVoidCosmosSystem_PlugsSystemConsoleImplcctor', ID = '411'
Method 'SystemBooleanSystemStringIsNullOrEmptySystemString', ID = '413'
Method 'SystemVoidSystemStringFillStringCheckedSystemStringSystemInt32SystemString', ID = '416'
Method 'CosmosSystemConsoleCosmosSystem_PlugsSystemConsoleImplGetConsole', ID = '417'
Method 'SystemBytearraySystemTextEncodingGetBytesSystemString', ID = '419'
Method 'SystemVoidCosmosSystemConsoleWriteSystemBytearray', ID = '420'
Method 'SystemTypeCosmosCore_PlugsSystemObjectImplGetType', ID = '422'
Method 'SystemStringCosmosCommonStringHelperGetNumberStringSystemInt32', ID = '425'
Method 'SystemStringCosmosCommonStringHelperGetNumberStringSystemUInt32', ID = '428'
Method 'SystemStringCosmosCommonStringHelperGetNumberStringSystemDouble', ID = '431'
Method 'SystemVoidCosmosCore_PlugsSystemObjectImplcctor', ID = '433'
Method 'SystemVoidCosmosDebugKernelPlugsAsmDebuggerAsmDoSendNumberSystemUInt32', ID = '434'
Method 'SystemUInt32CosmosCore_AsmCPUImplGetEndOfKernel', ID = '435'
Method 'SystemVoidCosmosCore_AsmCPUImplZeroFillSystemUInt32SystemUInt32', ID = '436'
Method 'SystemVoidCosmosCoreMemoryOldHeapcctor', ID = '437'
Method 'SystemVoidCosmosCoreMemoryOldHeapDoInitializeSystemUInt32', ID = '441'
Method 'SystemVoidSystemSRcctor', ID = '446'
Method 'SystemStringCosmosSystem_PlugsSystemIntPtrImplToString', ID = '449'
Method 'SystemVoidCosmosCoreCPUctor', ID = '452'
Method 'SystemVoidCosmosCoreINTscctor', ID = '453'
Method 'CosmosCorePICCosmosCoreGlobalget_PIC', ID = '455'
Method 'SystemVoidCosmosCorePICEoiSlave', ID = '456'
Method 'SystemVoidCosmosCorePICEoiMaster', ID = '457'
Method 'SystemVoidCosmosCoreINTsHandleExceptionSystemUInt32SystemStringSystemStringCosmosCoreINTsIRQContextSystemUInt32', ID = '458'
Method 'SystemVoidCosmosCore_AsmDelegateImplInvoke', ID = '701'
Method 'SystemVoidCosmosCoreINTsIRQSystemUInt32CosmosCoreINTsIRQContext', ID = '462'
Method 'SystemVoidCosmosCoreIOPortctorSystemUInt16', ID = '465'
Method 'SystemVoidCosmosCoreIOGroupIOGroupctor', ID = '466'
Method 'SystemVoidCosmosCoreIOPortWait', ID = '467'
Method 'SystemVoidCosmosCoreMemoryBlockctorSystemUInt32SystemUInt32', ID = '470'
Method 'SystemVoidCosmosHALDevicector', ID = '471'
Method 'SystemVoidCosmosHALTextScreenSetColorsSystemConsoleColorSystemConsoleColor', ID = '473'
Method 'SystemUInt16CosmosHALTextScreenget_Cols', ID = '475'
Method 'SystemUInt16CosmosHALTextScreenget_Rows', ID = '476'
Method 'SystemVoidCosmosHALTextScreenSetCursorSizeSystemInt32', ID = '477'
Method 'SystemVoidCosmosHALTextScreenSetCursorVisibleSystemBoolean', ID = '478'
Method 'SystemVoidCosmosCoreGlobalcctor', ID = '479'
Method 'SystemVoidCosmosSystemConsoleClear', ID = '480'
Method 'SystemUInt32CosmosHALPCIDeviceGetAddressBaseSystemUInt32SystemUInt32SystemUInt32', ID = '484'
Method 'SystemVoidCosmosCoreIOPortset_DWordSystemUInt32', ID = '487'
Method 'SystemUInt32CosmosCoreIOPortget_DWord', ID = '488'
Method 'SystemVoidCosmosHALPCIDevicectorSystemUInt32SystemUInt32SystemUInt32', ID = '489'
Method 'SystemVoidCosmosHALPCICheckFunctionCosmosHALPCIDevice', ID = '490'
Method 'SystemVoidCosmosCoreACPIcctor', ID = '491'
Method 'SystemUInt32CosmosCoreACPIRSDPAddress', ID = '492'
Method 'SystemInt32CosmosCoreACPIacpiCheckHeaderSystemBytepointerSystemString', ID = '493'
Method 'SystemInt32pointerCosmosCoreACPIfacpgetSystemInt32', ID = '495'
Method 'SystemInt32CosmosCoreACPICompareSystemStringSystemBytepointer', ID = '496'
Method 'SystemByteCosmosCoreACPIfacpbgetSystemInt32', ID = '500'
Method 'SystemStringSystemNullable1anonymousTypeSystemByteToString', ID = '511'
Method 'SystemBooleanCosmosHALPS2ControllerWaitToWrite', ID = '513'
Method 'SystemVoidCosmosCoreIOPortWriteset_ByteSystemByte', ID = '515'
Method 'SystemBooleanSystemNullable1anonymousTypeSystemByteget_HasValue', ID = '516'
Method 'SystemByteSystemNullable1anonymousTypeSystemByteget_Value', ID = '517'
Method 'SystemByteCosmosCoreIOPortReadget_Byte', ID = '518'
Method 'SystemStringCosmosCommonExtensionsToHexStringToHexSystemByte', ID = '520'
Method 'SystemStringSystemStringConcatSystemStringSystemStringSystemStringSystemString', ID = '521'
Method 'SystemStringSystemStringConcatSystemStringarray', ID = '522'
Method 'SystemStringSystemStringConcatSystemStringSystemStringSystemString', ID = '523'
Method 'SystemVoidCosmosHALPS2ControllerSendDeviceCommandCosmosHALPS2ControllerDeviceCommandSystemBooleanSystemNullable1anonymousTypeSystemByte', ID = '525'
Method 'SystemBooleanCosmosHALPS2ControllerReadByteAfterAckWithTimeoutSystemByte', ID = '526'
Method 'SystemVoidCosmosHALPS2MousectorSystemByteSystemByte', ID = '527'
Method 'SystemBooleanCosmosHALPS2ControllerReadDataWithTimeoutSystemByte', ID = '529'
Method 'SystemVoidCosmosHALPS2KeyboardctorSystemByte', ID = '530'
Method 'SystemVoidCosmosHALBlockDeviceIDEcctor', ID = '532'
Method 'SystemVoidCosmosHALBlockDeviceAtaPioctorCosmosCoreIOGroupATACosmosHALBlockDeviceAtaControllerIdEnumCosmosHALBlockDeviceAtaBusPositionEnum', ID = '537'
Method 'CosmosHALBlockDeviceAtaPioSpecLevelCosmosHALBlockDeviceAtaPioget_DriveType', ID = '538'
Method 'SystemVoidSystemCollectionsGenericList1anonymousTypeCosmosHALBlockDeviceBlockDeviceAddCosmosHALBlockDeviceBlockDevice', ID = '541'
Method 'SystemBooleanCosmosHALBlockDeviceGPTIsGPTPartitionCosmosHALBlockDeviceBlockDevice', ID = '544'
Method 'SystemVoidCosmosHALBlockDeviceGPTctorCosmosHALBlockDeviceBlockDevice', ID = '545'
Method 'SystemInt32SystemCollectionsGenericList1anonymousTypeCosmosHALBlockDeviceGPTGPartInfoget_Count', ID = '547'
Method 'SystemVoidCosmosDebugKernelDebuggerSendNumberSystemInt32', ID = '548'
Method 'CosmosHALBlockDeviceGPTGPartInfoSystemCollectionsGenericList1anonymousTypeCosmosHALBlockDeviceGPTGPartInfoget_ItemSystemInt32', ID = '549'
Method 'SystemVoidCosmosHALBlockDevicePartitionctorCosmosHALBlockDeviceBlockDeviceSystemUInt64SystemUInt64', ID = '551'
Method 'SystemVoidCosmosHALBlockDeviceMBRctorSystemBytearray', ID = '553'
Method 'SystemVoidCosmosHALBlockDeviceEBRctorSystemBytearray', ID = '555'
Method 'SystemInt32SystemCollectionsGenericList1anonymousTypeCosmosHALBlockDeviceEBRPartInfoget_Count', ID = '557'
Method 'SystemInt32SystemCollectionsGenericList1anonymousTypeCosmosHALBlockDeviceMBRPartInfoget_Count', ID = '558'
Method 'CosmosHALBlockDeviceMBRPartInfoSystemCollectionsGenericList1anonymousTypeCosmosHALBlockDeviceMBRPartInfoget_ItemSystemInt32', ID = '559'
Method 'SystemVoidCosmosHALBlockDeviceAHCIcctor', ID = '561'
Method 'SystemVoidCosmosHALPCIDeviceEnableBusMasterSystemBoolean', ID = '562'
Method 'SystemVoidCosmosHALPCIDeviceEnableMemorySystemBoolean', ID = '563'
Method 'SystemUInt32CosmosHALPCIBaseAddressBarget_BaseAddress', ID = '564'
Method 'SystemVoidCosmosHALBlockDeviceRegistersGenericRegistersctorSystemUInt32', ID = '566'
Method 'SystemUInt32CosmosHALBlockDeviceRegistersGenericRegistersget_GlobalHostControl', ID = '568'
Method 'SystemVoidCosmosHALBlockDeviceRegistersGenericRegistersset_GlobalHostControlSystemUInt32', ID = '569'
Method 'SystemVoidCosmosHALBlockDeviceAHCIGetCapabilities', ID = '570'
Method 'SystemVoidSystemCollectionsGenericList1anonymousTypeCosmosHALBlockDevicePortsStoragePortset_CapacitySystemInt32', ID = '573'
Method 'SystemVoidCosmosHALBlockDeviceAHCIGetPorts', ID = '574'
Method 'SystemCollectionsGenericList1EnumeratoranonymousTypeCosmosHALBlockDevicePortsStoragePortSystemCollectionsGenericList1anonymousTypeCosmosHALBlockDevicePortsStoragePortGetEnumerator', ID = '575'
Method 'CosmosHALBlockDevicePortsStoragePortSystemCollectionsGenericList1EnumeratoranonymousTypeCosmosHALBlockDevicePortsStoragePortget_Current', ID = '576'
Method 'SystemBooleanSystemCollectionsGenericList1EnumeratoranonymousTypeCosmosHALBlockDevicePortsStoragePortMoveNext', ID = '583'
Method 'SystemVoidCosmosSystemKeyboardManagercctor', ID = '586'
Method 'SystemVoidCosmosHALRTCcctor', ID = '587'
Method 'SystemVoidSystemCollectionsGenericList1anonymousTypeCosmosHALPITPITTimerctor', ID = '595'
Method 'SystemVoidCosmosHALPITHandleIRQCosmosCoreINTsIRQContext', ID = '596'
Method 'SystemVoidCosmosCore_AsmDelegateImplCtorSystemObjectSystemIntPtr', ID = '858'
Method 'SystemVoidCosmosCoreINTsSetIrqHandlerSystemByteCosmosCoreINTsIRQDelegate', ID = '598'
Method 'SystemVoidCosmosHALPITset_T0CountdownSystemUInt16', ID = '599'
Method 'SystemVoidCosmosSystem_PlugsSystemConsoleImplset_ForegroundColorSystemConsoleColor', ID = '602'
Method 'SystemVoidLemonProjectCmdscctor', ID = '603'
Method 'SystemVoidSystemCollectionsGenericList1anonymousTypeSystemStringAddWithResizeSystemString', ID = '605'
Method 'SystemVoidSystemCollectionsGenericList1anonymousTypeSystemCharctorSystemInt32', ID = '606'
Method 'CosmosSystemConsoleKeyExCosmosSystemKeyEventget_Key', ID = '607'
Method 'SystemInt32CosmosSystemConsoleget_X', ID = '608'
Method 'SystemVoidSystemCollectionsGenericList1anonymousTypeSystemCharRemoveAtSystemInt32', ID = '609'
Method 'SystemVoidCosmosSystemConsoleset_XSystemInt32', ID = '610'
Method 'SystemCharSystemCollectionsGenericList1anonymousTypeSystemCharget_ItemSystemInt32', ID = '611'
Method 'SystemVoidCosmosSystem_PlugsSystemConsoleImplWriteSystemChar', ID = '612'
Method 'SystemInt32SystemCollectionsGenericList1anonymousTypeSystemCharget_Count', ID = '613'
Method 'SystemCharCosmosSystemKeyEventget_KeyChar', ID = '614'
Method 'SystemVoidSystemCollectionsGenericList1anonymousTypeSystemCharAddSystemChar', ID = '615'
Method 'SystemVoidSystemCollectionsGenericList1anonymousTypeSystemCharctor', ID = '616'
Method 'CosmosSystemKeyEventCosmosSystemKeyboardManagerReadKey', ID = '617'
Method 'SystemChararraySystemCollectionsGenericList1anonymousTypeSystemCharToArray', ID = '618'
Method 'SystemVoidSystemCharcctor', ID = '620'
Method 'SystemStringSystemCharToString', ID = '621'
Method 'SystemStringarraySystemStringSplitInternalSystemChararraySystemInt32SystemStringSplitOptions', ID = '626'
Method 'SystemBooleanCosmosCore_PlugsSystemStringImplContainsSystemString', ID = '627'
Method 'SystemStringSystemSRget_ArgumentOutOfRange_StartIndex', ID = '629'
Method 'SystemVoidSystemArgumentOutOfRangeExceptionctorSystemStringSystemString', ID = '630'
Method 'SystemStringSystemSRget_ArgumentOutOfRange_NegativeCount', ID = '631'
Method 'SystemStringSystemSRget_ArgumentOutOfRange_IndexCount', ID = '632'
Method 'SystemVoidSystemStringwstrcpySystemCharpointerSystemCharpointerSystemInt32', ID = '633'
Method 'SystemInt32SystemCollectionsGenericList1anonymousTypeSystemStringIndexOfSystemString', ID = '634'
Method 'SystemStringSystemStringJoinSystemStringSystemStringarray', ID = '638'
Method 'SystemVoidLemonProjectUtilsWarnSystemString', ID = '639'
Method 'SystemCollectionsGenericList1EnumeratoranonymousTypeSystemStringSystemCollectionsGenericList1anonymousTypeSystemStringGetEnumerator', ID = '640'
Method 'SystemStringSystemCollectionsGenericList1EnumeratoranonymousTypeSystemStringget_Current', ID = '641'
Method 'SystemBooleanSystemCollectionsGenericList1EnumeratoranonymousTypeSystemStringMoveNext', ID = '642'
Method 'SystemCharSystemConsoleKeyInfoget_KeyChar', ID = '645'
Method 'SystemVoidCosmosSystemPowerShutdown', ID = '646'
Method 'SystemBooleanSystemStringop_EqualitySystemStringSystemString', ID = '647'
Method 'SystemVoidCosmosSystemPowerReboot', ID = '648'
Method 'SystemTextEncodingSystemTextEncodingget_ASCII', ID = '652'
Method 'SystemInt32CosmosCore_PlugsSystemStringImplget_LengthSystemInt32', ID = '656'
Method 'SystemStringCosmosCore_PlugsSystemStringImplFastAllocateStringSystemInt32', ID = '657'
Method 'SystemStringSystemSRget_ArgumentNull_String', ID = '660'
Method 'SystemVoidSystemArgumentNullExceptionctorSystemStringSystemString', ID = '661'
Method 'SystemInt32SystemTextEncodingGetByteCountSystemString', ID = '662'
Method 'SystemInt32SystemTextEncodingGetBytesSystemStringSystemInt32SystemInt32SystemBytearraySystemInt32', ID = '663'
Method 'SystemVoidCosmosSystemConsoleDoLineFeed', ID = '664'
Method 'SystemVoidCosmosSystemConsoleDoCarriageReturn', ID = '665'
Method 'SystemVoidCosmosSystemConsoleDoTab', ID = '666'
Method 'SystemVoidCosmosSystemConsoleWriteSystemByte', ID = '667'
Method 'SystemStringSystemTypeToString', ID = '670'
Method 'SystemVoidCosmosCoreCosmosRuntimeTypectorSystemUInt32', ID = '674'
Method 'SystemInt64SystemBitConverterDoubleToInt64BitsSystemDouble', ID = '676'
Method 'SystemStringSystemStringSubstringSystemInt32SystemInt32', ID = '680'
Method 'SystemStringSystemArgumentOutOfRangeExceptionget_Message', ID = '681'
Method 'SystemStringSystemArgumentExceptionget_Message', ID = '682'
Method 'SystemStringCosmosCore_PlugsSystemExceptionImplget_Message', ID = '683'
Method 'SystemVoidCosmosCore_AsmCPUImplDoDisableInterrupts', ID = '684'
Method 'SystemUInt32CosmosCore_AsmCPUImplGetAmountOfRAM', ID = '685'
Method 'SystemStringCosmosCore_PlugsSystemSRImplInternalGetResourceStringSystemString', ID = '689'
Method 'SystemBooleanCosmosCore_PlugsSystemStringImplEqualsSystemStringSystemStringComparison', ID = '691'
Method 'SystemVoidSystemBitConvertercctor', ID = '696'
Method 'SystemVoidCosmosCoreINTsPutErrorCharSystemInt32SystemInt32SystemChar', ID = '699'
Method 'SystemVoidCosmosCoreINTsPutErrorStringSystemInt32SystemInt32SystemString', ID = '700'
Method 'SystemVoidCosmosCoreIOPortBasectorSystemUInt16', ID = '702'
Method 'SystemVoidCosmosCoreMemoryBlock08ctorSystemUInt32SystemUInt32', ID = '703'
Method 'SystemVoidCosmosCoreMemoryBlock16ctorSystemUInt32SystemUInt32', ID = '704'
Method 'SystemVoidCosmosCoreMemoryBlock32ctorSystemUInt32SystemUInt32', ID = '705'
Method 'SystemVoidCosmosCoreBaseIOGroupsctor', ID = '710'
Method 'SystemVoidCosmosSystemConsoleUpdateCursor', ID = '712'
Method 'SystemVoidSystemCollectionsGenericList1anonymousTypeCosmosHALPCIDevicecctor', ID = '713'
Method 'SystemVoidCosmosHALPCIDevicecctor', ID = '719'
Method 'SystemUInt16CosmosHALPCIDeviceReadRegister16SystemByte', ID = '722'
Method 'SystemByteCosmosHALPCIDeviceReadRegister8SystemByte', ID = '723'
Method 'SystemVoidCosmosHALPCIDeviceset_InterruptLineSystemByte', ID = '724'
Method 'SystemUInt32CosmosHALPCIDeviceReadRegister32SystemByte', ID = '726'
Method 'SystemVoidCosmosHALPCIBaseAddressBarctorSystemUInt32', ID = '727'
Method 'SystemVoidSystemCollectionsGenericList1anonymousTypeCosmosHALPCIDeviceAddCosmosHALPCIDevice', ID = '728'
Method 'SystemBooleanCosmosCoreACPICheck_RSDSystemUInt32', ID = '730'
Method 'SystemVoidSystemThrowHelperThrowInvalidOperationExceptionSystemExceptionResource', ID = '734'
Method 'SystemStringCosmosSystem_PlugsSystemByteImplToString', ID = '736'
Method 'SystemStringCosmosCommonExtensionsToHexStringConvertToHexSystemUInt32SystemInt32', ID = '738'
Method 'SystemVoidSystemArgumentNullExceptionctorSystemString', ID = '739'
Method 'SystemObjectSystemArrayClone', ID = '741'
Method 'SystemBooleanCosmosHALPS2ControllerWaitForAck', ID = '743'
Method 'SystemVoidCosmosHALMouseBasector', ID = '746'
Method 'SystemVoidCosmosHALPS2MouseInitialize', ID = '748'
Method 'SystemVoidCosmosHALKeyboardBasector', ID = '750'
Method 'SystemVoidCosmosHALPS2KeyboardInitialize', ID = '752'
Method 'CosmosHALPCIDeviceCosmosHALPCIGetDeviceClassCosmosHALClassIDCosmosHALSubclassID', ID = '753'
Method 'SystemVoidCosmosCoreBaseIOGroupscctor', ID = '754'
Method 'SystemVoidCosmosHALBlockDeviceAtactor', ID = '757'
Method 'CosmosHALBlockDeviceAtaPioSpecLevelCosmosHALBlockDeviceAtaPioDiscoverDrive', ID = '758'
Method 'SystemVoidCosmosHALBlockDeviceAtaPioInitDrive', ID = '759'
Method 'SystemVoidCosmosHALBlockDeviceBlockDevicecctor', ID = '761'
Method 'SystemVoidSystemCollectionsGenericList1anonymousTypeCosmosHALBlockDeviceBlockDeviceAddWithResizeCosmosHALBlockDeviceBlockDevice', ID = '763'
Method 'SystemVoidCosmosHALBlockDeviceAtacctor', ID = '764'
Method 'SystemStringCosmosHALBlockDeviceAtaToString', ID = '765'
Method 'SystemUInt64SystemBitConverterToUInt64SystemBytearraySystemInt32', ID = '766'
Method 'SystemVoidSystemCollectionsGenericList1anonymousTypeCosmosHALBlockDeviceGPTGPartInfoctor', ID = '767'
Method 'SystemUInt32SystemBitConverterToUInt32SystemBytearraySystemInt32', ID = '768'
Method 'SystemVoidCosmosHALBlockDeviceGPTParseParitionSystemBytearraySystemUInt32', ID = '769'
Method 'SystemVoidSystemThrowHelperThrowArgumentOutOfRange_IndexException', ID = '772'
Method 'SystemVoidCosmosHALBlockDeviceBlockDevicector', ID = '775'
Method 'SystemUInt64CosmosHALBlockDeviceBlockDeviceget_BlockSize', ID = '776'
Method 'SystemVoidCosmosHALBlockDeviceAtaPioReadBlockSystemUInt64SystemUInt64SystemBytearray', ID = '778'
Method 'SystemVoidCosmosHALBlockDevicePartitionReadBlockSystemUInt64SystemUInt64SystemBytearray', ID = '779'
Method 'SystemVoidSystemCollectionsGenericList1anonymousTypeCosmosHALBlockDeviceMBRPartInfoctor', ID = '780'
Method 'SystemVoidCosmosHALBlockDeviceMBRParsePartitionSystemBytearraySystemUInt32', ID = '781'
Method 'SystemVoidSystemCollectionsGenericList1anonymousTypeCosmosHALBlockDeviceEBRPartInfoctor', ID = '782'
Method 'SystemVoidCosmosHALBlockDeviceEBRParsePartitionSystemBytearraySystemUInt32', ID = '783'
Method 'CosmosHALPCIDeviceCosmosHALPCIGetDeviceClassCosmosHALClassIDCosmosHALSubclassIDCosmosHALProgramIF', ID = '786'
Method 'SystemVoidSystemCollectionsGenericList1anonymousTypeCosmosHALBlockDevicePortsStoragePortctor', ID = '787'
Method 'SystemVoidCosmosHALPCIDeviceWriteRegister16SystemByteSystemUInt16', ID = '788'
Method 'SystemUInt32CosmosCoreMemoryBlockget_ItemSystemUInt32', ID = '790'
Method 'SystemVoidCosmosCoreMemoryBlockset_ItemSystemUInt32SystemUInt32', ID = '791'
Method 'SystemUInt32CosmosHALBlockDeviceRegistersGenericRegistersget_Capabilities', ID = '792'
Method 'SystemVoidSystemThrowHelperThrowArgumentOutOfRangeExceptionSystemExceptionArgumentSystemExceptionResource', ID = '813'
Method 'SystemVoidSystemArrayCopySystemArraySystemInt32SystemArraySystemInt32SystemInt32', ID = '815'
Method 'SystemUInt32CosmosHALBlockDeviceRegistersGenericRegistersget_ImplementedPorts', ID = '817'
Method 'SystemVoidCosmosHALBlockDeviceRegistersPortRegistersctorSystemUInt32SystemUInt32', ID = '818'
Method 'CosmosHALBlockDeviceRegistersPortTypeCosmosHALBlockDeviceAHCICheckPortTypeCosmosHALBlockDeviceRegistersPortRegisters', ID = '819'
Method 'SystemStringSystemStringPadLeftSystemInt32SystemChar', ID = '821'
Method 'SystemVoidCosmosHALBlockDeviceAHCIPortRebaseCosmosHALBlockDeviceRegistersPortRegistersSystemUInt32', ID = '822'
Method 'SystemVoidCosmosHALBlockDevicePortsSATActorCosmosHALBlockDeviceRegistersPortRegisters', ID = '823'
Method 'SystemVoidSystemCollectionsGenericList1anonymousTypeCosmosHALBlockDevicePortsStoragePortAddCosmosHALBlockDevicePortsStoragePort', ID = '824'
Method 'SystemVoidSystemCollectionsGenericList1EnumeratoranonymousTypeCosmosHALBlockDevicePortsStoragePortctorSystemCollectionsGenericList1anonymousTypeCosmosHALBlockDevicePortsStoragePort', ID = '825'
Method 'SystemStringCosmosCore_PlugsSystemStringImplFormatSystemStringSystemObjectSystemObject', ID = '827'
Method 'SystemStringCosmosCore_PlugsSystemStringImplFormatSystemStringSystemObject', ID = '828'
Method 'SystemBooleanSystemCollectionsGenericList1EnumeratoranonymousTypeCosmosHALBlockDevicePortsStoragePortMoveNextRare', ID = '829'
Method 'SystemVoidSystemCollectionsGenericList1EnumeratoranonymousTypeCosmosHALBlockDevicePortsStoragePortDispose', ID = '833'
Method 'SystemVoidSystemCollectionsGenericList1EnumeratoranonymousTypeSystemStringDispose', ID = '834'
Method 'SystemVoidSystemCollectionsGenericList1anonymousTypeCosmosHALKeyboardBasector', ID = '835'
Method 'SystemVoidCosmosSystemScanMapsUS_Standardctor', ID = '837'
Method 'SystemVoidSystemCollectionsGenericQueue1anonymousTypeCosmosSystemKeyEventctor', ID = '839'
Method 'SystemCollectionsGenericIEnumerable1anonymousTypeCosmosHALKeyboardBaseCosmosHALGlobalGetKeyboardDevices', ID = '841'
Method 'SystemVoidCosmosSystemKeyboardManagerAddKeyboardCosmosHALKeyboardBase', ID = '844'
Method 'SystemVoidCosmosCoreIOGroupRTCctor', ID = '846'
Method 'SystemVoidCosmosCore_AsmIOPortImplWrite8SystemUInt16SystemByte', ID = '848'
Method 'SystemByteCosmosCore_AsmIOPortImplRead8SystemUInt16', ID = '849'
Method 'SystemUInt32CosmosHALPITget_T0DelyNS', ID = '852'
Method 'SystemInt32SystemCollectionsGenericList1anonymousTypeCosmosHALPITPITTimerget_Count', ID = '853'
Method 'CosmosHALPITPITTimerSystemCollectionsGenericList1anonymousTypeCosmosHALPITPITTimerget_ItemSystemInt32', ID = '854'
Method 'SystemVoidSystemCollectionsGenericList1anonymousTypeCosmosHALPITPITTimerRemoveAtSystemInt32', ID = '856'
Method 'SystemVoidCosmosCore_AsmDelegateImplInvoke', ID = '701'
Method 'SystemVoidCosmosCoreINTsSetIntHandlerSystemByteCosmosCoreINTsIRQDelegate', ID = '859'
Method 'SystemStringCosmosSystem_PlugsSystemEnumImplToString', ID = '861'
Method 'SystemVoidCosmosSystemConsoleset_ForegroundSystemConsoleColor', ID = '862'
Method 'SystemVoidSystemCollectionsGenericList1anonymousTypeSystemStringctor', ID = '863'
Method 'SystemVoidSystemCollectionsGenericList1anonymousTypeSystemStringcctor', ID = '864'
Method 'SystemVoidSystemCollectionsGenericList1anonymousTypeSystemStringEnsureCapacitySystemInt32', ID = '870'
Method 'SystemVoidSystemCollectionsGenericList1anonymousTypeSystemCharAddWithResizeSystemChar', ID = '876'
Method 'SystemVoidCosmosHALKeyboardBaseWaitForKey', ID = '877'
Method 'SystemInt32SystemCollectionsGenericQueue1anonymousTypeCosmosSystemKeyEventget_Count', ID = '878'
Method 'CosmosSystemKeyEventSystemCollectionsGenericQueue1anonymousTypeCosmosSystemKeyEventDequeue', ID = '879'
Method 'SystemVoidCosmosCore_PlugsSystemStringImplCtorSystemChararraySystemStringSystemInt32SystemCharpointer', ID = '880'
Method 'SystemVoidCosmosCore_AsmRuntimeHelpersImplInitializeArraySystemArraySystemRuntimeFieldHandle', ID = '883'
Method 'SystemStringSystemCharToStringSystemChar', ID = '885'
Method 'SystemStringarraySystemStringSplitInternalSystemCharpointerSystemInt32SystemInt32SystemStringSplitOptions', ID = '891'
Method 'SystemInt32CosmosCore_PlugsSystemStringImplIndexOfSystemCharSystemInt32SystemInt32', ID = '893'
Method 'SystemVoidSystemBufferMemcpySystemBytepointerSystemBytepointerSystemInt32', ID = '895'
Method 'SystemInt32SystemArrayIndexOfSystemStringSystemStringarraySystemStringSystemInt32SystemInt32', ID = '896'
Method 'SystemConsoleColorCosmosSystem_PlugsSystemConsoleImplget_ForegroundColor', ID = '897'
Method 'SystemBooleanCosmosCore_PlugsSystemStringImplEqualsHelperSystemStringSystemString', ID = '898'
Method 'SystemStringSystemStringJoinSystemStringSystemStringarraySystemInt32SystemInt32', ID = '899'
Method 'SystemVoidSystemCollectionsGenericList1EnumeratoranonymousTypeSystemStringctorSystemCollectionsGenericList1anonymousTypeSystemString', ID = '900'
Method 'SystemBooleanSystemCollectionsGenericList1EnumeratoranonymousTypeSystemStringMoveNextRare', ID = '901'
Method 'SystemConsoleKeyInfoCosmosSystem_PlugsSystemConsoleImplReadKeySystemBoolean', ID = '904'
Method 'SystemVoidCosmosHALPowerACPIShutdown', ID = '906'
Method 'SystemBooleanSystemStringEqualsSystemStringSystemString', ID = '907'
Method 'SystemVoidCosmosHALPowerCPUReboot', ID = '908'
Method 'SystemVoidCosmosSystem_PlugsSystemConsoleImplWriteSystemInt32', ID = '909'
Method 'SystemVoidCosmosCore_PlugsSystemEnvironmentImplCCtor', ID = '912'
Method 'SystemVoidSystemTextEncodingcctor', ID = '913'
Method 'SystemInt32SystemTextASCIIEncodingGetByteCountSystemString', ID = '920'
Method 'SystemInt32SystemTextASCIIEncodingGetBytesSystemStringSystemInt32SystemInt32SystemBytearraySystemInt32', ID = '922'
Method 'SystemVoidCosmosCore_PlugsSystemTypeImplCCtor', ID = '926'
Method 'SystemVoidCosmosCoreCosmosRuntimeTypector', ID = '929'
Method 'SystemVoidCosmosCommonStringHelpercctor', ID = '930'
Method 'SystemStringCosmosSystem_PlugsSystemUInt64ImplToString', ID = '931'
Method 'SystemCharCosmosCore_PlugsSystemStringImplget_CharsSystemInt32SystemCharpointer', ID = '932'
Method 'SystemChararrayCosmosCore_PlugsSystemStringImplToCharArray', ID = '933'
Method 'SystemStringSystemSRget_ArgumentOutOfRange_StartIndexLargerThanLength', ID = '934'
Method 'SystemStringSystemSRget_ArgumentOutOfRange_NegativeLength', ID = '935'
Method 'SystemStringSystemSRget_ArgumentOutOfRange_IndexLength', ID = '936'
Method 'SystemStringSystemStringInternalSubStringSystemInt32SystemInt32', ID = '937'
Method 'SystemStringSystemSRget_ArgumentOutOfRange_ActualValue', ID = '938'
Method 'SystemStringSystemSRFormatSystemStringSystemObject', ID = '939'
Method 'SystemStringSystemSRget_Arg_ParamName_Name', ID = '940'
Method 'SystemStringSystemStringToLower', ID = '942'
Method 'SystemStringCosmosSystem_PlugsSystemInt64ImplToString', ID = '943'
Method 'SystemVoidSystemNotImplementedExceptionctor', ID = '946'
Method 'SystemStringCosmosSystem_PlugsSystemUInt16ImplToString', ID = '950'
Method 'SystemVoidCosmosCoreIOGroupPS2Controllerctor', ID = '951'
Method 'SystemVoidCosmosCoreIOGroupPITctor', ID = '952'
Method 'SystemVoidCosmosCoreIOGroupATActorSystemBoolean', ID = '953'
Method 'SystemVoidCosmosCoreIOGroupVBEIOGroupctor', ID = '954'
Method 'SystemVoidCosmosHALTextScreenClear', ID = '955'
Method 'SystemVoidCosmosCoreIOGroupPCIctor', ID = '957'
Method 'SystemVoidCosmosCore_AsmIOPortImplWrite32SystemUInt16SystemUInt32', ID = '958'
Method 'SystemUInt32CosmosCore_AsmIOPortImplRead32SystemUInt16', ID = '959'
Method 'SystemVoidSystemCollectionsGenericList1anonymousTypeCosmosHALPCIDeviceAddWithResizeCosmosHALPCIDevice', ID = '960'
Method 'SystemInvalidOperationExceptionSystemThrowHelperGetInvalidOperationExceptionSystemExceptionResource', ID = '963'
Method 'SystemStringCosmosCommonExtensionsToHexStringConvertToHexSystemUInt32', ID = '965'
Method 'SystemStringSystemSRget_ArgumentNull_Generic', ID = '966'
Method 'SystemVoidCosmosCore_PlugsSystemOutOfMemoryExceptionImplCtor', ID = '968'
Method 'SystemVoidCosmosHALPS2Mousecctor', ID = '970'
Method 'SystemVoidCosmosHALPS2MouseSendCommandCosmosHALPS2MouseCommandSystemNullable1anonymousTypeSystemByte', ID = '971'
Method 'SystemBooleanCosmosHALPS2ControllerWaitForDeviceReset', ID = '972'
Method 'SystemByteCosmosHALPS2MouseTryToEnableScrollWheel', ID = '973'
Method 'SystemByteCosmosHALPS2MouseTryToEnableAdditionalButtons', ID = '974'
Method 'SystemVoidCosmosHALPS2MouseHandleMouseCosmosCoreINTsIRQContext', ID = '975'
Method 'SystemVoidCosmosHALPS2KeyboardSendCommandCosmosHALPS2KeyboardCommandSystemNullable1anonymousTypeSystemByte', ID = '976'
Method 'SystemVoidCosmosHALPS2KeyboardHandleIRQCosmosCoreINTsIRQContext', ID = '977'
Method 'SystemCollectionsGenericList1EnumeratoranonymousTypeCosmosHALPCIDeviceSystemCollectionsGenericList1anonymousTypeCosmosHALPCIDeviceGetEnumerator', ID = '981'
Method 'CosmosHALPCIDeviceSystemCollectionsGenericList1EnumeratoranonymousTypeCosmosHALPCIDeviceget_Current', ID = '982'
Method 'SystemBooleanSystemCollectionsGenericList1EnumeratoranonymousTypeCosmosHALPCIDeviceMoveNext', ID = '983'
Method 'SystemVoidCosmosCoreIOGroupPCSpeakerctor', ID = '985'
Method 'SystemVoidCosmosHALBlockDeviceAtaPiocctor', ID = '987'
Method 'SystemStringCosmosHALBlockDeviceAtaPioToString', ID = '988'
Method 'SystemVoidCosmosHALBlockDeviceAtaPioSelectDriveSystemByte', ID = '989'
Method 'CosmosHALBlockDeviceAtaPioStatusCosmosHALBlockDeviceAtaPioSendCmdCosmosHALBlockDeviceAtaPioCmdSystemBoolean', ID = '990'
Method 'CosmosHALBlockDeviceAtaPioStatusCosmosHALBlockDeviceAtaPioSendCmdCosmosHALBlockDeviceAtaPioCmd', ID = '991'
Method 'SystemVoidCosmosCoreIOPortBaseRead16SystemUInt16array', ID = '992'
Method 'SystemStringCosmosHALBlockDeviceAtaPioGetStringSystemUInt16arraySystemInt32SystemInt32', ID = '993'
Method 'SystemVoidSystemCollectionsGenericList1anonymousTypeCosmosHALBlockDeviceBlockDevicector', ID = '994'
Method 'SystemVoidSystemCollectionsGenericList1anonymousTypeCosmosHALBlockDeviceBlockDevicecctor', ID = '995'
Method 'SystemVoidSystemCollectionsGenericList1anonymousTypeCosmosHALBlockDeviceBlockDeviceEnsureCapacitySystemInt32', ID = '1001'
Method 'SystemInt64SystemBitConverterReadInt64SystemBytearraySystemInt32', ID = '1002'
Method 'SystemInt32SystemBitConverterReadInt32SystemBytearraySystemInt32', ID = '1004'
Method 'SystemVoidSystemArrayCopySystemArraySystemInt64SystemArraySystemInt64SystemInt64', ID = '1005'
Method 'SystemVoidSystemGuidctorSystemBytearray', ID = '1006'
Method 'SystemBooleanSystemGuidop_InequalitySystemGuidSystemGuid', ID = '1009'
Method 'SystemVoidCosmosHALBlockDeviceGPTGPartInfoctorSystemGuidSystemGuidSystemUInt64SystemUInt64', ID = '1010'
Method 'SystemVoidSystemCollectionsGenericList1anonymousTypeCosmosHALBlockDeviceGPTGPartInfoAddCosmosHALBlockDeviceGPTGPartInfo', ID = '1011'
Method 'SystemVoidSystemCollectionsGenericList1anonymousTypeCosmosHALBlockDeviceGPTGPartInfocctor', ID = '1012'
Method 'SystemVoidCosmosDebugKernelPlugsAsmDebuggerAsmDoSendNumberSystemInt32', ID = '1018'
Method 'SystemArgumentOutOfRangeExceptionSystemThrowHelperGetArgumentOutOfRangeExceptionSystemExceptionArgumentSystemExceptionResource', ID = '1019'
Method 'SystemStringCosmosHALBlockDevicePartitionToString', ID = '1022'
Method 'SystemVoidCosmosHALBlockDeviceBlockDeviceCheckDataSizeSystemBytearraySystemUInt64', ID = '1023'
Method 'SystemVoidCosmosHALBlockDeviceAtaPioSelectSectorSystemUInt64SystemUInt64', ID = '1024'
Method 'SystemVoidCosmosCoreIOPortBaseRead8SystemBytearray', ID = '1025'
Method 'SystemVoidCosmosHALBlockDeviceBlockDeviceCheckBlockNoSystemUInt64SystemUInt64', ID = '1026'
Method 'SystemVoidCosmosHALBlockDeviceMBRPartInfoctorSystemByteSystemUInt32SystemUInt32', ID = '1028'
Method 'SystemVoidSystemCollectionsGenericList1anonymousTypeCosmosHALBlockDeviceMBRPartInfoAddCosmosHALBlockDeviceMBRPartInfo', ID = '1029'
Method 'SystemVoidCosmosHALBlockDeviceEBRPartInfoctorSystemByteSystemUInt32SystemUInt32', ID = '1031'
Method 'SystemVoidSystemCollectionsGenericList1anonymousTypeCosmosHALBlockDeviceEBRPartInfoAddCosmosHALBlockDeviceEBRPartInfo', ID = '1032'
Method 'SystemVoidSystemCollectionsGenericList1anonymousTypeCosmosHALBlockDeviceEBRPartInfocctor', ID = '1033'
Method 'SystemVoidSystemCollectionsGenericList1anonymousTypeCosmosHALBlockDeviceMBRPartInfocctor', ID = '1039'
Method 'SystemVoidCosmosCoreIOPortset_WordSystemUInt16', ID = '1046'
Method 'SystemVoidSystemCollectionsGenericList1anonymousTypeCosmosHALBlockDevicePortsStoragePortcctor', ID = '1047'
Method 'SystemUInt32CosmosHALBlockDeviceRegistersPortRegistersget_SSTS', ID = '1055'
Method 'SystemUInt32CosmosHALBlockDeviceRegistersPortRegistersget_SIG', ID = '1056'
Method 'SystemStringSystemSRget_ArgumentOutOfRange_NeedNonNegNum', ID = '1057'
Method 'SystemBooleanCosmosHALBlockDeviceAHCIStopCMDCosmosHALBlockDeviceRegistersPortRegisters', ID = '1058'
Method 'SystemVoidCosmosHALBlockDevicePortsSATAPortResetCosmosHALBlockDeviceRegistersPortRegisters', ID = '1059'
Method 'SystemVoidCosmosHALBlockDeviceRegistersPortRegistersset_CLBSystemUInt32', ID = '1060'
Method 'SystemVoidCosmosHALBlockDeviceRegistersPortRegistersset_FBSystemUInt32', ID = '1061'
Method 'SystemVoidCosmosHALBlockDeviceRegistersPortRegistersset_SERRSystemUInt32', ID = '1062'
Method 'SystemVoidCosmosHALBlockDeviceRegistersPortRegistersset_ISSystemUInt32', ID = '1063'
Method 'SystemVoidCosmosHALBlockDeviceRegistersPortRegistersset_IESystemUInt32', ID = '1064'
Method 'SystemUInt32CosmosHALBlockDeviceRegistersPortRegistersget_CLB', ID = '1065'
Method 'SystemVoidCosmosCoreMemoryBlockFillSystemByte', ID = '1066'
Method 'SystemUInt32CosmosHALBlockDeviceRegistersPortRegistersget_FB', ID = '1067'
Method 'CosmosHALBlockDeviceRegistersHBACommandHeaderarrayCosmosHALBlockDeviceAHCIGetCommandHeaderCosmosHALBlockDeviceRegistersPortRegisters', ID = '1068'
Method 'SystemBooleanCosmosHALBlockDeviceAHCIStartCMDCosmosHALBlockDeviceRegistersPortRegisters', ID = '1069'
Method 'SystemVoidCosmosHALBlockDevicePortsStoragePortctor', ID = '1071'
Method 'SystemUInt32CosmosHALBlockDeviceRegistersPortRegistersget_CMD', ID = '1072'
Method 'SystemVoidCosmosCoreMemoryGroupAHCIctorSystemUInt32', ID = '1073'
Method 'SystemVoidCosmosHALBlockDevicePortsSATASendSATA28CommandCosmosHALBlockDeviceRegistersATACommandsSystemUInt32SystemUInt32', ID = '1074'
Method 'SystemVoidCosmosCoreMemoryBlockRead16SystemUInt16array', ID = '1076'
Method 'SystemStringCosmosHALBlockDevicePortsSATAGetStringSystemUInt16arraySystemInt32SystemInt32', ID = '1077'
Method 'SystemVoidSystemCollectionsGenericList1anonymousTypeCosmosHALBlockDevicePortsStoragePortAddWithResizeCosmosHALBlockDevicePortsStoragePort', ID = '1078'
Method 'SystemStringCosmosCore_PlugsSystemStringImplFormatHelperSystemIFormatProviderSystemStringSystemObjectarray', ID = '1079'
Method 'SystemVoidSystemThrowHelperThrowInvalidOperationException_InvalidOperation_EnumFailedVersion', ID = '1080'
Method 'SystemVoidCosmosSystemScanMapBasector', ID = '1084'
Method 'CosmosSystemKeyEventarraySystemArrayEmptyCosmosSystemKeyEvent', ID = '1086'
Method 'SystemVoidSystemCollectionsGenericList1anonymousTypeCosmosHALKeyboardBaseAddCosmosHALKeyboardBase', ID = '1088'
Method 'SystemCollectionsGenericIEnumerator1anonymousTypeCosmosHALKeyboardBaseSystemCollectionsGenericList1anonymousTypeCosmosHALKeyboardBaseSystemCollectionsGenericIEnumerableTGetEnumerator', ID = '1090'
Method 'SystemVoidCosmosSystemKeyboardManagerHandleScanCodeSystemByteSystemBoolean', ID = '1091'
Method 'SystemVoidCosmosCore_AsmDelegateImplCtorSystemObjectSystemIntPtr', ID = '858'
Method 'SystemVoidSystemCollectionsGenericList1anonymousTypeCosmosHALPITPITTimercctor', ID = '1094'
Method 'SystemVoidCosmosHALPITPITTimerDispose', ID = '1100'
Method 'SystemConsoleColorCosmosSystemConsoleget_Background', ID = '1104'
Method 'SystemVoidSystemCollectionsGenericList1anonymousTypeSystemStringset_CapacitySystemInt32', ID = '1106'
Method 'SystemVoidSystemCollectionsGenericList1anonymousTypeSystemCharcctor', ID = '1107'
Method 'SystemBooleanCosmosCore_PlugsSystemRuntimeCompilerServicesRuntimeHelpersImplIsReferenceOrContainsReferencesanonymousType', ID = '1109'
Method 'SystemVoidSystemCollectionsGenericList1anonymousTypeSystemCharEnsureCapacitySystemInt32', ID = '1110'
Method 'CosmosCoreCPUCosmosCoreGlobalget_CPU', ID = '1111'
Method 'SystemVoidSystemCollectionsGenericQueue1anonymousTypeCosmosSystemKeyEventThrowForEmptyQueue', ID = '1113'
Method 'SystemVoidSystemCollectionsGenericQueue1anonymousTypeCosmosSystemKeyEventMoveNextSystemInt32', ID = '1115'
Method 'SystemStringSystemStringCreateFromCharSystemChar', ID = '1119'
Method 'SystemStringSystemSRget_Arg_EnumIllegalVal', ID = '1120'
Method 'SystemVoidSystemArgumentExceptionctorSystemString', ID = '1121'
Method 'SystemStringarraySystemArrayEmptySystemString', ID = '1122'
Method 'SystemInt32SystemStringMakeSeparatorListSystemCharpointerSystemInt32SystemInt32array', ID = '1123'
Method 'SystemStringarraySystemStringSplitOmitEmptyEntriesSystemInt32arraySystemInt32arraySystemInt32SystemInt32SystemInt32', ID = '1124'
Method 'SystemStringarraySystemStringSplitKeepEmptyEntriesSystemInt32arraySystemInt32arraySystemInt32SystemInt32SystemInt32', ID = '1125'
Method 'SystemVoidCosmosCore_PlugsSystemStringImplcctor', ID = '1126'
Method 'SystemVoidSystemBufferMemmoveSystemBytepointerSystemBytepointerSystemUInt32', ID = '1128'
Method 'SystemVoidSystemThrowHelperThrowArgumentNullExceptionSystemExceptionArgument', ID = '1129'
Method 'SystemVoidSystemThrowHelperThrowStartIndexArgumentOutOfRange_ArgumentOutOfRange_Index', ID = '1130'
Method 'SystemVoidSystemThrowHelperThrowCountArgumentOutOfRange_ArgumentOutOfRange_Count', ID = '1131'
Method 'SystemCollectionsGenericEqualityComparer1anonymousTypeSystemStringSystemCollectionsGenericEqualityComparer1anonymousTypeSystemStringget_Default', ID = '1132'
Method 'SystemInt32SystemCollectionsGenericEqualityComparer1anonymousTypeSystemStringIndexOfSystemStringarraySystemStringSystemInt32SystemInt32', ID = '1133'
Method 'SystemStringSystemStringJoinCoreSystemCharpointerSystemInt32SystemStringarraySystemInt32SystemInt32', ID = '1135'
Method 'SystemConsoleModifiersCosmosSystemKeyEventget_Modifiers', ID = '1136'
Method 'SystemConsoleKeyCosmosSystemConsoleKeyExExtensionsToConsoleKeyCosmosSystemConsoleKeyEx', ID = '1137'
Method 'SystemVoidSystemConsoleKeyInfoctorSystemCharSystemConsoleKeySystemBooleanSystemBooleanSystemBoolean', ID = '1138'
Method 'SystemVoidCosmosCoreACPIShutdown', ID = '1140'
Method 'SystemVoidCosmosCoreCPUReboot', ID = '1141'
Method 'SystemVoidSystemTextASCIIEncodingcctor', ID = '1142'
Method 'SystemVoidSystemTextUTF8EncodingUTF8EncodingSealedctorSystemBoolean', ID = '1144'
Method 'SystemInt32SystemTextEncodingGetByteCountSystemCharpointerSystemInt32SystemTextEncoderNLS', ID = '1147'
Method 'SystemInt32SystemTextASCIIEncodingGetByteCountSystemChararraySystemInt32SystemInt32', ID = '1148'
Method 'SystemStringSystemSRget_ArgumentNull_Array', ID = '1149'
Method 'SystemStringSystemSRget_ArgumentOutOfRange_Index', ID = '1150'
Method 'SystemInt32SystemTextEncodingGetBytesSystemCharpointerSystemInt32SystemBytepointerSystemInt32SystemTextEncoderNLS', ID = '1151'
Method 'SystemInt32SystemTextASCIIEncodingGetBytesSystemChararraySystemInt32SystemInt32SystemBytearraySystemInt32', ID = '1152'
Method 'SystemVoidCosmosHALTextScreenScrollUp', ID = '1153'
Method 'SystemVoidCosmosHALTextScreenset_ItemSystemInt32SystemInt32SystemByte', ID = '1154'
Method 'SystemStringCosmosCoreCosmosRuntimeTypeget_Name', ID = '1156'
Method 'SystemVoidSystemTypector', ID = '1157'
Method 'SystemStringCosmosCommonStringHelperGetNumberStringSystemUInt64', ID = '1161'
Method 'SystemBooleanSystemSRUsingResourceKeys', ID = '1162'
Method 'SystemStringSystemStringJoinSystemStringSystemObjectarray', ID = '1163'
Method 'SystemStringCosmosCommonStringHelperGetNumberStringSystemInt64', ID = '1168'
Method 'SystemStringSystemSRget_Arg_NotImplementedException', ID = '1169'
Method 'SystemVoidCosmosCoreIOPortReadctorSystemUInt16', ID = '1172'
Method 'SystemVoidCosmosCoreIOPortWritectorSystemUInt16', ID = '1173'
Method 'SystemUInt16CosmosCoreIOGroupATAGetBAR0SystemBoolean', ID = '1174'
Method 'SystemUInt16CosmosCoreIOGroupATAGetBAR1SystemBoolean', ID = '1175'
Method 'SystemVoidCosmosCoreIOPortWritectorSystemUInt16SystemUInt16', ID = '1176'
Method 'SystemVoidCosmosCoreIOPortctorSystemUInt16SystemUInt16', ID = '1177'
Method 'SystemVoidCosmosCoreIOPortReadctorSystemUInt16SystemUInt16', ID = '1178'
Method 'SystemVoidCosmosCoreMemoryBlockFillSystemUInt16', ID = '1180'
Method 'SystemVoidCosmosHALTextScreenSetCursorPosSystemInt32SystemInt32', ID = '1181'
Method 'SystemVoidSystemCollectionsGenericList1anonymousTypeCosmosHALPCIDeviceEnsureCapacitySystemInt32', ID = '1182'
Method 'SystemStringSystemThrowHelperGetResourceStringSystemExceptionResource', ID = '1183'
Method 'SystemCharCosmosCommonExtensionsToHexStringDigitToHexCharSystemByte', ID = '1184'
Method 'SystemUInt64CosmosCore_PlugsSystemObjectImplMemberwiseClone', ID = '1186'
Method 'SystemByteCosmosHALPS2Mouseget_PS2Port', ID = '1189'
Method 'SystemVoidCosmosHALPS2ControllerPrepareSecondPortWrite', ID = '1190'
Method 'SystemByteCosmosHALPS2ControllerReadByteAfterAck', ID = '1191'
Method 'SystemBooleanCosmosHALPS2Mouseget_HasScrollWheel', ID = '1192'
Method 'SystemVoidCosmosCore_AsmDelegateImplInvoke', ID = '701'
Method 'SystemByteCosmosHALPS2Keyboardget_PS2Port', ID = '1195'
Method 'SystemVoidCosmosCore_AsmDelegateImplInvoke', ID = '701'
Method 'SystemVoidCosmosHALPS2KeyboardUpdateLeds', ID = '1197'
Method 'SystemVoidSystemCollectionsGenericList1EnumeratoranonymousTypeCosmosHALPCIDevicectorSystemCollectionsGenericList1anonymousTypeCosmosHALPCIDevice', ID = '1198'
Method 'SystemBooleanSystemCollectionsGenericList1EnumeratoranonymousTypeCosmosHALPCIDeviceMoveNextRare', ID = '1199'
Method 'SystemVoidSystemCollectionsGenericList1EnumeratoranonymousTypeCosmosHALPCIDeviceDispose', ID = '1200'
Method 'SystemVoidCosmosHALBlockDeviceAtaPioWait', ID = '1204'
Method 'SystemVoidCosmosHALBlockDeviceAtaPioDebugSystemString', ID = '1207'
Method 'SystemVoidCosmosHALBlockDeviceAtaPioDebugHexSystemStringSystemUInt32', ID = '1208'
Method 'SystemVoidSystemCollectionsGenericList1anonymousTypeCosmosHALBlockDeviceBlockDeviceset_CapacitySystemInt32', ID = '1212'
Method 'SystemVoidSystemThrowHelperThrowArgumentExceptionSystemExceptionResourceSystemExceptionArgument', ID = '1213'
Method 'SystemInt64SystemRuntimeCompilerServicesUnsafeReadUnalignedSystemInt64SystemByte', ID = '1214'
Method 'SystemInt32SystemRuntimeCompilerServicesUnsafeReadUnalignedSystemInt32SystemByte', ID = '1215'
Method 'SystemStringSystemSRget_Arg_GuidArrayCtor', ID = '1216'
Method 'SystemVoidSystemGuidcctor', ID = '1217'
Method 'SystemStringSystemGuidToString', ID = '1218'
Method 'SystemBooleanSystemGuidop_EqualitySystemGuidSystemGuid', ID = '1221'
Method 'SystemVoidSystemCollectionsGenericList1anonymousTypeCosmosHALBlockDeviceGPTGPartInfoAddWithResizeCosmosHALBlockDeviceGPTGPartInfo', ID = '1222'
Method 'SystemStringSystemThrowHelperGetArgumentNameSystemExceptionArgument', ID = '1223'
Method 'SystemVoidCosmosCoreIOPortWriteset_WordSystemUInt16', ID = '1224'
Method 'SystemVoidSystemCollectionsGenericList1anonymousTypeCosmosHALBlockDeviceMBRPartInfoAddWithResizeCosmosHALBlockDeviceMBRPartInfo', ID = '1225'
Method 'SystemVoidSystemCollectionsGenericList1anonymousTypeCosmosHALBlockDeviceEBRPartInfoAddWithResizeCosmosHALBlockDeviceEBRPartInfo', ID = '1227'
Method 'SystemVoidCosmosCore_AsmArrayImplCopySystemArraySystemInt32SystemArraySystemInt32SystemInt32SystemBoolean', ID = '1229'
Method 'SystemVoidCosmosHALBlockDeviceRegistersPortRegistersset_CMDSystemUInt32', ID = '1230'
Method 'SystemVoidCosmosHALBlockDeviceAHCIWaitSystemInt32', ID = '1231'
Method 'SystemUInt32CosmosHALBlockDeviceRegistersPortRegistersget_CI', ID = '1232'
Method 'SystemUInt32CosmosHALBlockDeviceRegistersPortRegistersget_TFD', ID = '1233'
Method 'SystemVoidCosmosHALBlockDeviceAHCIHBAReset', ID = '1234'
Method 'SystemVoidCosmosHALBlockDeviceRegistersPortRegistersset_SCTLSystemUInt32', ID = '1235'
Method 'SystemUInt32CosmosHALBlockDeviceRegistersPortRegistersget_SCTL', ID = '1236'
Method 'SystemVoidCosmosCoreMemoryBlockFillSystemUInt32SystemUInt32SystemByte', ID = '1237'
Method 'SystemVoidCosmosHALBlockDeviceRegistersHBACommandHeaderctorSystemUInt32SystemUInt32', ID = '1240'
Method 'SystemVoidCosmosHALBlockDeviceRegistersHBACommandHeaderset_PRDTLSystemUInt16', ID = '1241'
Method 'SystemVoidCosmosHALBlockDeviceRegistersHBACommandHeaderset_CTBASystemUInt32', ID = '1242'
Method 'SystemVoidCosmosHALBlockDeviceRegistersHBACommandHeaderset_CTBAUSystemUInt32', ID = '1243'
Method 'SystemUInt32CosmosHALBlockDeviceRegistersHBACommandHeaderget_CTBA', ID = '1244'
Method 'SystemVoidCosmosHALBlockDevicePortsSATAcctor', ID = '1245'
Method 'SystemVoidCosmosHALBlockDevicePortsSATAReadBlockSystemUInt64SystemUInt64SystemBytearray', ID = '1246'
Method 'CosmosHALBlockDeviceRegistersPortTypeCosmosHALBlockDevicePortsSATAget_mPortType', ID = '1247'
Method 'SystemStringCosmosHALBlockDevicePortsSATAget_mPortName', ID = '1248'
Method 'SystemUInt32CosmosHALBlockDevicePortsSATAget_mPortNumber', ID = '1249'
Method 'SystemInt32CosmosHALBlockDevicePortsSATAFindCMDSlot', ID = '1251'
Method 'SystemVoidCosmosHALBlockDeviceRegistersHBACommandHeaderset_CFLSystemByte', ID = '1252'
Method 'SystemVoidCosmosHALBlockDeviceRegistersHBACommandHeaderset_WriteSystemByte', ID = '1253'
Method 'SystemUInt16CosmosHALBlockDeviceRegistersHBACommandHeaderget_PRDTL', ID = '1254'
Method 'SystemVoidCosmosHALBlockDeviceRegistersHBACommandTablectorSystemUInt32SystemUInt32', ID = '1255'
Method 'SystemVoidCosmosHALBlockDeviceRegistersHBAPRDTEntryset_DBASystemUInt32', ID = '1257'
Method 'SystemVoidCosmosHALBlockDeviceRegistersHBAPRDTEntryset_DBCSystemUInt32', ID = '1258'
Method 'SystemVoidCosmosHALBlockDeviceRegistersHBAPRDTEntryset_InterruptOnCompletionSystemByte', ID = '1259'
Method 'SystemUInt32CosmosHALBlockDeviceRegistersHBACommandTableget_CFIS', ID = '1260'
Method 'SystemVoidCosmosHALBlockDeviceRegistersFISRegisterH2DctorSystemUInt32', ID = '1261'
Method 'SystemVoidCosmosHALBlockDeviceRegistersFISRegisterH2Dset_FISTypeSystemByte', ID = '1262'
Method 'SystemVoidCosmosHALBlockDeviceRegistersFISRegisterH2Dset_IsCommandSystemByte', ID = '1263'
Method 'SystemVoidCosmosHALBlockDeviceRegistersFISRegisterH2Dset_CommandSystemByte', ID = '1264'
Method 'SystemVoidCosmosHALBlockDeviceRegistersFISRegisterH2Dset_DeviceSystemByte', ID = '1265'
Method 'SystemVoidCosmosHALBlockDeviceRegistersFISRegisterH2Dset_LBA0SystemByte', ID = '1266'
Method 'SystemVoidCosmosHALBlockDeviceRegistersFISRegisterH2Dset_LBA1SystemByte', ID = '1267'
Method 'SystemVoidCosmosHALBlockDeviceRegistersFISRegisterH2Dset_LBA2SystemByte', ID = '1268'
Method 'SystemVoidCosmosHALBlockDeviceRegistersFISRegisterH2Dset_CountLSystemByte', ID = '1269'
Method 'SystemVoidCosmosHALBlockDeviceRegistersPortRegistersset_CISystemUInt32', ID = '1271'
Method 'SystemUInt32CosmosHALBlockDeviceRegistersPortRegistersget_IS', ID = '1272'
Method 'SystemVoidSystemCollectionsGenericList1anonymousTypeCosmosHALBlockDevicePortsStoragePortEnsureCapacitySystemInt32', ID = '1273'
Method 'SystemVoidSystemFormatExceptionctorSystemString', ID = '1275'
Method 'SystemInt32CosmosCommonStringHelperGetStringToNumberSystemString', ID = '1276'
Method 'SystemBooleanSystemCharIsDigitSystemChar', ID = '1277'
Method 'SystemVoidSystemCollectionsGenericList1anonymousTypeCosmosHALKeyboardBasecctor', ID = '1278'
Method 'SystemVoidSystemCollectionsGenericList1anonymousTypeCosmosHALKeyboardBaseAddWithResizeCosmosHALKeyboardBase', ID = '1290'
Method 'SystemVoidSystemCollectionsGenericList1EnumeratoranonymousTypeCosmosHALKeyboardBasectorSystemCollectionsGenericList1anonymousTypeCosmosHALKeyboardBase', ID = '1291'
Method 'SystemBooleanCosmosSystemScanMapBaseScanCodeMatchesKeySystemByteCosmosSystemConsoleKeyEx', ID = '1293'
Method 'SystemBooleanCosmosSystemKeyboardManagerget_CapsLock', ID = '1294'
Method 'SystemVoidCosmosSystemKeyboardManagerUpdateLeds', ID = '1295'
Method 'SystemBooleanCosmosSystemKeyboardManagerget_NumLock', ID = '1296'
Method 'SystemBooleanCosmosSystemKeyboardManagerget_ScrollLock', ID = '1297'
Method 'SystemVoidCosmosSystemKeyboardManagerset_ControlPressedSystemBoolean', ID = '1298'
Method 'SystemVoidCosmosSystemKeyboardManagerset_ShiftPressedSystemBoolean', ID = '1299'
Method 'SystemVoidCosmosSystemKeyboardManagerset_AltPressedSystemBoolean', ID = '1300'
Method 'SystemBooleanCosmosSystemKeyboardManagerget_ControlPressed', ID = '1301'
Method 'SystemBooleanCosmosSystemKeyboardManagerget_AltPressed', ID = '1302'
Method 'SystemBooleanCosmosSystemKeyboardManagerGetKeySystemByteCosmosSystemKeyEvent', ID = '1303'
Method 'SystemVoidCosmosSystemKeyboardManagerEnqueueCosmosSystemKeyEvent', ID = '1304'
Method 'SystemVoidCosmosHALPITUnregisterTimerSystemInt32', ID = '1306'
Method 'SystemVoidSystemCollectionsGenericList1anonymousTypeSystemCharset_CapacitySystemInt32', ID = '1309'
Method 'SystemVoidCosmosCore_AsmCPUImplHalt', ID = '1310'
Method 'SystemStringSystemSRget_InvalidOperation_EmptyQueue', ID = '1311'
Method 'SystemBooleanSystemCharIsWhiteSpaceSystemChar', ID = '1316'
Method 'SystemStringSystemStringSubstringSystemInt32', ID = '1317'
Method 'SystemVoidSystemBuffer_MemmoveSystemBytepointerSystemBytepointerSystemUInt32', ID = '1321'
Method 'SystemArgumentNullExceptionSystemThrowHelperGetArgumentNullExceptionSystemExceptionArgument', ID = '1322'
Method 'SystemInt32CosmosCore_PlugsSystemStringImplCompareToSystemString', ID = '1326'
Method 'SystemStringSystemSRget_ArgumentOutOfRange_IndexCountBuffer', ID = '1327'
Method 'SystemStringSystemSRget_ArgumentOutOfRange_ConsoleKey', ID = '1331'
Method 'SystemVoidSystemTextASCIIEncodingASCIIEncodingSealedctor', ID = '1332'
Method 'SystemVoidSystemTextUTF8EncodingctorSystemBoolean', ID = '1334'
Method 'SystemInt32CosmosSystem_PlugsSystemRuntimeRuntimeHelpersImplget_OffsetToStringData', ID = '1335'
Method 'SystemInt32SystemTextASCIIEncodingGetByteCountSystemCharpointerSystemInt32SystemTextEncoderNLS', ID = '1337'
Method 'SystemInt32SystemTextUTF8EncodingGetByteCountSystemCharpointerSystemInt32SystemTextEncoderNLS', ID = '1338'
Method 'SystemInt32SystemTextEncodingGetByteCountSystemCharpointerSystemInt32', ID = '1339'
Method 'SystemInt32SystemTextASCIIEncodingGetBytesSystemCharpointerSystemInt32SystemBytepointerSystemInt32SystemTextEncoderNLS', ID = '1340'
Method 'SystemInt32SystemTextUTF8EncodingGetBytesSystemCharpointerSystemInt32SystemBytepointerSystemInt32SystemTextEncoderNLS', ID = '1341'
Method 'SystemInt32SystemTextEncodingGetBytesSystemCharpointerSystemInt32SystemBytepointerSystemInt32', ID = '1342'
Method 'SystemVoidCosmosCoreMemoryBlockMoveDownSystemUInt32SystemUInt32SystemUInt32', ID = '1343'
Method 'SystemVoidCosmosCoreMemoryBlockFillSystemUInt32SystemUInt32SystemUInt16', ID = '1344'
Method 'SystemVoidCosmosCoreMemoryBlock08set_ItemSystemUInt32SystemByte', ID = '1345'
Method 'SystemVoidCosmosCore_PlugsSystemTypeImplcctor', ID = '1346'
Method 'SystemVoidSystemReflectionMemberInfoctor', ID = '1347'
Method 'SystemStringSystemStringJoinCoreSystemCharpointerSystemInt32SystemObjectarray', ID = '1348'
Method 'SystemGlobalizationCultureInfoCosmosCore_PlugsSystemGlobalizationCultureInfoImplget_CurrentCulture', ID = '1350'
Method 'SystemStringCosmosCore_PlugsSystemStringImplToLowerSystemGlobalizationCultureInfo', ID = '1351'
Method 'SystemVoidCosmosCoreIOPortBasectorSystemUInt16SystemUInt16', ID = '1352'
Method 'SystemVoidSystemCollectionsGenericList1anonymousTypeCosmosHALPCIDeviceset_CapacitySystemInt32', ID = '1353'
Method 'SystemStringSystemSRGetResourceStringSystemString', ID = '1354'
Method 'SystemUInt16CosmosCore_AsmIOPortImplRead16SystemUInt16', ID = '1361'
Method 'SystemArgumentExceptionSystemThrowHelperGetArgumentExceptionSystemExceptionResourceSystemExceptionArgument', ID = '1362'
Method 'SystemStringSystemGuidToStringSystemStringSystemIFormatProvider', ID = '1364'
Method 'SystemVoidSystemCollectionsGenericList1anonymousTypeCosmosHALBlockDeviceGPTGPartInfoEnsureCapacitySystemInt32', ID = '1365'
Method 'SystemVoidSystemCollectionsGenericList1anonymousTypeCosmosHALBlockDeviceMBRPartInfoEnsureCapacitySystemInt32', ID = '1366'
Method 'SystemVoidSystemCollectionsGenericList1anonymousTypeCosmosHALBlockDeviceEBRPartInfoEnsureCapacitySystemInt32', ID = '1367'
Method 'SystemVoidCosmosCore_AsmIOPortImplWrite16SystemUInt16SystemUInt16', ID = '1368'
Method 'SystemVoidCosmosCoreMemoryOperationsFillSystemBytepointerSystemByteSystemInt32', ID = '1370'
Method 'SystemVoidCosmosCoreMemoryBlock16set_ItemSystemUInt32SystemUInt16', ID = '1376'
Method 'SystemVoidCosmosHALBlockDevicePortsSATASendSATA48CommandCosmosHALBlockDeviceRegistersATACommandsSystemUInt64SystemUInt32', ID = '1377'
Method 'SystemVoidCosmosCoreMemoryBlockRead8SystemBytearray', ID = '1378'
Method 'SystemUInt32CosmosHALBlockDeviceRegistersPortRegistersget_SACT', ID = '1379'
Method 'SystemByteCosmosCoreMemoryBlock08get_ItemSystemUInt32', ID = '1380'
Method 'SystemUInt16CosmosCoreMemoryBlock16get_ItemSystemUInt32', ID = '1381'
Method 'SystemVoidCosmosHALBlockDeviceRegistersHBAPRDTEntryctorSystemUInt32SystemUInt32', ID = '1383'
Method 'SystemBooleanSystemStringIsNullOrWhiteSpaceSystemString', ID = '1386'
Method 'SystemBooleanSystemCharIsLatin1SystemChar', ID = '1387'
Method 'SystemGlobalizationUnicodeCategorySystemGlobalizationCharUnicodeInfoGetUnicodeCategorySystemChar', ID = '1388'
Method 'SystemVoidCosmosSystemScanMapsUS_StandardInitKeys', ID = '1389'
Method 'SystemVoidSystemArrayEmptyArray1anonymousTypeCosmosSystemKeyEventcctor', ID = '1393'
Method 'SystemVoidSystemCollectionsGenericList1anonymousTypeCosmosHALKeyboardBaseEnsureCapacitySystemInt32', ID = '1394'
Method 'SystemVoidSystemCollectionsGenericList1EnumeratoranonymousTypeCosmosHALKeyboardBaseDispose', ID = '1395'
Method 'CosmosHALKeyboardBaseSystemCollectionsGenericList1EnumeratoranonymousTypeCosmosHALKeyboardBaseget_Current', ID = '1396'
Method 'SystemBooleanSystemCollectionsGenericList1EnumeratoranonymousTypeCosmosHALKeyboardBaseMoveNext', ID = '1397'
Method 'CosmosSystemKeyMappingSystemCollectionsGenericList1anonymousTypeCosmosSystemKeyMappingget_ItemSystemInt32', ID = '1398'
Method 'SystemInt32SystemCollectionsGenericList1anonymousTypeCosmosSystemKeyMappingget_Count', ID = '1400'
Method 'SystemCollectionsGenericList1EnumeratoranonymousTypeCosmosHALKeyboardBaseSystemCollectionsGenericList1anonymousTypeCosmosHALKeyboardBaseGetEnumerator', ID = '1401'
Method 'SystemBooleanCosmosSystemKeyboardManagerget_ShiftPressed', ID = '1406'
Method 'CosmosSystemKeyEventCosmosSystemScanMapBaseConvertScanCodeSystemByteSystemBooleanSystemBooleanSystemBooleanSystemBooleanSystemBooleanSystemBoolean', ID = '1407'
Method 'SystemVoidSystemCollectionsGenericQueue1anonymousTypeCosmosSystemKeyEventEnqueueCosmosSystemKeyEvent', ID = '1408'
Method 'SystemByteCosmosHALTextScreenGetColor', ID = '1409'
Method 'SystemVoidSystemArrayEmptyArray1anonymousTypeSystemStringcctor', ID = '1410'
Method 'SystemBooleanSystemCharIsWhiteSpaceLatin1SystemChar', ID = '1416'
Method 'SystemBooleanSystemGlobalizationCharUnicodeInfoIsWhiteSpaceSystemChar', ID = '1417'
Method 'SystemVoidSystemCollectionsGenericEqualityComparer1anonymousTypeSystemStringcctor', ID = '1419'
Method 'SystemVoidSystemTextASCIIEncodingctor', ID = '1423'
Method 'SystemInt32SystemTextUTF8EncodingGetByteCountSystemString', ID = '1425'
Method 'SystemInt32SystemTextUTF8EncodingGetBytesSystemStringSystemInt32SystemInt32SystemBytearraySystemInt32', ID = '1426'
Method 'SystemInt32SystemTextUTF8EncodingGetByteCountSystemChararraySystemInt32SystemInt32', ID = '1427'
Method 'SystemInt32SystemTextUTF8EncodingGetBytesSystemChararraySystemInt32SystemInt32SystemBytearraySystemInt32', ID = '1428'
Method 'SystemVoidSystemTextUTF8EncodingctorSystemBooleanSystemBoolean', ID = '1429'
Method 'SystemTextEncoderFallbackSystemTextEncoderget_Fallback', ID = '1432'
Method 'SystemBooleanSystemTextEncoderget_InternalHasFallbackBuffer', ID = '1434'
Method 'SystemTextEncoderFallbackBufferSystemTextEncoderget_FallbackBuffer', ID = '1435'
Method 'SystemStringSystemSRget_Argument_EncoderFallbackNotEmpty', ID = '1437'
Method 'SystemStringSystemTextEncodingget_EncodingName', ID = '1438'
Method 'SystemStringSystemSRFormatSystemStringSystemObjectSystemObject', ID = '1439'
Method 'SystemVoidSystemTextEncoderFallbackBufferInternalInitializeSystemCharpointerSystemCharpointerSystemTextEncoderNLSSystemBoolean', ID = '1440'
Method 'SystemTextEncoderFallbackSystemTextEncodingget_EncoderFallback', ID = '1441'
Method 'SystemBooleanSystemTextEncoderFallbackBufferInternalFallbackSystemCharSystemCharpointer', ID = '1443'
Method 'SystemCharSystemTextEncoderFallbackBufferInternalGetNextChar', ID = '1445'
Method 'SystemBooleanSystemTextUTF8EncodingInRangeSystemInt32SystemInt32SystemInt32', ID = '1448'
Method 'SystemBooleanSystemTextEncoderNLSget_MustFlush', ID = '1449'
Method 'SystemInt32SystemTextUTF8EncodingPtrDiffSystemCharpointerSystemCharpointer', ID = '1450'
Method 'SystemInt32SystemTextASCIIEncodingGetByteCountSystemCharpointerSystemInt32', ID = '1451'
Method 'SystemInt32SystemTextUTF8EncodingGetByteCountSystemCharpointerSystemInt32', ID = '1452'
Method 'SystemStringSystemTextEncoderReplacementFallbackget_DefaultString', ID = '1453'
Method 'SystemVoidSystemTextEncodingThrowBytesOverflowSystemTextEncoderNLSSystemBoolean', ID = '1454'
Method 'SystemInt32SystemTextUTF8EncodingPtrDiffSystemBytepointerSystemBytepointer', ID = '1456'
Method 'SystemInt32SystemTextASCIIEncodingGetBytesSystemCharpointerSystemInt32SystemBytepointerSystemInt32', ID = '1457'
Method 'SystemInt32SystemTextUTF8EncodingGetBytesSystemCharpointerSystemInt32SystemBytepointerSystemInt32', ID = '1458'
Method 'SystemVoidCosmosCoreMemoryOperationsFillSystemUInt16pointerSystemUInt16SystemInt32', ID = '1460'
Method 'SystemTextStringBuilderSystemTextStringBuilderCacheAcquireSystemInt32', ID = '1462'
Method 'SystemTextStringBuilderSystemTextStringBuilderAppendSystemString', ID = '1463'
Method 'SystemTextStringBuilderSystemTextStringBuilderAppendSystemCharpointerSystemInt32', ID = '1464'
Method 'SystemStringSystemTextStringBuilderCacheGetStringAndReleaseSystemTextStringBuilder', ID = '1465'
Method 'SystemStringSystemGlobalizationCultureInfoToString', ID = '1467'
Method 'SystemStringCosmosCore_PlugsSystemStringImplChangeCasingSystemStringSystemInt32SystemInt32SystemInt32', ID = '1469'
Method 'SystemStringSystemSRget_Format_InvalidGuidFormatSpecification', ID = '1470'
Method 'SystemInt32SystemGuidHexsToCharsSystemCharpointerSystemInt32SystemInt32', ID = '1471'
Method 'SystemInt32SystemGuidHexsToCharsHexOutputSystemCharpointerSystemInt32SystemInt32', ID = '1472'
Method 'SystemVoidSystemCollectionsGenericList1anonymousTypeCosmosHALBlockDeviceGPTGPartInfoset_CapacitySystemInt32', ID = '1473'
Method 'SystemVoidSystemCollectionsGenericList1anonymousTypeCosmosHALBlockDeviceMBRPartInfoset_CapacitySystemInt32', ID = '1474'
Method 'SystemVoidSystemCollectionsGenericList1anonymousTypeCosmosHALBlockDeviceEBRPartInfoset_CapacitySystemInt32', ID = '1475'
Method 'SystemVoidCosmosHALBlockDeviceRegistersFISRegisterH2Dset_LBA3SystemByte', ID = '1478'
Method 'SystemVoidCosmosHALBlockDeviceRegistersFISRegisterH2Dset_LBA4SystemByte', ID = '1479'
Method 'SystemVoidCosmosHALBlockDeviceRegistersFISRegisterH2Dset_LBA5SystemByte', ID = '1480'
Method 'SystemVoidCosmosHALBlockDeviceRegistersFISRegisterH2Dset_CountHSystemByte', ID = '1481'
Method 'SystemVoidSystemCollectionsGenericList1anonymousTypeCosmosSystemKeyMappingctorSystemInt32', ID = '1485'
Method 'SystemVoidCosmosSystemKeyMappingctorSystemByteCosmosSystemConsoleKeyEx', ID = '1486'
Method 'SystemVoidSystemCollectionsGenericList1anonymousTypeCosmosSystemKeyMappingAddCosmosSystemKeyMapping', ID = '1487'
Method 'SystemVoidCosmosSystemKeyMappingctorSystemByteSystemCharSystemCharSystemCharSystemCharSystemCharSystemCharCosmosSystemConsoleKeyEx', ID = '1488'
Method 'SystemVoidCosmosSystemKeyMappingctorSystemByteSystemCharCosmosSystemConsoleKeyEx', ID = '1489'
Method 'SystemVoidCosmosSystemKeyMappingctorSystemByteSystemCharSystemCharSystemCharSystemCharSystemCharSystemCharCosmosSystemConsoleKeyExCosmosSystemConsoleKeyEx', ID = '1490'
Method 'SystemVoidSystemCollectionsGenericList1anonymousTypeCosmosHALKeyboardBaseset_CapacitySystemInt32', ID = '1491'
Method 'SystemBooleanSystemCollectionsGenericList1EnumeratoranonymousTypeCosmosHALKeyboardBaseMoveNextRare', ID = '1492'
Method 'SystemVoidCosmosSystemKeyEventctor', ID = '1494'
Method 'SystemVoidCosmosSystemKeyEventset_ModifiersSystemConsoleModifiers', ID = '1495'
Method 'SystemVoidCosmosSystemKeyEventset_TypeCosmosSystemKeyEventKeyEventType', ID = '1496'
Method 'SystemVoidCosmosSystemKeyEventset_KeyCharSystemChar', ID = '1497'
Method 'SystemVoidCosmosSystemKeyEventset_KeyCosmosSystemConsoleKeyEx', ID = '1498'
Method 'SystemVoidSystemCollectionsGenericQueue1anonymousTypeCosmosSystemKeyEventSetCapacitySystemInt32', ID = '1499'
Method 'SystemVoidCosmosCore_PlugsSystemBufferImpl__MemmoveSystemBytepointerSystemBytepointerSystemUInt32', ID = '1500'
Method 'SystemVoidSystemTextEncodingctorSystemInt32', ID = '1503'
Method 'SystemVoidSystemTextUTF8Encodingcctor', ID = '1504'
Method 'SystemVoidSystemTextEncodingSetDefaultFallbacks', ID = '1505'
Method 'SystemTextEncoderFallbackSystemTextEncoderFallbackget_ReplacementFallback', ID = '1507'
Method 'SystemInt32SystemTextEncoderReplacementFallbackget_MaxCharCount', ID = '1508'
Method 'SystemBooleanSystemCharIsHighSurrogateSystemChar', ID = '1510'
Method 'SystemBooleanSystemCharIsLowSurrogateSystemChar', ID = '1511'
Method 'SystemInt32SystemCharConvertToUtf32SystemCharSystemChar', ID = '1512'
Method 'SystemVoidSystemTextEncoderFallbackBufferThrowLastCharRecursiveSystemInt32', ID = '1513'
Method 'SystemTextEncoderFallbackBufferSystemTextEncoderReplacementFallbackCreateFallbackBuffer', ID = '1516'
Method 'SystemTextEncoderFallbackBufferCosmosCore_PlugsSystemTextEncoderFallbackImplCreateFallbackBuffer', ID = '1517'
Method 'SystemVoidSystemTextEncoderFallbackBufferInternalReset', ID = '1519'
Method 'SystemVoidSystemTextEncodingThrowBytesOverflow', ID = '1520'
Method 'SystemVoidSystemTextEncoderNLSClearMustFlush', ID = '1521'
Method 'SystemVoidCosmosCore_PlugsMemoryOperationsMemoryOperationsImplCopySystemBytepointerSystemBytepointerSystemInt32', ID = '1522'
Method 'SystemInt32SystemTextStringBuilderget_Capacity', ID = '1527'
Method 'SystemTextStringBuilderSystemTextStringBuilderClear', ID = '1528'
Method 'SystemVoidSystemTextStringBuilderctorSystemInt32', ID = '1529'
Method 'SystemVoidSystemTextStringBuilderAppendHelperSystemString', ID = '1530'
Method 'SystemInt32SystemTextStringBuilderget_Length', ID = '1531'
Method 'SystemStringSystemSRget_ArgumentOutOfRange_LengthGreaterThanCapacity', ID = '1532'
Method 'SystemVoidSystemTextStringBuilderThreadSafeCopySystemCharpointerSystemChararraySystemInt32SystemInt32', ID = '1533'
Method 'SystemVoidSystemTextStringBuilderExpandByABlockSystemInt32', ID = '1534'
Method 'SystemVoidSystemTextStringBuilderCacheReleaseSystemTextStringBuilder', ID = '1535'
Method 'SystemVoidCosmosCore_PlugsSystemGlobalizationCultureInfoImplCCtor', ID = '1536'
Method 'SystemCharSystemGuidHexToCharSystemInt32', ID = '1537'
Method 'SystemVoidCosmosCore_PlugsMemoryOperationsMemoryOperationsImplFillSystemBytepointerSystemInt32SystemInt32', ID = '1538'
Method 'SystemByteCosmosCore_PlugsSystemGlobalizationCharUnicodeInfoImplInternalGetUnicodeCategorySystemInt32', ID = '1540'
Method 'SystemVoidSystemCollectionsGenericList1anonymousTypeCosmosSystemKeyMappingAddWithResizeCosmosSystemKeyMapping', ID = '1542'
Method 'SystemVoidCosmosSystemKeyMappingctorSystemByteSystemCharSystemCharSystemCharSystemCharSystemCharSystemCharSystemCharSystemCharSystemCharSystemCharCosmosSystemConsoleKeyEx', ID = '1543'
Method 'SystemVoidCosmosSystemKeyMappingctorSystemByteSystemCharSystemCharSystemCharSystemCharSystemCharSystemCharSystemCharCosmosSystemConsoleKeyExCosmosSystemConsoleKeyEx', ID = '1544'
Method 'SystemVoidSystemCollectionsGenericList1anonymousTypeCosmosSystemKeyMappingcctor', ID = '1545'
Method 'SystemTypeCosmosCore_PlugsSystemTypeImplGetTypeFromHandleSystemUInt64', ID = '1554'
Method 'SystemObjectCosmosCore_PlugsSystemCollectionsGenericComparerHelpersImplCreateDefaultEqualityComparerSystemType', ID = '1556'
Method 'SystemVoidSystemTextASCIIEncodingSetDefaultFallbacks', ID = '1558'
Method 'SystemVoidSystemTextUTF8EncodingSetDefaultFallbacks', ID = '1559'
Method 'SystemVoidSystemTextInternalEncoderBestFitFallbackctorSystemTextEncoding', ID = '1560'
Method 'SystemVoidSystemTextInternalDecoderBestFitFallbackctorSystemTextEncoding', ID = '1561'
Method 'SystemVoidSystemThreadingMonitorEnterSystemObjectSystemBoolean', ID = '1564'
Method 'SystemVoidSystemTextEncoderReplacementFallbackctor', ID = '1565'
Method 'SystemStringSystemSRget_ArgumentOutOfRange_InvalidHighSurrogate', ID = '1567'
Method 'SystemStringSystemSRget_ArgumentOutOfRange_InvalidLowSurrogate', ID = '1568'
Method 'SystemStringSystemSRget_Argument_RecursiveFallback', ID = '1569'
Method 'SystemVoidSystemTextEncoderReplacementFallbackBufferctorSystemTextEncoderReplacementFallback', ID = '1570'
Method 'SystemVoidSystemTextEncoderFallbackBufferReset', ID = '1572'
Method 'SystemStringSystemSRget_Argument_EncodingConversionOverflowBytes', ID = '1573'
Method 'SystemVoidCosmosCore_PlugsMemoryOperationsMemoryOperationsImplCopyTinySystemBytepointerSystemBytepointerSystemInt32', ID = '1575'
Method 'SystemInt32SystemMathDivRemSystemInt32SystemInt32SystemInt32', ID = '1576'
Method 'SystemVoidCosmosCore_PlugsMemoryOperationsMemoryOperationsImplCopy128BlocksSystemBytepointerSystemBytepointerSystemInt32', ID = '1577'
Method 'SystemStringSystemTextStringBuilderToString', ID = '1578'
Method 'SystemVoidSystemTextStringBuilderset_LengthSystemInt32', ID = '1579'
Method 'SystemVoidSystemTextStringBuilderctorSystemInt32SystemInt32', ID = '1580'
Method 'SystemStringSystemSRget_ArgumentOutOfRange_SmallCapacity', ID = '1581'
Method 'SystemInt32SystemMathMinSystemInt32SystemInt32', ID = '1582'
Method 'SystemInt32SystemMathMaxSystemInt32SystemInt32', ID = '1583'
Method 'SystemVoidSystemTextStringBuilderctorSystemTextStringBuilder', ID = '1584'
Method 'SystemVoidCosmosCore_PlugsMemoryOperationsMemoryOperationsImplFill16BlocksSystemBytepointerSystemInt32SystemInt32', ID = '1585'
Method 'SystemVoidCosmosCore_PlugsSystemCharUnicodeInfoImplCctor', ID = '1586'
Method 'SystemVoidSystemCollectionsGenericList1anonymousTypeCosmosSystemKeyMappingEnsureCapacitySystemInt32', ID = '1588'
Method 'SystemVoidCosmosSystemKeyMappingctorSystemByteSystemCharSystemCharSystemCharSystemCharSystemCharSystemCharSystemCharSystemCharSystemCharSystemCharCosmosSystemConsoleKeyExCosmosSystemConsoleKeyEx', ID = '1589'
Method 'SystemVoidCosmosCore_PlugsSystemCollectionsGenericByteEqualityComparerctor', ID = '1593'
Method 'SystemVoidCosmosCore_PlugsSystemCollectionsGenericSByteEqualityComparerctor', ID = '1595'
Method 'SystemVoidCosmosCore_PlugsSystemCollectionsGenericStringEqualityComparerctor', ID = '1596'
Method 'SystemVoidCosmosCore_PlugsSystemCollectionsGenericInt32EqualityComparerctor', ID = '1597'
Method 'SystemVoidCosmosCore_PlugsSystemCollectionsGenericUInt32EqualityComparerctor', ID = '1598'
Method 'SystemVoidCosmosCore_PlugsSystemCollectionsGenericInt64EqualityComparerctor', ID = '1599'
Method 'SystemVoidCosmosCore_PlugsSystemCollectionsGenericUInt64EqualityComparerctor', ID = '1600'
Method 'SystemVoidCosmosCore_PlugsSystemCollectionsGenericCharEqualityComparerctor', ID = '1601'
Method 'SystemVoidCosmosCore_PlugsSystemCollectionsGenericInt16EqualityComparerctor', ID = '1603'
Method 'SystemVoidCosmosCore_PlugsSystemCollectionsGenericUInt16EqualityComparerctor', ID = '1604'
Method 'SystemVoidCosmosCore_PlugsSystemCollectionsGenericGuidEqualityComparerctor', ID = '1605'
Method 'SystemVoidCosmosCore_PlugsSystemCollectionsGenericObjectEqualityComparerctor', ID = '1606'
Method 'SystemTextDecoderFallbackSystemTextDecoderFallbackget_ReplacementFallback', ID = '1607'
Method 'SystemTextEncoderFallbackSystemTextEncoderFallbackget_ExceptionFallback', ID = '1608'
Method 'SystemTextDecoderFallbackSystemTextDecoderFallbackget_ExceptionFallback', ID = '1609'
Method 'SystemVoidSystemTextEncoderReplacementFallbackctorSystemString', ID = '1610'
Method 'SystemVoidSystemTextDecoderReplacementFallbackctorSystemString', ID = '1611'
Method 'SystemVoidSystemTextEncoderFallbackctor', ID = '1613'
Method 'SystemVoidSystemTextDecoderFallbackctor', ID = '1615'
Method 'SystemObjectCosmosCore_PlugsSystemTextEncoderFallbackImplget_InternalSyncObject', ID = '1617'
Method 'SystemVoidSystemThreadingMonitorThrowLockTakenException', ID = '1620'
Method 'SystemVoidCosmosCore_PlugsSystemThreadingMonitorImplExitSystemObject', ID = '1622'
Method 'SystemVoidSystemTextEncoderFallbackBufferctor', ID = '1624'
Method 'SystemVoidSystemTextEncoderReplacementFallbackBufferReset', ID = '1625'
Method 'SystemVoidCosmosCore_PlugsMemoryOperationsMemoryOperationsImplCopy64BytesSystemBytepointerSystemBytepointer', ID = '1626'
Method 'SystemVoidCosmosCore_PlugsMemoryOperationsMemoryOperationsImplCopy16BytesSystemBytepointerSystemBytepointer', ID = '1627'
Method 'SystemVoidCosmosCore_PlugsMemoryOperationsMemoryOperationsImplCopy32BytesSystemBytepointerSystemBytepointer', ID = '1628'
Method 'SystemVoidCosmosCore_PlugsMemoryOperationsMemoryOperationsImplCopy128BytesSystemBytepointerSystemBytepointer', ID = '1629'
Method 'SystemInt32SystemTextStringBuilderget_MaxCapacity', ID = '1631'
Method 'SystemTextStringBuilderSystemTextStringBuilderAppendSystemCharSystemInt32', ID = '1632'
Method 'SystemTextStringBuilderSystemTextStringBuilderFindChunkForIndexSystemInt32', ID = '1633'
Method 'SystemStringSystemSRget_ArgumentOutOfRange_Capacity', ID = '1634'
Method 'SystemStringSystemSRget_ArgumentOutOfRange_SmallMaxCapacity', ID = '1635'
Method 'SystemStringSystemSRget_ArgumentOutOfRange_MustBePositive', ID = '1636'
Method 'SystemVoidSystemCollectionsGenericList1anonymousTypeCosmosSystemKeyMappingset_CapacitySystemInt32', ID = '1638'
Method 'SystemVoidCosmosCore_PlugsSystemCollectionsGenericComparerHelpersImplcctor', ID = '1639'
Method 'SystemVoidCosmosDebugKernelPlugsAsmDebuggerAsmDoBochsBreak', ID = '1640'
Method 'SystemBooleanCosmosCore_PlugsSystemTypeImplop_EqualityCosmosCoreCosmosRuntimeTypeCosmosCoreCosmosRuntimeType', ID = '1641'
Method 'SystemVoidSystemCollectionsGenericEqualityComparer1anonymousTypeSystemBytector', ID = '1643'
Method 'SystemVoidSystemCollectionsGenericEqualityComparer1anonymousTypeSystemSBytector', ID = '1648'
Method 'SystemVoidSystemCollectionsGenericEqualityComparer1anonymousTypeSystemStringctor', ID = '1650'
Method 'SystemVoidSystemCollectionsGenericEqualityComparer1anonymousTypeSystemInt32ctor', ID = '1652'
Method 'SystemVoidSystemCollectionsGenericEqualityComparer1anonymousTypeSystemUInt32ctor', ID = '1654'
Method 'SystemVoidSystemCollectionsGenericEqualityComparer1anonymousTypeSystemInt64ctor', ID = '1656'
Method 'SystemVoidSystemCollectionsGenericEqualityComparer1anonymousTypeSystemUInt64ctor', ID = '1658'
Method 'SystemVoidSystemCollectionsGenericEqualityComparer1anonymousTypeSystemCharctor', ID = '1660'
Method 'SystemVoidSystemCollectionsGenericEqualityComparer1anonymousTypeSystemInt16ctor', ID = '1665'
Method 'SystemVoidSystemCollectionsGenericEqualityComparer1anonymousTypeSystemUInt16ctor', ID = '1667'
Method 'SystemVoidSystemCollectionsGenericEqualityComparer1anonymousTypeSystemGuidctor', ID = '1669'
Method 'SystemVoidSystemCollectionsGenericEqualityComparer1anonymousTypeSystemObjectctor', ID = '1671'
Method 'SystemVoidSystemTextDecoderReplacementFallbackctor', ID = '1674'
Method 'SystemVoidSystemTextEncoderExceptionFallbackctor', ID = '1676'
Method 'SystemVoidSystemTextDecoderExceptionFallbackctor', ID = '1678'
Method 'SystemBooleanSystemCharIsSurrogateSystemStringSystemInt32', ID = '1679'
Method 'SystemBooleanSystemCharIsHighSurrogateSystemStringSystemInt32', ID = '1680'
Method 'SystemStringSystemSRget_Argument_InvalidCharSequenceNoIndex', ID = '1681'
Method 'SystemInt32SystemTextInternalEncoderBestFitFallbackget_MaxCharCount', ID = '1683'
Method 'SystemStringSystemSRget_Argument_MustBeFalse', ID = '1685'
Method 'SystemVoidCosmosCore_PlugsSystemThreadingMonitorImplReliableEnterSystemObjectSystemBoolean', ID = '1686'
Method 'SystemInt32SystemTextEncoderReplacementFallbackBufferget_Remaining', ID = '1688'
Method 'SystemBooleanSystemTextEncoderReplacementFallbackBufferMovePrevious', ID = '1689'
Method 'SystemBooleanSystemTextEncoderReplacementFallbackBufferFallbackSystemCharSystemCharSystemInt32', ID = '1690'
Method 'SystemBooleanSystemTextEncoderReplacementFallbackBufferFallbackSystemCharSystemInt32', ID = '1691'
Method 'SystemCharSystemTextEncoderReplacementFallbackBufferGetNextChar', ID = '1692'
Method 'SystemVoidSystemMathcctor', ID = '1693'
Method 'SystemStringCosmosSystem_PlugsSystemSByteImplToString', ID = '1697'
Method 'SystemBooleanCosmosCore_PlugsSystemCollectionsGenericStringEqualityComparerEqualsSystemStringSystemString', ID = '1700'
Method 'SystemStringCosmosSystem_PlugsSystemInt16ImplToString', ID = '1711'
Method 'SystemObjectCosmosCore_PlugsSystemTextDecoderFallbackImplget_InternalSyncObject', ID = '1720'
Method 'SystemBooleanSystemCharIsSurrogateSystemChar', ID = '1723'
Method 'SystemTextEncoderFallbackBufferCosmosCore_PlugsSystemTextInternalEncoderBestFitFallbackImplCreateFallbackBuffer', ID = '1724'
Method 'SystemStringSystemSRget_ArgumentOutOfRange_Range', ID = '1725'
Method 'SystemVoidSystemCollectionsGenericEqualityComparer1anonymousTypeSystemBytecctor', ID = '1729'
Method 'SystemVoidSystemCollectionsGenericEqualityComparer1anonymousTypeSystemSBytecctor', ID = '1732'
Method 'SystemVoidSystemCollectionsGenericEqualityComparer1anonymousTypeSystemInt32cctor', ID = '1733'
Method 'SystemVoidSystemCollectionsGenericEqualityComparer1anonymousTypeSystemUInt32cctor', ID = '1734'
Method 'SystemVoidSystemCollectionsGenericEqualityComparer1anonymousTypeSystemInt64cctor', ID = '1735'
Method 'SystemVoidSystemCollectionsGenericEqualityComparer1anonymousTypeSystemUInt64cctor', ID = '1736'
Method 'SystemVoidSystemCollectionsGenericEqualityComparer1anonymousTypeSystemCharcctor', ID = '1737'
Method 'SystemVoidSystemCollectionsGenericEqualityComparer1anonymousTypeSystemInt16cctor', ID = '1740'
Method 'SystemVoidSystemCollectionsGenericEqualityComparer1anonymousTypeSystemUInt16cctor', ID = '1741'
Method 'SystemVoidSystemCollectionsGenericEqualityComparer1anonymousTypeSystemGuidcctor', ID = '1742'
Method 'SystemVoidSystemCollectionsGenericEqualityComparer1anonymousTypeSystemObjectcctor', ID = '1743'
Method 'SystemInt32SystemTextEncoderExceptionFallbackget_MaxCharCount', ID = '1745'
Method 'SystemTextEncoderFallbackBufferSystemTextEncoderExceptionFallbackCreateFallbackBuffer', ID = '1746'
Method 'SystemVoidSystemTextEncoderExceptionFallbackBufferctor', ID = '1759'
Method 'SystemInt32SystemTextEncoderExceptionFallbackBufferget_Remaining', ID = '1761'
Method 'SystemBooleanSystemTextEncoderExceptionFallbackBufferMovePrevious', ID = '1762'
Method 'SystemBooleanSystemTextEncoderExceptionFallbackBufferFallbackSystemCharSystemCharSystemInt32', ID = '1763'
Method 'SystemBooleanSystemTextEncoderExceptionFallbackBufferFallbackSystemCharSystemInt32', ID = '1764'
Method 'SystemCharSystemTextEncoderExceptionFallbackBufferGetNextChar', ID = '1765'
Method 'SystemStringSystemSRget_Argument_InvalidCodePageConversionIndex', ID = '1766'
Method 'SystemVoidSystemTextEncoderFallbackExceptionctorSystemStringSystemCharSystemCharSystemInt32', ID = '1767'
Method 'SystemVoidSystemTextEncoderFallbackExceptionctorSystemStringSystemCharSystemInt32', ID = '1768'
'1768'
