Method 'SystemVoidCosmosSystemKernelStart', ID = '0'
Method 'SystemVoidCosmosIL2CPURuntimeEngineInitializeApplication', ID = '1'
Method 'SystemVoidCosmosIL2CPURuntimeEngineFinalizeApplicationSystemInt32', ID = '2'
Method 'SystemBooleanCosmosIL2CPUVTablesImplIsInstanceSystemUInt32SystemUInt32SystemBoolean', ID = '3'
Method 'SystemVoidCosmosIL2CPUVTablesImplSetTypeInfoSystemInt32SystemUInt32SystemUInt32SystemUInt32arraySystemUInt32SystemUInt32arraySystemUInt32arraySystemUInt32SystemUInt32arraySystemUInt32array', ID = '4'
Method 'SystemVoidCosmosIL2CPUVTablesImplSetInterfaceInfoSystemInt32SystemInt32SystemUInt32', ID = '5'
Method 'SystemVoidCosmosIL2CPUVTablesImplSetMethodInfoSystemInt32SystemInt32SystemUInt32SystemUInt32', ID = '6'
Method 'SystemVoidCosmosIL2CPUVTablesImplSetInterfaceMethodInfoSystemInt32SystemInt32SystemUInt32SystemUInt32', ID = '7'
Method 'SystemUInt32CosmosIL2CPUVTablesImplGetMethodAddressForTypeSystemUInt32SystemUInt32', ID = '8'
Method 'SystemUInt32CosmosIL2CPUVTablesImplGetMethodAddressForInterfaceTypeSystemUInt32SystemUInt32', ID = '9'
Method 'SystemVoidCosmosIL2CPUExceptionHelperThrowNotImplementedSystemString', ID = '13'
Method 'SystemVoidCosmosIL2CPUExceptionHelperThrowOverflow', ID = '14'
Method 'SystemVoidCosmosIL2CPUExceptionHelperThrowInvalidOperationSystemString', ID = '15'
Method 'SystemVoidCosmosIL2CPUExceptionHelperThrowArgumentOutOfRangeSystemString', ID = '16'
Method 'SystemVoidSystemArrayctor', ID = '18'
Method 'SystemDelegatearraySystemMulticastDelegateGetInvocationList', ID = '19'
Method 'SystemVoidCosmosIL2CPUExceptionHelperThrowInvalidCastException', ID = '21'
Method 'SystemVoidCosmosIL2CPUExceptionHelperThrowNotFiniteNumberExceptionSystemDouble', ID = '22'
Method 'SystemVoidCosmosIL2CPUExceptionHelperThrowDivideByZeroException', ID = '23'
Method 'SystemVoidCosmosIL2CPUExceptionHelperThrowIndexOutOfRangeException', ID = '24'
Method 'SystemVoidPrismProjectKernelctor', ID = '25'
Method 'SystemVoidCosmosDebugKernelDebuggerSendSystemString', ID = '30'
Method 'SystemVoidCosmosHALBootstrapInit', ID = '34'
Method 'CosmosHALTextScreenBaseCosmosSystemKernelGetTextScreen', ID = '35'
Method 'SystemVoidCosmosSystemGlobalInitCosmosHALTextScreenBase', ID = '36'
Method 'SystemVoidCosmosSystemKernelBeforeRun', ID = '37'
Method 'SystemVoidCosmosHALGlobalEnableInterrupts', ID = '38'
Method 'SystemVoidCosmosSystemKernelAfterRun', ID = '40'
Method 'SystemVoidCosmosIL2CPURuntimeEngineInitializeEngine', ID = '44'
Method 'SystemVoidCosmosIL2CPURuntimeEngineHeap_Initialize', ID = '45'
Method 'SystemVoidCosmosIL2CPURuntimeEngineFinalizeEngine', ID = '47'
Method 'SystemVoidCosmosIL2CPURuntimeEngineExitProcessSystemInt32', ID = '48'
Method 'SystemVoidCosmosIL2CPUVTablesImplDebugSystemString', ID = '54'
Method 'SystemVoidCosmosIL2CPUVTablesImplDebugHexSystemStringSystemUInt32', ID = '55'
Method 'SystemVoidCosmosIL2CPUVTablesImplDebugAndHaltSystemString', ID = '57'
Method 'SystemVoidCosmosDebugKernelPlugsAsmDebuggerAsmSendKernelPanicSystemUInt32', ID = '59'
Method 'SystemVoidCosmosCore_PlugsGCImplementionImplIncRefCountSystemUInt32', ID = '61'
Method 'SystemVoidCosmosCore_PlugsGCImplementionImplDecRefCountSystemUInt32', ID = '62'
Method 'SystemUInt32CosmosCore_PlugsGCImplementionImplAllocNewObjectSystemUInt32', ID = '63'
Method 'SystemVoidSystemNotImplementedExceptionctorSystemString', ID = '65'
Method 'SystemVoidSystemOverflowExceptionctorSystemString', ID = '66'
Method 'SystemVoidSystemInvalidOperationExceptionctorSystemString', ID = '67'
Method 'SystemVoidSystemArgumentOutOfRangeExceptionctorSystemString', ID = '68'
Method 'SystemDelegatearraySystemDelegateGetInvocationList', ID = '79'
Method 'SystemInt32SystemIntPtrop_ExplicitSystemIntPtr', ID = '82'
Method 'SystemVoidSystemInvalidCastExceptionctor', ID = '83'
Method 'SystemVoidSystemNotFiniteNumberExceptionctorSystemDouble', ID = '85'
Method 'SystemVoidSystemDivideByZeroExceptionctor', ID = '86'
Method 'SystemVoidSystemIndexOutOfRangeExceptionctor', ID = '87'
Method 'SystemVoidCosmosSystemKernelctor', ID = '89'
Method 'SystemVoidCosmosSystemGlobalcctor', ID = '91'
Method 'SystemVoidCosmosCore_PlugsSystemExceptionImplCtorSystemString', ID = '95'
Method 'SystemVoidCosmosCoreBootstrapInit', ID = '102'
Method 'SystemVoidCosmosSystemConsolectorCosmosHALTextScreenBase', ID = '104'
Method 'SystemVoidCosmosHALGlobalInitCosmosHALTextScreenBase', ID = '106'
Method 'SystemVoidCosmosSystemGlobalset_NumLockSystemBoolean', ID = '107'
Method 'SystemVoidCosmosSystemGlobalset_CapsLockSystemBoolean', ID = '108'
Method 'SystemVoidCosmosSystemGlobalset_ScrollLockSystemBoolean', ID = '109'
Method 'SystemVoidPrismProjectKernelBeforeRun', ID = '110'
Method 'SystemVoidCosmosCoreCPUEnableInterrupts', ID = '112'
Method 'SystemVoidPrismProjectKernelRun', ID = '113'
Method 'SystemVoidCosmosSystem_PlugsSystemConsoleImplWriteLineSystemString', ID = '115'
Method 'SystemStringSystemValueTypeToString', ID = '116'
Method 'SystemStringSystemStringToString', ID = '117'
Method 'SystemStringSystemBooleanToString', ID = '120'
Method 'SystemStringCosmosCore_PlugsSystemObjectImplToString', ID = '123'
Method 'SystemVoidCosmosIL2CPURuntimeEnginecctor', ID = '124'
Method 'SystemVoidSystemBooleancctor', ID = '130'
Method 'SystemVoidCosmosIL2CPUVTablesImplcctor', ID = '133'
Method 'SystemVoidCosmosDebugKernelDebuggerSendNumberSystemUInt32', ID = '135'
Method 'SystemVoidCosmosCoreMemoryOldGlobalSystemInfoEnsureInitialized', ID = '143'
Method 'SystemUInt32CosmosCoreMemoryOldHeapMemAllocSystemUInt32', ID = '144'
Method 'SystemVoidSystemSystemExceptionctorSystemString', ID = '146'
Method 'SystemVoidSystemExceptionset_HResultSystemInt32', ID = '147'
Method 'SystemVoidSystemArithmeticExceptionctorSystemString', ID = '149'
Method 'SystemStringSystemSRget_Arg_ArgumentOutOfRangeException', ID = '152'
Method 'SystemVoidSystemArgumentExceptionctorSystemStringSystemString', ID = '153'
Method 'SystemVoidCosmosCore_PlugsSystemObjectImplCtor', ID = '154'
Method 'SystemStringSystemSRget_Arg_InvalidCastException', ID = '168'
Method 'SystemVoidSystemDoublecctor', ID = '169'
Method 'SystemVoidSystemArithmeticExceptionctor', ID = '173'
Method 'SystemStringSystemSRget_Arg_DivideByZero', ID = '175'
Method 'SystemStringSystemSRget_Arg_IndexOutOfRangeException', ID = '177'
Method 'SystemVoidCosmosDebugKernelDebuggerctorSystemStringSystemString', ID = '178'
Method 'SystemVoidCosmosDebugKernelPlugsAsmDebuggerAsmDoSendSystemString', ID = '180'
Method 'SystemVoidSystemExceptioncctor', ID = '181'
Method 'SystemVoidCosmosCoreINTsDummy', ID = '185'
Method 'SystemVoidCosmosCorePICctor', ID = '186'
Method 'SystemVoidCosmosHALTextScreenctor', ID = '199'
Method 'SystemVoidCosmosCoreGlobalInit', ID = '202'
Method 'SystemVoidCosmosHALPCISetup', ID = '204'
Method 'SystemVoidCosmosCoreACPIStartSystemBooleanSystemBoolean', ID = '205'
Method 'SystemVoidCosmosHALPS2ControllerInitialize', ID = '207'
Method 'SystemVoidCosmosHALBlockDeviceIDEInitDriver', ID = '208'
Method 'SystemVoidCosmosHALBlockDeviceAHCIInitDriver', ID = '209'
Method 'SystemVoidCosmosSystemKeyboardManagerset_NumLockSystemBoolean', ID = '210'
Method 'SystemVoidCosmosSystemKeyboardManagerset_CapsLockSystemBoolean', ID = '211'
Method 'SystemVoidCosmosSystemKeyboardManagerset_ScrollLockSystemBoolean', ID = '212'
Method 'SystemVoidCosmosHALGlobalcctor', ID = '213'
Method 'SystemVoidPrismProjectUtilsPlayjingle', ID = '217'
Method 'SystemVoidPrismProjectUtilsSetColorSystemConsoleColor', ID = '218'
Method 'SystemVoidPrismProjectCmdsInit', ID = '220'
Method 'SystemVoidPrismProjectUtilsSleepSystemInt32', ID = '221'
Method 'SystemStringSystemStringConcatSystemStringSystemString', ID = '224'
Method 'SystemVoidPrismProjectCmdsParseSystemString', ID = '227'
Method 'SystemVoidSystemConsolecctor', ID = '228'
Method 'SystemStringSystemEnvironmentget_NewLine', ID = '230'
Method 'SystemVoidCosmosSystem_PlugsSystemConsoleImplWriteSystemString', ID = '231'
Method 'SystemStringCosmosSystem_PlugsSystemInt32ImplToString', ID = '233'
Method 'SystemStringCosmosSystem_PlugsSystemUInt32ImplToString', ID = '234'
Method 'SystemStringCosmosSystem_PlugsSystemDoubleImplToString', ID = '235'
Method 'SystemStringCosmosCore_PlugsSystemExceptionImplToString', ID = '236'
Method 'SystemUInt32CosmosCoreMemoryOldGlobalSystemInfoget_TotalDataLookupTableSize', ID = '248'
Method 'SystemBooleanCosmosCoreCPUDisableInterrupts', ID = '252'
Method 'SystemVoidCosmosCoreMemoryOldHeapEnsureIsInitialized', ID = '253'
Method 'CosmosCoreMemoryOldGlobalInformationTablepointerCosmosCoreMemoryOldGlobalSystemInfoget_GlobalInformationTable', ID = '254'
Method 'SystemBooleanCosmosCoreMemoryOldHeapScanDataLookupTableCosmosCoreMemoryOldDataLookupTablepointerSystemUInt32SystemUInt32', ID = '256'
Method 'CosmosCoreMemoryOldDataLookupEntrypointerCosmosCoreMemoryOldDataLookupTableGetEntrySystemUInt32', ID = '259'
Method 'SystemVoidCosmosCoreMemoryOldHeapClearMemorySystemVoidpointerSystemUInt32', ID = '261'
Method 'SystemStringSystemSRGetResourceStringSystemStringSystemString', ID = '266'
Method 'SystemDoubleSystemBitConverterInt64BitsToDoubleSystemInt64', ID = '269'
Method 'SystemStringSystemSRget_Arg_ArithmeticException', ID = '271'
Method 'SystemVoidCosmosCoreBootstrapcctor', ID = '273'
Method 'SystemVoidCosmosCoreINTsHandleInterrupt_DefaultCosmosCoreINTsIRQContext', ID = '276'
Method 'SystemVoidCosmosCoreINTsHandleInterrupt_00CosmosCoreINTsIRQContext', ID = '277'
Method 'SystemVoidCosmosCoreINTsHandleInterrupt_01CosmosCoreINTsIRQContext', ID = '278'
Method 'SystemVoidCosmosCoreINTsHandleInterrupt_02CosmosCoreINTsIRQContext', ID = '279'
Method 'SystemVoidCosmosCoreINTsHandleInterrupt_03CosmosCoreINTsIRQContext', ID = '280'
Method 'SystemVoidCosmosCoreINTsHandleInterrupt_04CosmosCoreINTsIRQContext', ID = '281'
Method 'SystemVoidCosmosCoreINTsHandleInterrupt_05CosmosCoreINTsIRQContext', ID = '282'
Method 'SystemVoidCosmosCoreINTsHandleInterrupt_06CosmosCoreINTsIRQContext', ID = '283'
Method 'SystemVoidCosmosCoreINTsHandleInterrupt_07CosmosCoreINTsIRQContext', ID = '284'
Method 'SystemVoidCosmosCoreINTsHandleInterrupt_08CosmosCoreINTsIRQContext', ID = '285'
Method 'SystemVoidCosmosCoreINTsHandleInterrupt_09CosmosCoreINTsIRQContext', ID = '286'
Method 'SystemVoidCosmosCoreINTsHandleInterrupt_0ACosmosCoreINTsIRQContext', ID = '287'
Method 'SystemVoidCosmosCoreINTsHandleInterrupt_0BCosmosCoreINTsIRQContext', ID = '288'
Method 'SystemVoidCosmosCoreINTsHandleInterrupt_0CCosmosCoreINTsIRQContext', ID = '289'
Method 'SystemVoidCosmosCoreINTsHandleInterrupt_0DCosmosCoreINTsIRQContext', ID = '290'
Method 'SystemVoidCosmosCoreINTsHandleInterrupt_0ECosmosCoreINTsIRQContext', ID = '291'
Method 'SystemVoidCosmosCoreINTsHandleInterrupt_0FCosmosCoreINTsIRQContext', ID = '292'
Method 'SystemVoidCosmosCoreINTsHandleInterrupt_10CosmosCoreINTsIRQContext', ID = '293'
Method 'SystemVoidCosmosCoreINTsHandleInterrupt_11CosmosCoreINTsIRQContext', ID = '294'
Method 'SystemVoidCosmosCoreINTsHandleInterrupt_12CosmosCoreINTsIRQContext', ID = '295'
Method 'SystemVoidCosmosCoreINTsHandleInterrupt_13CosmosCoreINTsIRQContext', ID = '296'
Method 'SystemVoidCosmosCoreINTsHandleInterrupt_20CosmosCoreINTsIRQContext', ID = '297'
Method 'SystemVoidCosmosCoreINTsHandleInterrupt_21CosmosCoreINTsIRQContext', ID = '298'
Method 'SystemVoidCosmosCoreINTsHandleInterrupt_22CosmosCoreINTsIRQContext', ID = '299'
Method 'SystemVoidCosmosCoreINTsHandleInterrupt_23CosmosCoreINTsIRQContext', ID = '300'
Method 'SystemVoidCosmosCoreINTsHandleInterrupt_24CosmosCoreINTsIRQContext', ID = '301'
Method 'SystemVoidCosmosCoreINTsHandleInterrupt_25CosmosCoreINTsIRQContext', ID = '302'
Method 'SystemVoidCosmosCoreINTsHandleInterrupt_26CosmosCoreINTsIRQContext', ID = '303'
Method 'SystemVoidCosmosCoreINTsHandleInterrupt_27CosmosCoreINTsIRQContext', ID = '304'
Method 'SystemVoidCosmosCoreINTsHandleInterrupt_28CosmosCoreINTsIRQContext', ID = '305'
Method 'SystemVoidCosmosCoreINTsHandleInterrupt_29CosmosCoreINTsIRQContext', ID = '306'
Method 'SystemVoidCosmosCoreINTsHandleInterrupt_2ACosmosCoreINTsIRQContext', ID = '307'
Method 'SystemVoidCosmosCoreINTsHandleInterrupt_2BCosmosCoreINTsIRQContext', ID = '308'
Method 'SystemVoidCosmosCoreINTsHandleInterrupt_2CCosmosCoreINTsIRQContext', ID = '309'
Method 'SystemVoidCosmosCoreINTsHandleInterrupt_2DCosmosCoreINTsIRQContext', ID = '310'
Method 'SystemVoidCosmosCoreINTsHandleInterrupt_2ECosmosCoreINTsIRQContext', ID = '311'
Method 'SystemVoidCosmosCoreINTsHandleInterrupt_2FCosmosCoreINTsIRQContext', ID = '312'
Method 'SystemVoidCosmosCoreINTsHandleInterrupt_30CosmosCoreINTsIRQContext', ID = '313'
Method 'SystemVoidCosmosCoreINTsHandleInterrupt_35CosmosCoreINTsIRQContext', ID = '314'
Method 'SystemVoidCosmosCoreINTsHandleInterrupt_40CosmosCoreINTsIRQContext', ID = '315'
Method 'SystemVoidCosmosCoreINTsHandleInterrupt_41CosmosCoreINTsIRQContext', ID = '316'
Method 'SystemVoidCosmosCoreINTsHandleInterrupt_42CosmosCoreINTsIRQContext', ID = '317'
Method 'SystemVoidCosmosCoreINTsHandleInterrupt_43CosmosCoreINTsIRQContext', ID = '318'
Method 'SystemVoidCosmosCoreINTsHandleInterrupt_44CosmosCoreINTsIRQContext', ID = '319'
Method 'SystemVoidCosmosCoreINTsHandleInterrupt_45CosmosCoreINTsIRQContext', ID = '320'
Method 'SystemVoidCosmosCoreINTsHandleInterrupt_46CosmosCoreINTsIRQContext', ID = '321'
Method 'SystemVoidCosmosCoreINTsHandleInterrupt_47CosmosCoreINTsIRQContext', ID = '322'
Method 'SystemVoidCosmosCoreINTsHandleInterrupt_48CosmosCoreINTsIRQContext', ID = '323'
Method 'SystemVoidCosmosCoreINTsHandleInterrupt_49CosmosCoreINTsIRQContext', ID = '324'
Method 'SystemVoidCosmosCoreIOGroupPICctorSystemBoolean', ID = '326'
Method 'SystemVoidCosmosCorePICRemapSystemByteSystemByteSystemByteSystemByte', ID = '327'
Method 'SystemVoidCosmosCore_AsmCPUImplUpdateIDTSystemBoolean', ID = '328'
Method 'SystemVoidCosmosCore_AsmCPUImplInitSSE', ID = '329'
Method 'SystemVoidCosmosCore_AsmCPUImplInitFloat', ID = '330'
Method 'SystemUInt32CosmosCore_AsmMultibootImplGetMBIAddress', ID = '332'
Method 'SystemVoidCosmosCoreIOGroupTextScreenctor', ID = '334'
Method 'SystemVoidCosmosHALTextScreenBasector', ID = '335'
Method 'SystemVoidCosmosSystem_PlugsSystemConsoleImplClear', ID = '344'
Method 'SystemVoidSystemCollectionsGenericList1anonymousTypeCosmosHALPCIDevicector', ID = '346'
Method 'SystemUInt16CosmosHALPCIDeviceGetHeaderTypeSystemUInt16SystemUInt16SystemUInt16', ID = '348'
Method 'SystemVoidCosmosHALPCICheckBusSystemUInt16', ID = '349'
Method 'SystemUInt16CosmosHALPCIDeviceGetVendorIDSystemUInt16SystemUInt16SystemUInt16', ID = '350'
Method 'SystemBooleanCosmosCoreACPIInit', ID = '352'
Method 'SystemVoidCosmosCoreACPIEnable', ID = '353'
Method 'SystemVoidCosmosHALPS2ControllerSendCommandCosmosHALPS2ControllerCommandSystemNullable1anonymousTypeSystemByte', ID = '356'
Method 'SystemByteCosmosHALPS2ControllerReadData', ID = '357'
Method 'SystemBooleanCosmosHALPS2ControllerWaitToReadData', ID = '358'
Method 'SystemVoidSystemNullable1anonymousTypeSystemBytectorSystemByte', ID = '359'
Method 'SystemBooleanCosmosHALPS2ControllerTestPortSystemByte', ID = '360'
Method 'SystemVoidCosmosHALPS2ControllerIdentifyDeviceSystemByteCosmosHALDevice', ID = '361'
Method 'SystemVoidCosmosHALBlockDeviceIDEInitializeCosmosHALBlockDeviceAtaControllerIdEnumCosmosHALBlockDeviceAtaBusPositionEnum', ID = '364'
Method 'SystemVoidCosmosHALBlockDeviceAHCIctorCosmosHALPCIDevice', ID = '367'
Method 'SystemVoidCosmosHALPITctor', ID = '372'
Method 'SystemVoidCosmosHALPS2Controllerctor', ID = '374'
Method 'SystemVoidCosmosCore_AsmCPUImplDoEnableInterrupts', ID = '375'
Method 'SystemVoidCosmosSystem_PlugsSystemConsoleImplWriteLine', ID = '380'
Method 'SystemVoidPrismProjectCmdsprintSystemStringarray', ID = '381'
Method 'SystemVoidCosmosCore_AsmDelegateImplCtorSystemObjectSystemIntPtr', ID = '604'
Method 'SystemVoidPrismProjectCmdsAddCommandSystemStringSystemStringPrismProjectCmdsfunction', ID = '383'
Method 'SystemVoidPrismProjectCmdsaboutSystemStringarray', ID = '384'
Method 'SystemVoidPrismProjectCmdshelpSystemStringarray', ID = '385'
Method 'SystemVoidPrismProjectCmdsshutdownSystemStringarray', ID = '386'
Method 'SystemVoidPrismProjectCmdssystimeSystemStringarray', ID = '387'
Method 'SystemVoidPrismProjectCmdsclearSystemStringarray', ID = '388'
Method 'SystemVoidPrismProjectCmdsjingleSystemStringarray', ID = '389'
Method 'SystemVoidPrismProjectCmdssysinfoSystemStringarray', ID = '390'
Method 'SystemVoidPrismProjectCmdstoneSystemStringarray', ID = '391'
Method 'SystemByteCosmosHALRTCget_Second', ID = '392'
Method 'SystemVoidPrismProjectCmdscctor', ID = '393'
Method 'SystemBooleanSystemStringIsNullOrEmptySystemString', ID = '394'
Method 'SystemVoidSystemStringFillStringCheckedSystemStringSystemInt32SystemString', ID = '397'
Method 'SystemStringCosmosSystem_PlugsSystemConsoleImplReadLine', ID = '398'
Method 'SystemStringarraySystemStringSplitSystemChararray', ID = '400'
Method 'SystemInt32SystemStringIndexOfSystemChar', ID = '402'
Method 'SystemStringSystemStringRemoveSystemInt32SystemInt32', ID = '403'
Method 'SystemCollectionsGenericList1EnumeratoranonymousTypePrismProjectCmdsCommandSystemCollectionsGenericList1anonymousTypePrismProjectCmdsCommandGetEnumerator', ID = '405'
Method 'PrismProjectCmdsCommandSystemCollectionsGenericList1EnumeratoranonymousTypePrismProjectCmdsCommandget_Current', ID = '406'
Method 'SystemBooleanSystemStringEqualsSystemString', ID = '408'
Method 'SystemVoidCosmosCore_AsmDelegateImplInvoke', ID = '662'
Method 'SystemBooleanSystemCollectionsGenericList1EnumeratoranonymousTypePrismProjectCmdsCommandMoveNext', ID = '410'
Method 'SystemVoidPrismProjectUtilsErrorSystemString', ID = '413'
Method 'SystemVoidCosmosSystem_PlugsSystemConsoleImplcctor', ID = '417'
Method 'CosmosSystemConsoleCosmosSystem_PlugsSystemConsoleImplGetConsole', ID = '419'
Method 'SystemBytearraySystemTextEncodingGetBytesSystemString', ID = '421'
Method 'SystemVoidCosmosSystemConsoleWriteSystemBytearray', ID = '422'
Method 'SystemTypeCosmosCore_PlugsSystemObjectImplGetType', ID = '424'
Method 'SystemStringCosmosCommonStringHelperGetNumberStringSystemInt32', ID = '427'
Method 'SystemStringCosmosCommonStringHelperGetNumberStringSystemUInt32', ID = '430'
Method 'SystemStringCosmosCommonStringHelperGetNumberStringSystemDouble', ID = '433'
Method 'SystemVoidCosmosCore_PlugsSystemObjectImplcctor', ID = '435'
Method 'SystemVoidCosmosDebugKernelPlugsAsmDebuggerAsmDoSendNumberSystemUInt32', ID = '436'
Method 'SystemUInt32CosmosCore_AsmCPUImplGetEndOfKernel', ID = '437'
Method 'SystemVoidCosmosCore_AsmCPUImplZeroFillSystemUInt32SystemUInt32', ID = '438'
Method 'SystemVoidCosmosCoreMemoryOldHeapcctor', ID = '439'
Method 'SystemVoidCosmosCoreMemoryOldHeapDoInitializeSystemUInt32', ID = '443'
Method 'SystemVoidSystemSRcctor', ID = '448'
Method 'SystemStringCosmosSystem_PlugsSystemIntPtrImplToString', ID = '451'
Method 'SystemVoidCosmosCoreCPUctor', ID = '454'
Method 'SystemVoidCosmosCoreINTscctor', ID = '455'
Method 'CosmosCorePICCosmosCoreGlobalget_PIC', ID = '457'
Method 'SystemVoidCosmosCorePICEoiSlave', ID = '458'
Method 'SystemVoidCosmosCorePICEoiMaster', ID = '459'
Method 'SystemVoidCosmosCoreINTsHandleExceptionSystemUInt32SystemStringSystemStringCosmosCoreINTsIRQContextSystemUInt32', ID = '460'
Method 'SystemVoidCosmosCore_AsmDelegateImplInvoke', ID = '662'
Method 'SystemVoidCosmosCoreINTsIRQSystemUInt32CosmosCoreINTsIRQContext', ID = '464'
Method 'SystemVoidCosmosCoreIOPortctorSystemUInt16', ID = '467'
Method 'SystemVoidCosmosCoreIOGroupIOGroupctor', ID = '468'
Method 'SystemByteCosmosCoreIOPortget_Byte', ID = '470'
Method 'SystemVoidCosmosCoreIOPortset_ByteSystemByte', ID = '471'
Method 'SystemVoidCosmosCoreIOPortWait', ID = '472'
Method 'SystemVoidCosmosCoreMemoryBlockctorSystemUInt32SystemUInt32', ID = '475'
Method 'SystemVoidCosmosHALDevicector', ID = '476'
Method 'SystemVoidCosmosHALTextScreenSetColorsSystemConsoleColorSystemConsoleColor', ID = '478'
Method 'SystemUInt16CosmosHALTextScreenget_Cols', ID = '480'
Method 'SystemUInt16CosmosHALTextScreenget_Rows', ID = '481'
Method 'SystemVoidCosmosHALTextScreenSetCursorSizeSystemInt32', ID = '482'
Method 'SystemVoidCosmosHALTextScreenSetCursorVisibleSystemBoolean', ID = '483'
Method 'SystemVoidCosmosCoreGlobalcctor', ID = '484'
Method 'SystemVoidCosmosSystemConsoleClear', ID = '485'
Method 'SystemUInt32CosmosHALPCIDeviceGetAddressBaseSystemUInt32SystemUInt32SystemUInt32', ID = '489'
Method 'SystemVoidCosmosCoreIOPortset_DWordSystemUInt32', ID = '492'
Method 'SystemUInt32CosmosCoreIOPortget_DWord', ID = '493'
Method 'SystemVoidCosmosHALPCIDevicectorSystemUInt32SystemUInt32SystemUInt32', ID = '494'
Method 'SystemVoidCosmosHALPCICheckFunctionCosmosHALPCIDevice', ID = '495'
Method 'SystemVoidCosmosCoreACPIcctor', ID = '496'
Method 'SystemUInt32CosmosCoreACPIRSDPAddress', ID = '497'
Method 'SystemInt32CosmosCoreACPIacpiCheckHeaderSystemBytepointerSystemString', ID = '498'
Method 'SystemInt32pointerCosmosCoreACPIfacpgetSystemInt32', ID = '500'
Method 'SystemInt32CosmosCoreACPICompareSystemStringSystemBytepointer', ID = '501'
Method 'SystemByteCosmosCoreACPIfacpbgetSystemInt32', ID = '505'
Method 'SystemStringSystemNullable1anonymousTypeSystemByteToString', ID = '516'
Method 'SystemBooleanCosmosHALPS2ControllerWaitToWrite', ID = '518'
Method 'SystemVoidCosmosCoreIOPortWriteset_ByteSystemByte', ID = '520'
Method 'SystemBooleanSystemNullable1anonymousTypeSystemByteget_HasValue', ID = '521'
Method 'SystemByteSystemNullable1anonymousTypeSystemByteget_Value', ID = '522'
Method 'SystemByteCosmosCoreIOPortReadget_Byte', ID = '523'
Method 'SystemStringCosmosCommonExtensionsToHexStringToHexSystemByte', ID = '525'
Method 'SystemStringSystemStringConcatSystemStringSystemStringSystemStringSystemString', ID = '526'
Method 'SystemStringSystemStringConcatSystemStringarray', ID = '527'
Method 'SystemStringSystemStringConcatSystemStringSystemStringSystemString', ID = '528'
Method 'SystemVoidCosmosHALPS2ControllerSendDeviceCommandCosmosHALPS2ControllerDeviceCommandSystemBooleanSystemNullable1anonymousTypeSystemByte', ID = '530'
Method 'SystemBooleanCosmosHALPS2ControllerReadByteAfterAckWithTimeoutSystemByte', ID = '531'
Method 'SystemVoidCosmosHALPS2MousectorSystemByteSystemByte', ID = '532'
Method 'SystemBooleanCosmosHALPS2ControllerReadDataWithTimeoutSystemByte', ID = '534'
Method 'SystemVoidCosmosHALPS2KeyboardctorSystemByte', ID = '535'
Method 'SystemVoidCosmosHALBlockDeviceIDEcctor', ID = '537'
Method 'SystemVoidCosmosHALBlockDeviceAtaPioctorCosmosCoreIOGroupATACosmosHALBlockDeviceAtaControllerIdEnumCosmosHALBlockDeviceAtaBusPositionEnum', ID = '542'
Method 'CosmosHALBlockDeviceAtaPioSpecLevelCosmosHALBlockDeviceAtaPioget_DriveType', ID = '543'
Method 'SystemVoidSystemCollectionsGenericList1anonymousTypeCosmosHALBlockDeviceBlockDeviceAddCosmosHALBlockDeviceBlockDevice', ID = '546'
Method 'SystemBooleanCosmosHALBlockDeviceGPTIsGPTPartitionCosmosHALBlockDeviceBlockDevice', ID = '549'
Method 'SystemVoidCosmosHALBlockDeviceGPTctorCosmosHALBlockDeviceBlockDevice', ID = '550'
Method 'SystemInt32SystemCollectionsGenericList1anonymousTypeCosmosHALBlockDeviceGPTGPartInfoget_Count', ID = '552'
Method 'SystemVoidCosmosDebugKernelDebuggerSendNumberSystemInt32', ID = '553'
Method 'CosmosHALBlockDeviceGPTGPartInfoSystemCollectionsGenericList1anonymousTypeCosmosHALBlockDeviceGPTGPartInfoget_ItemSystemInt32', ID = '554'
Method 'SystemVoidCosmosHALBlockDevicePartitionctorCosmosHALBlockDeviceBlockDeviceSystemUInt64SystemUInt64', ID = '556'
Method 'SystemVoidCosmosHALBlockDeviceMBRctorSystemBytearray', ID = '558'
Method 'SystemVoidCosmosHALBlockDeviceEBRctorSystemBytearray', ID = '560'
Method 'SystemInt32SystemCollectionsGenericList1anonymousTypeCosmosHALBlockDeviceEBRPartInfoget_Count', ID = '562'
Method 'SystemInt32SystemCollectionsGenericList1anonymousTypeCosmosHALBlockDeviceMBRPartInfoget_Count', ID = '563'
Method 'CosmosHALBlockDeviceMBRPartInfoSystemCollectionsGenericList1anonymousTypeCosmosHALBlockDeviceMBRPartInfoget_ItemSystemInt32', ID = '564'
Method 'SystemVoidCosmosHALBlockDeviceAHCIcctor', ID = '566'
Method 'SystemVoidCosmosHALPCIDeviceEnableBusMasterSystemBoolean', ID = '567'
Method 'SystemVoidCosmosHALPCIDeviceEnableMemorySystemBoolean', ID = '568'
Method 'SystemUInt32CosmosHALPCIBaseAddressBarget_BaseAddress', ID = '569'
Method 'SystemVoidCosmosHALBlockDeviceRegistersGenericRegistersctorSystemUInt32', ID = '571'
Method 'SystemUInt32CosmosHALBlockDeviceRegistersGenericRegistersget_GlobalHostControl', ID = '573'
Method 'SystemVoidCosmosHALBlockDeviceRegistersGenericRegistersset_GlobalHostControlSystemUInt32', ID = '574'
Method 'SystemVoidCosmosHALBlockDeviceAHCIGetCapabilities', ID = '575'
Method 'SystemVoidSystemCollectionsGenericList1anonymousTypeCosmosHALBlockDevicePortsStoragePortset_CapacitySystemInt32', ID = '578'
Method 'SystemVoidCosmosHALBlockDeviceAHCIGetPorts', ID = '579'
Method 'SystemCollectionsGenericList1EnumeratoranonymousTypeCosmosHALBlockDevicePortsStoragePortSystemCollectionsGenericList1anonymousTypeCosmosHALBlockDevicePortsStoragePortGetEnumerator', ID = '580'
Method 'CosmosHALBlockDevicePortsStoragePortSystemCollectionsGenericList1EnumeratoranonymousTypeCosmosHALBlockDevicePortsStoragePortget_Current', ID = '581'
Method 'SystemBooleanSystemCollectionsGenericList1EnumeratoranonymousTypeCosmosHALBlockDevicePortsStoragePortMoveNext', ID = '588'
Method 'SystemVoidCosmosSystemKeyboardManagercctor', ID = '590'
Method 'SystemVoidSystemCollectionsGenericList1anonymousTypeCosmosHALPITPITTimerctor', ID = '592'
Method 'SystemVoidCosmosHALPITHandleIRQCosmosCoreINTsIRQContext', ID = '593'
Method 'SystemVoidCosmosCore_AsmDelegateImplCtorSystemObjectSystemIntPtr', ID = '604'
Method 'SystemVoidCosmosCoreINTsSetIrqHandlerSystemByteCosmosCoreINTsIRQDelegate', ID = '595'
Method 'SystemVoidCosmosHALPITset_T0CountdownSystemUInt16', ID = '596'
Method 'SystemVoidCosmosSystem_PlugsSystemConsoleImplBeepSystemInt32SystemInt32', ID = '597'
Method 'SystemVoidCosmosSystem_PlugsSystemConsoleImplset_ForegroundColorSystemConsoleColor', ID = '600'
Method 'SystemStringSystemStringJoinSystemStringSystemStringarray', ID = '602'
Method 'SystemVoidSystemCollectionsGenericList1anonymousTypePrismProjectCmdsCommandAddPrismProjectCmdsCommand', ID = '605'
Method 'SystemVoidPrismProjectUtilsWarnSystemString', ID = '606'
Method 'SystemBooleanSystemStringop_EqualitySystemStringSystemString', ID = '609'
Method 'SystemCharSystemConsoleKeyInfoget_KeyChar', ID = '611'
Method 'SystemVoidCosmosSystemPowerShutdown', ID = '612'
Method 'SystemVoidCosmosSystemPowerReboot', ID = '613'
Method 'SystemByteCosmosHALRTCget_Hour', ID = '614'
Method 'SystemByteCosmosHALRTCget_Minute', ID = '616'
Method 'SystemInt64CosmosCoreCPUGetCPUCycleSpeed', ID = '618'
Method 'SystemVoidPrismProjectUtilssyetem_messageSystemString', ID = '620'
Method 'SystemVoidPrismProjectUtilsargcheckSystemStringarraySystemInt32SystemInt32', ID = '621'
Method 'SystemVoidCosmosHALRTCWaitForReady', ID = '624'
Method 'SystemByteCosmosHALRTCFromBCDSystemByte', ID = '628'
Method 'SystemVoidSystemCollectionsGenericList1anonymousTypePrismProjectCmdsCommandctor', ID = '629'
Method 'SystemInt32CosmosCore_PlugsSystemStringImplget_LengthSystemInt32', ID = '630'
Method 'SystemStringCosmosCore_PlugsSystemStringImplFastAllocateStringSystemInt32', ID = '631'
Method 'SystemVoidSystemStringwstrcpySystemCharpointerSystemCharpointerSystemInt32', ID = '632'
Method 'SystemVoidSystemCollectionsGenericList1anonymousTypeSystemCharctorSystemInt32', ID = '633'
Method 'CosmosSystemConsoleKeyExCosmosSystemKeyEventget_Key', ID = '634'
Method 'SystemInt32CosmosSystemConsoleget_X', ID = '635'
Method 'SystemVoidSystemCollectionsGenericList1anonymousTypeSystemCharRemoveAtSystemInt32', ID = '636'
Method 'SystemVoidCosmosSystemConsoleset_XSystemInt32', ID = '637'
Method 'SystemCharSystemCollectionsGenericList1anonymousTypeSystemCharget_ItemSystemInt32', ID = '638'
Method 'SystemVoidCosmosSystem_PlugsSystemConsoleImplWriteSystemChar', ID = '639'
Method 'SystemInt32SystemCollectionsGenericList1anonymousTypeSystemCharget_Count', ID = '640'
Method 'SystemCharCosmosSystemKeyEventget_KeyChar', ID = '641'
Method 'SystemVoidSystemCollectionsGenericList1anonymousTypeSystemCharAddSystemChar', ID = '642'
Method 'SystemVoidSystemCollectionsGenericList1anonymousTypeSystemCharctor', ID = '643'
Method 'CosmosSystemKeyEventCosmosSystemKeyboardManagerReadKey', ID = '644'
Method 'SystemChararraySystemCollectionsGenericList1anonymousTypeSystemCharToArray', ID = '645'
Method 'SystemVoidSystemCharcctor', ID = '647'
Method 'SystemStringSystemCharToString', ID = '648'
Method 'SystemStringarraySystemStringSplitInternalSystemChararraySystemInt32SystemStringSplitOptions', ID = '652'
Method 'SystemBooleanCosmosCore_PlugsSystemStringImplContainsSystemString', ID = '653'
Method 'SystemStringSystemSRget_ArgumentOutOfRange_StartIndex', ID = '655'
Method 'SystemVoidSystemArgumentOutOfRangeExceptionctorSystemStringSystemString', ID = '656'
Method 'SystemStringSystemSRget_ArgumentOutOfRange_NegativeCount', ID = '657'
Method 'SystemStringSystemSRget_ArgumentOutOfRange_IndexCount', ID = '658'
Method 'SystemVoidSystemCollectionsGenericList1EnumeratoranonymousTypePrismProjectCmdsCommandctorSystemCollectionsGenericList1anonymousTypePrismProjectCmdsCommand', ID = '660'
Method 'SystemBooleanSystemCollectionsGenericList1EnumeratoranonymousTypePrismProjectCmdsCommandMoveNextRare', ID = '663'
Method 'SystemVoidSystemCollectionsGenericList1EnumeratoranonymousTypePrismProjectCmdsCommandDispose', ID = '667'
Method 'SystemVoidSystemCollectionsGenericList1EnumeratoranonymousTypeCosmosHALBlockDevicePortsStoragePortDispose', ID = '668'
Method 'SystemTextEncodingSystemTextEncodingget_ASCII', ID = '671'
Method 'SystemStringSystemSRget_ArgumentNull_String', ID = '677'
Method 'SystemVoidSystemArgumentNullExceptionctorSystemStringSystemString', ID = '678'
Method 'SystemInt32SystemTextEncodingGetByteCountSystemString', ID = '679'
Method 'SystemInt32SystemTextEncodingGetBytesSystemStringSystemInt32SystemInt32SystemBytearraySystemInt32', ID = '680'
Method 'SystemVoidCosmosSystemConsoleDoLineFeed', ID = '681'
Method 'SystemVoidCosmosSystemConsoleDoCarriageReturn', ID = '682'
Method 'SystemVoidCosmosSystemConsoleDoTab', ID = '683'
Method 'SystemVoidCosmosSystemConsoleWriteSystemByte', ID = '684'
Method 'SystemStringSystemTypeToString', ID = '687'
Method 'SystemVoidCosmosCoreCosmosRuntimeTypectorSystemUInt32', ID = '691'
Method 'SystemInt64SystemBitConverterDoubleToInt64BitsSystemDouble', ID = '693'
Method 'SystemStringSystemStringSubstringSystemInt32SystemInt32', ID = '697'
Method 'SystemStringSystemArgumentOutOfRangeExceptionget_Message', ID = '698'
Method 'SystemStringSystemArgumentExceptionget_Message', ID = '699'
Method 'SystemStringCosmosCore_PlugsSystemExceptionImplget_Message', ID = '700'
Method 'SystemVoidCosmosCore_AsmCPUImplDoDisableInterrupts', ID = '701'
Method 'SystemUInt32CosmosCore_AsmCPUImplGetAmountOfRAM', ID = '702'
Method 'SystemStringCosmosCore_PlugsSystemSRImplInternalGetResourceStringSystemString', ID = '706'
Method 'SystemBooleanCosmosCore_PlugsSystemStringImplEqualsSystemStringSystemStringComparison', ID = '708'
Method 'SystemVoidSystemBitConvertercctor', ID = '712'
Method 'SystemVoidCosmosCoreINTsPutErrorCharSystemInt32SystemInt32SystemChar', ID = '715'
Method 'SystemVoidCosmosCoreINTsPutErrorStringSystemInt32SystemInt32SystemString', ID = '716'
Method 'SystemVoidCosmosCoreIOPortBasectorSystemUInt16', ID = '718'
Method 'SystemVoidCosmosCoreMemoryBlock08ctorSystemUInt32SystemUInt32', ID = '724'
Method 'SystemVoidCosmosCoreMemoryBlock16ctorSystemUInt32SystemUInt32', ID = '725'
Method 'SystemVoidCosmosCoreMemoryBlock32ctorSystemUInt32SystemUInt32', ID = '726'
Method 'SystemVoidCosmosCoreBaseIOGroupsctor', ID = '731'
Method 'SystemVoidCosmosSystemConsoleUpdateCursor', ID = '733'
Method 'SystemVoidSystemCollectionsGenericList1anonymousTypeCosmosHALPCIDevicecctor', ID = '734'
Method 'SystemVoidCosmosHALPCIDevicecctor', ID = '740'
Method 'SystemUInt16CosmosHALPCIDeviceReadRegister16SystemByte', ID = '743'
Method 'SystemByteCosmosHALPCIDeviceReadRegister8SystemByte', ID = '744'
Method 'SystemVoidCosmosHALPCIDeviceset_InterruptLineSystemByte', ID = '745'
Method 'SystemUInt32CosmosHALPCIDeviceReadRegister32SystemByte', ID = '747'
Method 'SystemVoidCosmosHALPCIBaseAddressBarctorSystemUInt32', ID = '748'
Method 'SystemVoidSystemCollectionsGenericList1anonymousTypeCosmosHALPCIDeviceAddCosmosHALPCIDevice', ID = '749'
Method 'SystemBooleanCosmosCoreACPICheck_RSDSystemUInt32', ID = '751'
Method 'SystemVoidSystemThrowHelperThrowInvalidOperationExceptionSystemExceptionResource', ID = '755'
Method 'SystemStringCosmosSystem_PlugsSystemByteImplToString', ID = '757'
Method 'SystemStringCosmosCommonExtensionsToHexStringConvertToHexSystemUInt32SystemInt32', ID = '759'
Method 'SystemVoidSystemArgumentNullExceptionctorSystemString', ID = '760'
Method 'SystemObjectSystemArrayClone', ID = '762'
Method 'SystemBooleanCosmosHALPS2ControllerWaitForAck', ID = '764'
Method 'SystemVoidCosmosHALMouseBasector', ID = '767'
Method 'SystemVoidCosmosHALPS2MouseInitialize', ID = '769'
Method 'SystemVoidCosmosHALKeyboardBasector', ID = '771'
Method 'SystemVoidCosmosHALPS2KeyboardInitialize', ID = '773'
Method 'CosmosHALPCIDeviceCosmosHALPCIGetDeviceClassCosmosHALClassIDCosmosHALSubclassID', ID = '774'
Method 'SystemVoidCosmosCoreBaseIOGroupscctor', ID = '775'
Method 'SystemVoidCosmosHALBlockDeviceAtactor', ID = '778'
Method 'CosmosHALBlockDeviceAtaPioSpecLevelCosmosHALBlockDeviceAtaPioDiscoverDrive', ID = '779'
Method 'SystemVoidCosmosHALBlockDeviceAtaPioInitDrive', ID = '780'
Method 'SystemVoidCosmosHALBlockDeviceBlockDevicecctor', ID = '782'
Method 'SystemVoidSystemCollectionsGenericList1anonymousTypeCosmosHALBlockDeviceBlockDeviceAddWithResizeCosmosHALBlockDeviceBlockDevice', ID = '784'
Method 'SystemVoidCosmosHALBlockDeviceAtacctor', ID = '785'
Method 'SystemStringCosmosHALBlockDeviceAtaToString', ID = '786'
Method 'SystemUInt64SystemBitConverterToUInt64SystemBytearraySystemInt32', ID = '787'
Method 'SystemVoidSystemCollectionsGenericList1anonymousTypeCosmosHALBlockDeviceGPTGPartInfoctor', ID = '788'
Method 'SystemUInt32SystemBitConverterToUInt32SystemBytearraySystemInt32', ID = '789'
Method 'SystemVoidCosmosHALBlockDeviceGPTParseParitionSystemBytearraySystemUInt32', ID = '790'
Method 'SystemVoidSystemThrowHelperThrowArgumentOutOfRange_IndexException', ID = '793'
Method 'SystemVoidCosmosHALBlockDeviceBlockDevicector', ID = '796'
Method 'SystemUInt64CosmosHALBlockDeviceBlockDeviceget_BlockSize', ID = '797'
Method 'SystemVoidCosmosHALBlockDeviceAtaPioReadBlockSystemUInt64SystemUInt64SystemBytearray', ID = '799'
Method 'SystemVoidCosmosHALBlockDevicePartitionReadBlockSystemUInt64SystemUInt64SystemBytearray', ID = '800'
Method 'SystemVoidSystemCollectionsGenericList1anonymousTypeCosmosHALBlockDeviceMBRPartInfoctor', ID = '801'
Method 'SystemVoidCosmosHALBlockDeviceMBRParsePartitionSystemBytearraySystemUInt32', ID = '802'
Method 'SystemVoidSystemCollectionsGenericList1anonymousTypeCosmosHALBlockDeviceEBRPartInfoctor', ID = '803'
Method 'SystemVoidCosmosHALBlockDeviceEBRParsePartitionSystemBytearraySystemUInt32', ID = '804'
Method 'CosmosHALPCIDeviceCosmosHALPCIGetDeviceClassCosmosHALClassIDCosmosHALSubclassIDCosmosHALProgramIF', ID = '807'
Method 'SystemVoidSystemCollectionsGenericList1anonymousTypeCosmosHALBlockDevicePortsStoragePortctor', ID = '808'
Method 'SystemVoidCosmosHALPCIDeviceWriteRegister16SystemByteSystemUInt16', ID = '809'
Method 'SystemUInt32CosmosCoreMemoryBlockget_ItemSystemUInt32', ID = '811'
Method 'SystemVoidCosmosCoreMemoryBlockset_ItemSystemUInt32SystemUInt32', ID = '812'
Method 'SystemUInt32CosmosHALBlockDeviceRegistersGenericRegistersget_Capabilities', ID = '813'
Method 'SystemVoidSystemThrowHelperThrowArgumentOutOfRangeExceptionSystemExceptionArgumentSystemExceptionResource', ID = '834'
Method 'SystemVoidSystemArrayCopySystemArraySystemInt32SystemArraySystemInt32SystemInt32', ID = '836'
Method 'SystemUInt32CosmosHALBlockDeviceRegistersGenericRegistersget_ImplementedPorts', ID = '838'
Method 'SystemVoidCosmosHALBlockDeviceRegistersPortRegistersctorSystemUInt32SystemUInt32', ID = '839'
Method 'CosmosHALBlockDeviceRegistersPortTypeCosmosHALBlockDeviceAHCICheckPortTypeCosmosHALBlockDeviceRegistersPortRegisters', ID = '840'
Method 'SystemStringSystemStringPadLeftSystemInt32SystemChar', ID = '842'
Method 'SystemVoidCosmosHALBlockDeviceAHCIPortRebaseCosmosHALBlockDeviceRegistersPortRegistersSystemUInt32', ID = '843'
Method 'SystemVoidCosmosHALBlockDevicePortsSATActorCosmosHALBlockDeviceRegistersPortRegisters', ID = '844'
Method 'SystemVoidSystemCollectionsGenericList1anonymousTypeCosmosHALBlockDevicePortsStoragePortAddCosmosHALBlockDevicePortsStoragePort', ID = '845'
Method 'SystemVoidSystemCollectionsGenericList1EnumeratoranonymousTypeCosmosHALBlockDevicePortsStoragePortctorSystemCollectionsGenericList1anonymousTypeCosmosHALBlockDevicePortsStoragePort', ID = '846'
Method 'SystemStringCosmosCore_PlugsSystemStringImplFormatSystemStringSystemObjectSystemObject', ID = '848'
Method 'SystemStringCosmosCore_PlugsSystemStringImplFormatSystemStringSystemObject', ID = '849'
Method 'SystemBooleanSystemCollectionsGenericList1EnumeratoranonymousTypeCosmosHALBlockDevicePortsStoragePortMoveNextRare', ID = '850'
Method 'SystemVoidSystemCollectionsGenericList1anonymousTypeCosmosHALKeyboardBasector', ID = '852'
Method 'SystemVoidCosmosSystemScanMapsUS_Standardctor', ID = '854'
Method 'SystemVoidSystemCollectionsGenericQueue1anonymousTypeCosmosSystemKeyEventctor', ID = '856'
Method 'SystemCollectionsGenericIEnumerable1anonymousTypeCosmosHALKeyboardBaseCosmosHALGlobalGetKeyboardDevices', ID = '858'
Method 'SystemVoidCosmosSystemKeyboardManagerAddKeyboardCosmosHALKeyboardBase', ID = '861'
Method 'SystemUInt32CosmosHALPITget_T0DelyNS', ID = '865'
Method 'SystemInt32SystemCollectionsGenericList1anonymousTypeCosmosHALPITPITTimerget_Count', ID = '866'
Method 'CosmosHALPITPITTimerSystemCollectionsGenericList1anonymousTypeCosmosHALPITPITTimerget_ItemSystemInt32', ID = '867'
Method 'SystemVoidSystemCollectionsGenericList1anonymousTypeCosmosHALPITPITTimerRemoveAtSystemInt32', ID = '869'
Method 'SystemVoidCosmosCore_AsmDelegateImplInvoke', ID = '662'
Method 'SystemVoidCosmosCoreINTsSetIntHandlerSystemByteCosmosCoreINTsIRQDelegate', ID = '871'
Method 'SystemVoidCosmosSystemPCSpeakerBeepSystemUInt32SystemUInt32', ID = '873'
Method 'SystemStringCosmosSystem_PlugsSystemEnumImplToString', ID = '874'
Method 'SystemVoidCosmosSystemConsoleset_ForegroundSystemConsoleColor', ID = '875'
Method 'SystemStringSystemStringJoinSystemStringSystemStringarraySystemInt32SystemInt32', ID = '881'
Method 'SystemVoidSystemNotImplementedExceptionctor', ID = '883'
Method 'SystemVoidSystemCollectionsGenericList1anonymousTypePrismProjectCmdsCommandAddWithResizePrismProjectCmdsCommand', ID = '884'
Method 'SystemConsoleColorCosmosSystem_PlugsSystemConsoleImplget_ForegroundColor', ID = '885'
Method 'SystemBooleanSystemStringEqualsSystemStringSystemString', ID = '886'
Method 'SystemConsoleKeyInfoCosmosSystem_PlugsSystemConsoleImplReadKeySystemBoolean', ID = '888'
Method 'SystemVoidCosmosHALPowerACPIShutdown', ID = '890'
Method 'SystemVoidCosmosHALPowerCPUReboot', ID = '891'
Method 'SystemVoidCosmosSystem_PlugsSystemConsoleImplWriteSystemInt32', ID = '893'
Method 'SystemVoidCosmosSystem_PlugsSystemConsoleImplWriteLineSystemInt32', ID = '894'
Method 'SystemVoidSystemCollectionsGenericList1anonymousTypeSystemStringctor', ID = '897'
Method 'SystemBooleanSystemStringop_InequalitySystemStringSystemString', ID = '898'
Method 'SystemVoidSystemCollectionsGenericList1anonymousTypeSystemStringAddSystemString', ID = '899'
Method 'SystemStringarraySystemCollectionsGenericList1anonymousTypeSystemStringToArray', ID = '900'
Method 'SystemVoidSystemNotSupportedExceptionctor', ID = '902'
Method 'SystemStringCosmosSystem_PlugsSystemInt64ImplToString', ID = '903'
Method 'SystemInt32CosmosSystem_PlugsSystemInt32ImplParseSystemString', ID = '904'
Method 'SystemVoidCosmosHALRTCcctor', ID = '905'
Method 'SystemVoidSystemBufferMemcpySystemBytepointerSystemBytepointerSystemInt32', ID = '909'
Method 'SystemVoidSystemCollectionsGenericList1anonymousTypeSystemCharAddWithResizeSystemChar', ID = '915'
Method 'SystemVoidCosmosHALKeyboardBaseWaitForKey', ID = '916'
Method 'SystemInt32SystemCollectionsGenericQueue1anonymousTypeCosmosSystemKeyEventget_Count', ID = '917'
Method 'CosmosSystemKeyEventSystemCollectionsGenericQueue1anonymousTypeCosmosSystemKeyEventDequeue', ID = '918'
Method 'SystemVoidCosmosCore_PlugsSystemStringImplCtorSystemChararraySystemStringSystemInt32SystemCharpointer', ID = '919'
Method 'SystemVoidCosmosCore_AsmRuntimeHelpersImplInitializeArraySystemArraySystemRuntimeFieldHandle', ID = '922'
Method 'SystemStringSystemCharToStringSystemChar', ID = '924'
Method 'SystemStringarraySystemStringSplitInternalSystemCharpointerSystemInt32SystemInt32SystemStringSplitOptions', ID = '930'
Method 'SystemInt32CosmosCore_PlugsSystemStringImplIndexOfSystemCharSystemInt32SystemInt32', ID = '931'
Method 'SystemVoidSystemCollectionsGenericList1anonymousTypePrismProjectCmdsCommandcctor', ID = '932'
Method 'SystemBooleanCosmosCore_PlugsSystemStringImplEqualsHelperSystemStringSystemString', ID = '938'
Method 'SystemVoidSystemThrowHelperThrowInvalidOperationException_InvalidOperation_EnumFailedVersion', ID = '939'
Method 'SystemVoidCosmosCore_PlugsSystemEnvironmentImplCCtor', ID = '942'
Method 'SystemVoidSystemTextEncodingcctor', ID = '943'
Method 'SystemInt32SystemTextASCIIEncodingGetByteCountSystemString', ID = '950'
Method 'SystemInt32SystemTextASCIIEncodingGetBytesSystemStringSystemInt32SystemInt32SystemBytearraySystemInt32', ID = '952'
Method 'SystemVoidCosmosCore_PlugsSystemTypeImplCCtor', ID = '956'
Method 'SystemVoidCosmosCoreCosmosRuntimeTypector', ID = '959'
Method 'SystemVoidCosmosCommonStringHelpercctor', ID = '960'
Method 'SystemStringCosmosSystem_PlugsSystemUInt64ImplToString', ID = '961'
Method 'SystemCharCosmosCore_PlugsSystemStringImplget_CharsSystemInt32SystemCharpointer', ID = '962'
Method 'SystemChararrayCosmosCore_PlugsSystemStringImplToCharArray', ID = '963'
Method 'SystemStringSystemSRget_ArgumentOutOfRange_StartIndexLargerThanLength', ID = '964'
Method 'SystemStringSystemSRget_ArgumentOutOfRange_NegativeLength', ID = '965'
Method 'SystemStringSystemSRget_ArgumentOutOfRange_IndexLength', ID = '966'
Method 'SystemStringSystemStringInternalSubStringSystemInt32SystemInt32', ID = '967'
Method 'SystemStringSystemSRget_ArgumentOutOfRange_ActualValue', ID = '968'
Method 'SystemStringSystemSRFormatSystemStringSystemObject', ID = '969'
Method 'SystemStringSystemSRget_Arg_ParamName_Name', ID = '970'
Method 'SystemStringSystemStringToLower', ID = '972'
Method 'SystemByteCosmosCore_AsmIOPortImplRead8SystemUInt16', ID = '974'
Method 'SystemVoidCosmosCore_AsmIOPortImplWrite8SystemUInt16SystemByte', ID = '975'
Method 'SystemStringCosmosSystem_PlugsSystemUInt16ImplToString', ID = '979'
Method 'SystemVoidCosmosCoreIOGroupPS2Controllerctor', ID = '980'
Method 'SystemVoidCosmosCoreIOGroupPITctor', ID = '981'
Method 'SystemVoidCosmosCoreIOGroupATActorSystemBoolean', ID = '982'
Method 'SystemVoidCosmosCoreIOGroupRTCctor', ID = '983'
Method 'SystemVoidCosmosCoreIOGroupVBEIOGroupctor', ID = '984'
Method 'SystemVoidCosmosHALTextScreenClear', ID = '985'
Method 'SystemVoidCosmosCoreIOGroupPCIctor', ID = '987'
Method 'SystemVoidCosmosCore_AsmIOPortImplWrite32SystemUInt16SystemUInt32', ID = '988'
Method 'SystemUInt32CosmosCore_AsmIOPortImplRead32SystemUInt16', ID = '989'
Method 'SystemVoidSystemCollectionsGenericList1anonymousTypeCosmosHALPCIDeviceAddWithResizeCosmosHALPCIDevice', ID = '990'
Method 'SystemInvalidOperationExceptionSystemThrowHelperGetInvalidOperationExceptionSystemExceptionResource', ID = '993'
Method 'SystemStringCosmosCommonExtensionsToHexStringConvertToHexSystemUInt32', ID = '995'
Method 'SystemStringSystemSRget_ArgumentNull_Generic', ID = '996'
Method 'SystemVoidCosmosCore_PlugsSystemOutOfMemoryExceptionImplCtor', ID = '998'
Method 'SystemVoidCosmosHALPS2Mousecctor', ID = '1000'
Method 'SystemVoidCosmosHALPS2MouseSendCommandCosmosHALPS2MouseCommandSystemNullable1anonymousTypeSystemByte', ID = '1001'
Method 'SystemBooleanCosmosHALPS2ControllerWaitForDeviceReset', ID = '1002'
Method 'SystemByteCosmosHALPS2MouseTryToEnableScrollWheel', ID = '1003'
Method 'SystemByteCosmosHALPS2MouseTryToEnableAdditionalButtons', ID = '1004'
Method 'SystemVoidCosmosHALPS2MouseHandleMouseCosmosCoreINTsIRQContext', ID = '1005'
Method 'SystemVoidCosmosHALPS2KeyboardSendCommandCosmosHALPS2KeyboardCommandSystemNullable1anonymousTypeSystemByte', ID = '1006'
Method 'SystemVoidCosmosHALPS2KeyboardHandleIRQCosmosCoreINTsIRQContext', ID = '1007'
Method 'SystemCollectionsGenericList1EnumeratoranonymousTypeCosmosHALPCIDeviceSystemCollectionsGenericList1anonymousTypeCosmosHALPCIDeviceGetEnumerator', ID = '1011'
Method 'CosmosHALPCIDeviceSystemCollectionsGenericList1EnumeratoranonymousTypeCosmosHALPCIDeviceget_Current', ID = '1012'
Method 'SystemBooleanSystemCollectionsGenericList1EnumeratoranonymousTypeCosmosHALPCIDeviceMoveNext', ID = '1013'
Method 'SystemVoidCosmosCoreIOGroupPCSpeakerctor', ID = '1015'
Method 'SystemVoidCosmosHALBlockDeviceAtaPiocctor', ID = '1017'
Method 'SystemStringCosmosHALBlockDeviceAtaPioToString', ID = '1018'
Method 'SystemVoidCosmosHALBlockDeviceAtaPioSelectDriveSystemByte', ID = '1019'
Method 'CosmosHALBlockDeviceAtaPioStatusCosmosHALBlockDeviceAtaPioSendCmdCosmosHALBlockDeviceAtaPioCmdSystemBoolean', ID = '1020'
Method 'CosmosHALBlockDeviceAtaPioStatusCosmosHALBlockDeviceAtaPioSendCmdCosmosHALBlockDeviceAtaPioCmd', ID = '1021'
Method 'SystemVoidCosmosCoreIOPortBaseRead16SystemUInt16array', ID = '1022'
Method 'SystemStringCosmosHALBlockDeviceAtaPioGetStringSystemUInt16arraySystemInt32SystemInt32', ID = '1023'
Method 'SystemVoidSystemCollectionsGenericList1anonymousTypeCosmosHALBlockDeviceBlockDevicector', ID = '1024'
Method 'SystemVoidSystemCollectionsGenericList1anonymousTypeCosmosHALBlockDeviceBlockDevicecctor', ID = '1025'
Method 'SystemVoidSystemCollectionsGenericList1anonymousTypeCosmosHALBlockDeviceBlockDeviceEnsureCapacitySystemInt32', ID = '1031'
Method 'SystemInt64SystemBitConverterReadInt64SystemBytearraySystemInt32', ID = '1032'
Method 'SystemInt32SystemBitConverterReadInt32SystemBytearraySystemInt32', ID = '1034'
Method 'SystemVoidSystemArrayCopySystemArraySystemInt64SystemArraySystemInt64SystemInt64', ID = '1035'
Method 'SystemVoidSystemGuidctorSystemBytearray', ID = '1036'
Method 'SystemBooleanSystemGuidop_InequalitySystemGuidSystemGuid', ID = '1039'
Method 'SystemVoidCosmosHALBlockDeviceGPTGPartInfoctorSystemGuidSystemGuidSystemUInt64SystemUInt64', ID = '1040'
Method 'SystemVoidSystemCollectionsGenericList1anonymousTypeCosmosHALBlockDeviceGPTGPartInfoAddCosmosHALBlockDeviceGPTGPartInfo', ID = '1041'
Method 'SystemVoidSystemCollectionsGenericList1anonymousTypeCosmosHALBlockDeviceGPTGPartInfocctor', ID = '1042'
Method 'SystemVoidCosmosDebugKernelPlugsAsmDebuggerAsmDoSendNumberSystemInt32', ID = '1048'
Method 'SystemArgumentOutOfRangeExceptionSystemThrowHelperGetArgumentOutOfRangeExceptionSystemExceptionArgumentSystemExceptionResource', ID = '1049'
Method 'SystemStringCosmosHALBlockDevicePartitionToString', ID = '1052'
Method 'SystemVoidCosmosHALBlockDeviceBlockDeviceCheckDataSizeSystemBytearraySystemUInt64', ID = '1053'
Method 'SystemVoidCosmosHALBlockDeviceAtaPioSelectSectorSystemUInt64SystemUInt64', ID = '1054'
Method 'SystemVoidCosmosCoreIOPortBaseRead8SystemBytearray', ID = '1055'
Method 'SystemVoidCosmosHALBlockDeviceBlockDeviceCheckBlockNoSystemUInt64SystemUInt64', ID = '1056'
Method 'SystemVoidCosmosHALBlockDeviceMBRPartInfoctorSystemByteSystemUInt32SystemUInt32', ID = '1058'
Method 'SystemVoidSystemCollectionsGenericList1anonymousTypeCosmosHALBlockDeviceMBRPartInfoAddCosmosHALBlockDeviceMBRPartInfo', ID = '1059'
Method 'SystemVoidCosmosHALBlockDeviceEBRPartInfoctorSystemByteSystemUInt32SystemUInt32', ID = '1061'
Method 'SystemVoidSystemCollectionsGenericList1anonymousTypeCosmosHALBlockDeviceEBRPartInfoAddCosmosHALBlockDeviceEBRPartInfo', ID = '1062'
Method 'SystemVoidSystemCollectionsGenericList1anonymousTypeCosmosHALBlockDeviceEBRPartInfocctor', ID = '1063'
Method 'SystemVoidSystemCollectionsGenericList1anonymousTypeCosmosHALBlockDeviceMBRPartInfocctor', ID = '1069'
Method 'SystemVoidCosmosCoreIOPortset_WordSystemUInt16', ID = '1076'
Method 'SystemVoidSystemCollectionsGenericList1anonymousTypeCosmosHALBlockDevicePortsStoragePortcctor', ID = '1077'
Method 'SystemUInt32CosmosHALBlockDeviceRegistersPortRegistersget_SSTS', ID = '1085'
Method 'SystemUInt32CosmosHALBlockDeviceRegistersPortRegistersget_SIG', ID = '1086'
Method 'SystemStringSystemSRget_ArgumentOutOfRange_NeedNonNegNum', ID = '1087'
Method 'SystemBooleanCosmosHALBlockDeviceAHCIStopCMDCosmosHALBlockDeviceRegistersPortRegisters', ID = '1088'
Method 'SystemVoidCosmosHALBlockDevicePortsSATAPortResetCosmosHALBlockDeviceRegistersPortRegisters', ID = '1089'
Method 'SystemVoidCosmosHALBlockDeviceRegistersPortRegistersset_CLBSystemUInt32', ID = '1090'
Method 'SystemVoidCosmosHALBlockDeviceRegistersPortRegistersset_FBSystemUInt32', ID = '1091'
Method 'SystemVoidCosmosHALBlockDeviceRegistersPortRegistersset_SERRSystemUInt32', ID = '1092'
Method 'SystemVoidCosmosHALBlockDeviceRegistersPortRegistersset_ISSystemUInt32', ID = '1093'
Method 'SystemVoidCosmosHALBlockDeviceRegistersPortRegistersset_IESystemUInt32', ID = '1094'
Method 'SystemUInt32CosmosHALBlockDeviceRegistersPortRegistersget_CLB', ID = '1095'
Method 'SystemVoidCosmosCoreMemoryBlockFillSystemByte', ID = '1096'
Method 'SystemUInt32CosmosHALBlockDeviceRegistersPortRegistersget_FB', ID = '1097'
Method 'CosmosHALBlockDeviceRegistersHBACommandHeaderarrayCosmosHALBlockDeviceAHCIGetCommandHeaderCosmosHALBlockDeviceRegistersPortRegisters', ID = '1098'
Method 'SystemBooleanCosmosHALBlockDeviceAHCIStartCMDCosmosHALBlockDeviceRegistersPortRegisters', ID = '1099'
Method 'SystemVoidCosmosHALBlockDevicePortsStoragePortctor', ID = '1101'
Method 'SystemUInt32CosmosHALBlockDeviceRegistersPortRegistersget_CMD', ID = '1102'
Method 'SystemVoidCosmosCoreMemoryGroupAHCIctorSystemUInt32', ID = '1103'
Method 'SystemVoidCosmosHALBlockDevicePortsSATASendSATA28CommandCosmosHALBlockDeviceRegistersATACommandsSystemUInt32SystemUInt32', ID = '1104'
Method 'SystemVoidCosmosCoreMemoryBlockRead16SystemUInt16array', ID = '1106'
Method 'SystemStringCosmosHALBlockDevicePortsSATAGetStringSystemUInt16arraySystemInt32SystemInt32', ID = '1107'
Method 'SystemVoidSystemCollectionsGenericList1anonymousTypeCosmosHALBlockDevicePortsStoragePortAddWithResizeCosmosHALBlockDevicePortsStoragePort', ID = '1108'
Method 'SystemStringCosmosCore_PlugsSystemStringImplFormatHelperSystemIFormatProviderSystemStringSystemObjectarray', ID = '1109'
Method 'SystemVoidCosmosSystemScanMapBasector', ID = '1113'
Method 'CosmosSystemKeyEventarraySystemArrayEmptyCosmosSystemKeyEvent', ID = '1115'
Method 'SystemVoidSystemCollectionsGenericList1anonymousTypeCosmosHALKeyboardBaseAddCosmosHALKeyboardBase', ID = '1117'
Method 'SystemCollectionsGenericIEnumerator1anonymousTypeCosmosHALKeyboardBaseSystemCollectionsGenericList1anonymousTypeCosmosHALKeyboardBaseSystemCollectionsGenericIEnumerableTGetEnumerator', ID = '1119'
Method 'SystemVoidCosmosSystemKeyboardManagerHandleScanCodeSystemByteSystemBoolean', ID = '1120'
Method 'SystemVoidCosmosCore_AsmDelegateImplCtorSystemObjectSystemIntPtr', ID = '604'
Method 'SystemVoidSystemCollectionsGenericList1anonymousTypeCosmosHALPITPITTimercctor', ID = '1122'
Method 'SystemVoidCosmosHALPITPITTimerDispose', ID = '1128'
Method 'SystemVoidCosmosHALPCSpeakerBeepSystemUInt32SystemUInt32', ID = '1132'
Method 'SystemConsoleColorCosmosSystemConsoleget_Background', ID = '1134'
Method 'SystemStringSystemStringJoinCoreSystemCharpointerSystemInt32SystemStringarraySystemInt32SystemInt32', ID = '1135'
Method 'SystemStringSystemSRget_Arg_NotImplementedException', ID = '1136'
Method 'SystemVoidSystemCollectionsGenericList1anonymousTypePrismProjectCmdsCommandEnsureCapacitySystemInt32', ID = '1137'
Method 'SystemConsoleModifiersCosmosSystemKeyEventget_Modifiers', ID = '1138'
Method 'SystemConsoleKeyCosmosSystemConsoleKeyExExtensionsToConsoleKeyCosmosSystemConsoleKeyEx', ID = '1139'
Method 'SystemVoidSystemConsoleKeyInfoctorSystemCharSystemConsoleKeySystemBooleanSystemBooleanSystemBoolean', ID = '1140'
Method 'SystemVoidCosmosCoreACPIShutdown', ID = '1142'
Method 'CosmosCoreCPUCosmosCoreGlobalget_CPU', ID = '1143'
Method 'SystemVoidCosmosCoreCPUReboot', ID = '1144'
Method 'SystemInt32CosmosCore_AsmCPUImplCanReadCPUID', ID = '1145'
Method 'SystemVoidCosmosCore_AsmCPUImplReadCPUIDSystemUInt32SystemInt32SystemInt32SystemInt32SystemInt32', ID = '1146'
Method 'SystemVoidSystemCollectionsGenericList1anonymousTypeSystemStringAddWithResizeSystemString', ID = '1149'
Method 'SystemBooleanCosmosSystem_PlugsSystemDoubleImplTryParseSystemStringSystemDouble', ID = '1150'
Method 'SystemStringSystemSRget_Arg_NotSupportedException', ID = '1152'
Method 'SystemStringCosmosCommonStringHelperGetNumberStringSystemInt64', ID = '1155'
Method 'SystemVoidSystemFormatExceptionctor', ID = '1156'
Method 'SystemVoidCosmosCore_PlugsSystemStringImplcctor', ID = '1158'
Method 'SystemVoidSystemBufferMemmoveSystemBytepointerSystemBytepointerSystemUInt32', ID = '1160'
Method 'SystemVoidSystemCollectionsGenericList1anonymousTypeSystemCharcctor', ID = '1161'
Method 'SystemBooleanCosmosCore_PlugsSystemRuntimeCompilerServicesRuntimeHelpersImplIsReferenceOrContainsReferencesanonymousType', ID = '1163'
Method 'SystemVoidSystemCollectionsGenericList1anonymousTypeSystemCharEnsureCapacitySystemInt32', ID = '1164'
Method 'SystemVoidSystemCollectionsGenericQueue1anonymousTypeCosmosSystemKeyEventThrowForEmptyQueue', ID = '1166'
Method 'SystemVoidSystemCollectionsGenericQueue1anonymousTypeCosmosSystemKeyEventMoveNextSystemInt32', ID = '1168'
Method 'SystemStringSystemStringCreateFromCharSystemChar', ID = '1172'
Method 'SystemStringSystemSRget_Arg_EnumIllegalVal', ID = '1173'
Method 'SystemVoidSystemArgumentExceptionctorSystemString', ID = '1174'
Method 'SystemStringarraySystemArrayEmptySystemString', ID = '1175'
Method 'SystemInt32SystemStringMakeSeparatorListSystemCharpointerSystemInt32SystemInt32array', ID = '1176'
Method 'SystemStringarraySystemStringSplitOmitEmptyEntriesSystemInt32arraySystemInt32arraySystemInt32SystemInt32SystemInt32', ID = '1177'
Method 'SystemStringarraySystemStringSplitKeepEmptyEntriesSystemInt32arraySystemInt32arraySystemInt32SystemInt32SystemInt32', ID = '1178'
Method 'SystemVoidSystemTextASCIIEncodingcctor', ID = '1180'
Method 'SystemVoidSystemTextUTF8EncodingUTF8EncodingSealedctorSystemBoolean', ID = '1182'
Method 'SystemInt32SystemTextEncodingGetByteCountSystemCharpointerSystemInt32SystemTextEncoderNLS', ID = '1185'
Method 'SystemInt32SystemTextASCIIEncodingGetByteCountSystemChararraySystemInt32SystemInt32', ID = '1186'
Method 'SystemStringSystemSRget_ArgumentNull_Array', ID = '1187'
Method 'SystemStringSystemSRget_ArgumentOutOfRange_Index', ID = '1188'
Method 'SystemInt32SystemTextEncodingGetBytesSystemCharpointerSystemInt32SystemBytepointerSystemInt32SystemTextEncoderNLS', ID = '1189'
Method 'SystemInt32SystemTextASCIIEncodingGetBytesSystemChararraySystemInt32SystemInt32SystemBytearraySystemInt32', ID = '1190'
Method 'SystemVoidCosmosHALTextScreenScrollUp', ID = '1191'
Method 'SystemVoidCosmosHALTextScreenset_ItemSystemInt32SystemInt32SystemByte', ID = '1192'
Method 'SystemStringCosmosCoreCosmosRuntimeTypeget_Name', ID = '1194'
Method 'SystemVoidSystemTypector', ID = '1195'
Method 'SystemStringCosmosCommonStringHelperGetNumberStringSystemUInt64', ID = '1199'
Method 'SystemBooleanSystemSRUsingResourceKeys', ID = '1200'
Method 'SystemStringSystemStringJoinSystemStringSystemObjectarray', ID = '1201'
Method 'SystemVoidCosmosCoreIOPortReadctorSystemUInt16', ID = '1207'
Method 'SystemVoidCosmosCoreIOPortWritectorSystemUInt16', ID = '1208'
Method 'SystemUInt16CosmosCoreIOGroupATAGetBAR0SystemBoolean', ID = '1209'
Method 'SystemUInt16CosmosCoreIOGroupATAGetBAR1SystemBoolean', ID = '1210'
Method 'SystemVoidCosmosCoreIOPortWritectorSystemUInt16SystemUInt16', ID = '1211'
Method 'SystemVoidCosmosCoreIOPortctorSystemUInt16SystemUInt16', ID = '1212'
Method 'SystemVoidCosmosCoreIOPortReadctorSystemUInt16SystemUInt16', ID = '1213'
Method 'SystemVoidCosmosCoreMemoryBlockFillSystemUInt16', ID = '1215'
Method 'SystemVoidCosmosHALTextScreenSetCursorPosSystemInt32SystemInt32', ID = '1216'
Method 'SystemVoidSystemCollectionsGenericList1anonymousTypeCosmosHALPCIDeviceEnsureCapacitySystemInt32', ID = '1217'
Method 'SystemStringSystemThrowHelperGetResourceStringSystemExceptionResource', ID = '1218'
Method 'SystemCharCosmosCommonExtensionsToHexStringDigitToHexCharSystemByte', ID = '1219'
Method 'SystemUInt64CosmosCore_PlugsSystemObjectImplMemberwiseClone', ID = '1221'
Method 'SystemByteCosmosHALPS2Mouseget_PS2Port', ID = '1224'
Method 'SystemVoidCosmosHALPS2ControllerPrepareSecondPortWrite', ID = '1225'
Method 'SystemByteCosmosHALPS2ControllerReadByteAfterAck', ID = '1226'
Method 'SystemBooleanCosmosHALPS2Mouseget_HasScrollWheel', ID = '1227'
Method 'SystemVoidCosmosCore_AsmDelegateImplInvoke', ID = '662'
Method 'SystemByteCosmosHALPS2Keyboardget_PS2Port', ID = '1230'
Method 'SystemVoidCosmosCore_AsmDelegateImplInvoke', ID = '662'
Method 'SystemVoidCosmosHALPS2KeyboardUpdateLeds', ID = '1232'
Method 'SystemVoidSystemCollectionsGenericList1EnumeratoranonymousTypeCosmosHALPCIDevicectorSystemCollectionsGenericList1anonymousTypeCosmosHALPCIDevice', ID = '1233'
Method 'SystemBooleanSystemCollectionsGenericList1EnumeratoranonymousTypeCosmosHALPCIDeviceMoveNextRare', ID = '1234'
Method 'SystemVoidSystemCollectionsGenericList1EnumeratoranonymousTypeCosmosHALPCIDeviceDispose', ID = '1235'
Method 'SystemVoidCosmosHALBlockDeviceAtaPioWait', ID = '1239'
Method 'SystemVoidCosmosHALBlockDeviceAtaPioDebugSystemString', ID = '1242'
Method 'SystemVoidCosmosHALBlockDeviceAtaPioDebugHexSystemStringSystemUInt32', ID = '1243'
Method 'SystemVoidSystemCollectionsGenericList1anonymousTypeCosmosHALBlockDeviceBlockDeviceset_CapacitySystemInt32', ID = '1247'
Method 'SystemVoidSystemThrowHelperThrowArgumentNullExceptionSystemExceptionArgument', ID = '1248'
Method 'SystemVoidSystemThrowHelperThrowArgumentExceptionSystemExceptionResourceSystemExceptionArgument', ID = '1249'
Method 'SystemInt64SystemRuntimeCompilerServicesUnsafeReadUnalignedSystemInt64SystemByte', ID = '1250'
Method 'SystemInt32SystemRuntimeCompilerServicesUnsafeReadUnalignedSystemInt32SystemByte', ID = '1251'
Method 'SystemStringSystemSRget_Arg_GuidArrayCtor', ID = '1252'
Method 'SystemVoidSystemGuidcctor', ID = '1253'
Method 'SystemStringSystemGuidToString', ID = '1254'
Method 'SystemBooleanSystemGuidop_EqualitySystemGuidSystemGuid', ID = '1257'
Method 'SystemVoidSystemCollectionsGenericList1anonymousTypeCosmosHALBlockDeviceGPTGPartInfoAddWithResizeCosmosHALBlockDeviceGPTGPartInfo', ID = '1258'
Method 'SystemStringSystemThrowHelperGetArgumentNameSystemExceptionArgument', ID = '1259'
Method 'SystemVoidCosmosCoreIOPortWriteset_WordSystemUInt16', ID = '1260'
Method 'SystemVoidSystemCollectionsGenericList1anonymousTypeCosmosHALBlockDeviceMBRPartInfoAddWithResizeCosmosHALBlockDeviceMBRPartInfo', ID = '1261'
Method 'SystemVoidSystemCollectionsGenericList1anonymousTypeCosmosHALBlockDeviceEBRPartInfoAddWithResizeCosmosHALBlockDeviceEBRPartInfo', ID = '1263'
Method 'SystemVoidCosmosCore_AsmArrayImplCopySystemArraySystemInt32SystemArraySystemInt32SystemInt32SystemBoolean', ID = '1265'
Method 'SystemVoidCosmosHALBlockDeviceRegistersPortRegistersset_CMDSystemUInt32', ID = '1266'
Method 'SystemVoidCosmosHALBlockDeviceAHCIWaitSystemInt32', ID = '1267'
Method 'SystemUInt32CosmosHALBlockDeviceRegistersPortRegistersget_CI', ID = '1268'
Method 'SystemUInt32CosmosHALBlockDeviceRegistersPortRegistersget_TFD', ID = '1269'
Method 'SystemVoidCosmosHALBlockDeviceAHCIHBAReset', ID = '1270'
Method 'SystemVoidCosmosHALBlockDeviceRegistersPortRegistersset_SCTLSystemUInt32', ID = '1271'
Method 'SystemUInt32CosmosHALBlockDeviceRegistersPortRegistersget_SCTL', ID = '1272'
Method 'SystemVoidCosmosCoreMemoryBlockFillSystemUInt32SystemUInt32SystemByte', ID = '1273'
Method 'SystemVoidCosmosHALBlockDeviceRegistersHBACommandHeaderctorSystemUInt32SystemUInt32', ID = '1276'
Method 'SystemVoidCosmosHALBlockDeviceRegistersHBACommandHeaderset_PRDTLSystemUInt16', ID = '1277'
Method 'SystemVoidCosmosHALBlockDeviceRegistersHBACommandHeaderset_CTBASystemUInt32', ID = '1278'
Method 'SystemVoidCosmosHALBlockDeviceRegistersHBACommandHeaderset_CTBAUSystemUInt32', ID = '1279'
Method 'SystemUInt32CosmosHALBlockDeviceRegistersHBACommandHeaderget_CTBA', ID = '1280'
Method 'SystemVoidCosmosHALBlockDevicePortsSATAcctor', ID = '1281'
Method 'SystemVoidCosmosHALBlockDevicePortsSATAReadBlockSystemUInt64SystemUInt64SystemBytearray', ID = '1282'
Method 'CosmosHALBlockDeviceRegistersPortTypeCosmosHALBlockDevicePortsSATAget_mPortType', ID = '1283'
Method 'SystemStringCosmosHALBlockDevicePortsSATAget_mPortName', ID = '1284'
Method 'SystemUInt32CosmosHALBlockDevicePortsSATAget_mPortNumber', ID = '1285'
Method 'SystemInt32CosmosHALBlockDevicePortsSATAFindCMDSlot', ID = '1287'
Method 'SystemVoidCosmosHALBlockDeviceRegistersHBACommandHeaderset_CFLSystemByte', ID = '1288'
Method 'SystemVoidCosmosHALBlockDeviceRegistersHBACommandHeaderset_WriteSystemByte', ID = '1289'
Method 'SystemUInt16CosmosHALBlockDeviceRegistersHBACommandHeaderget_PRDTL', ID = '1290'
Method 'SystemVoidCosmosHALBlockDeviceRegistersHBACommandTablectorSystemUInt32SystemUInt32', ID = '1291'
Method 'SystemVoidCosmosHALBlockDeviceRegistersHBAPRDTEntryset_DBASystemUInt32', ID = '1293'
Method 'SystemVoidCosmosHALBlockDeviceRegistersHBAPRDTEntryset_DBCSystemUInt32', ID = '1294'
Method 'SystemVoidCosmosHALBlockDeviceRegistersHBAPRDTEntryset_InterruptOnCompletionSystemByte', ID = '1295'
Method 'SystemUInt32CosmosHALBlockDeviceRegistersHBACommandTableget_CFIS', ID = '1296'
Method 'SystemVoidCosmosHALBlockDeviceRegistersFISRegisterH2DctorSystemUInt32', ID = '1297'
Method 'SystemVoidCosmosHALBlockDeviceRegistersFISRegisterH2Dset_FISTypeSystemByte', ID = '1298'
Method 'SystemVoidCosmosHALBlockDeviceRegistersFISRegisterH2Dset_IsCommandSystemByte', ID = '1299'
Method 'SystemVoidCosmosHALBlockDeviceRegistersFISRegisterH2Dset_CommandSystemByte', ID = '1300'
Method 'SystemVoidCosmosHALBlockDeviceRegistersFISRegisterH2Dset_DeviceSystemByte', ID = '1301'
Method 'SystemVoidCosmosHALBlockDeviceRegistersFISRegisterH2Dset_LBA0SystemByte', ID = '1302'
Method 'SystemVoidCosmosHALBlockDeviceRegistersFISRegisterH2Dset_LBA1SystemByte', ID = '1303'
Method 'SystemVoidCosmosHALBlockDeviceRegistersFISRegisterH2Dset_LBA2SystemByte', ID = '1304'
Method 'SystemVoidCosmosHALBlockDeviceRegistersFISRegisterH2Dset_CountLSystemByte', ID = '1305'
Method 'SystemVoidCosmosHALBlockDeviceRegistersPortRegistersset_CISystemUInt32', ID = '1307'
Method 'SystemUInt32CosmosHALBlockDeviceRegistersPortRegistersget_IS', ID = '1308'
Method 'SystemVoidSystemCollectionsGenericList1anonymousTypeCosmosHALBlockDevicePortsStoragePortEnsureCapacitySystemInt32', ID = '1309'
Method 'SystemVoidSystemFormatExceptionctorSystemString', ID = '1311'
Method 'SystemInt32CosmosCommonStringHelperGetStringToNumberSystemString', ID = '1312'
Method 'SystemBooleanSystemCharIsDigitSystemChar', ID = '1313'
Method 'SystemVoidSystemCollectionsGenericList1anonymousTypeCosmosHALKeyboardBasecctor', ID = '1314'
Method 'SystemVoidSystemCollectionsGenericList1anonymousTypeCosmosHALKeyboardBaseAddWithResizeCosmosHALKeyboardBase', ID = '1326'
Method 'SystemVoidSystemCollectionsGenericList1EnumeratoranonymousTypeCosmosHALKeyboardBasectorSystemCollectionsGenericList1anonymousTypeCosmosHALKeyboardBase', ID = '1327'
Method 'SystemBooleanCosmosSystemScanMapBaseScanCodeMatchesKeySystemByteCosmosSystemConsoleKeyEx', ID = '1329'
Method 'SystemBooleanCosmosSystemKeyboardManagerget_CapsLock', ID = '1330'
Method 'SystemVoidCosmosSystemKeyboardManagerUpdateLeds', ID = '1331'
Method 'SystemBooleanCosmosSystemKeyboardManagerget_NumLock', ID = '1332'
Method 'SystemBooleanCosmosSystemKeyboardManagerget_ScrollLock', ID = '1333'
Method 'SystemVoidCosmosSystemKeyboardManagerset_ControlPressedSystemBoolean', ID = '1334'
Method 'SystemVoidCosmosSystemKeyboardManagerset_ShiftPressedSystemBoolean', ID = '1335'
Method 'SystemVoidCosmosSystemKeyboardManagerset_AltPressedSystemBoolean', ID = '1336'
Method 'SystemBooleanCosmosSystemKeyboardManagerget_ControlPressed', ID = '1337'
Method 'SystemBooleanCosmosSystemKeyboardManagerget_AltPressed', ID = '1338'
Method 'SystemBooleanCosmosSystemKeyboardManagerGetKeySystemByteCosmosSystemKeyEvent', ID = '1339'
Method 'SystemVoidCosmosSystemKeyboardManagerEnqueueCosmosSystemKeyEvent', ID = '1340'
Method 'SystemVoidCosmosHALPITUnregisterTimerSystemInt32', ID = '1342'
Method 'SystemVoidCosmosHALPCSpeakerBeepSystemUInt32', ID = '1344'
Method 'SystemVoidCosmosHALPITWaitSystemUInt32', ID = '1346'
Method 'SystemVoidCosmosHALPCSpeakerDisableSound', ID = '1347'
Method 'SystemStringSystemSRget_ArgumentOutOfRange_IndexCountBuffer', ID = '1349'
Method 'SystemVoidSystemCollectionsGenericList1anonymousTypePrismProjectCmdsCommandset_CapacitySystemInt32', ID = '1350'
Method 'SystemStringSystemSRget_ArgumentOutOfRange_ConsoleKey', ID = '1354'
Method 'SystemVoidSystemCollectionsGenericList1anonymousTypeSystemStringcctor', ID = '1355'
Method 'SystemVoidSystemCollectionsGenericList1anonymousTypeSystemStringEnsureCapacitySystemInt32', ID = '1356'
Method 'SystemDoubleCosmosSystem_PlugsSystemDoubleImplParseSystemString', ID = '1357'
Method 'SystemStringSystemSRget_Arg_FormatException', ID = '1359'
Method 'SystemVoidSystemBuffer_MemmoveSystemBytepointerSystemBytepointerSystemUInt32', ID = '1363'
Method 'SystemVoidSystemCollectionsGenericList1anonymousTypeSystemCharset_CapacitySystemInt32', ID = '1365'
Method 'SystemVoidCosmosCore_AsmCPUImplHalt', ID = '1366'
Method 'SystemStringSystemSRget_InvalidOperation_EmptyQueue', ID = '1367'
Method 'SystemBooleanSystemCharIsWhiteSpaceSystemChar', ID = '1372'
Method 'SystemStringSystemStringSubstringSystemInt32', ID = '1373'
Method 'SystemInt32CosmosCore_PlugsSystemStringImplCompareToSystemString', ID = '1374'
Method 'SystemVoidSystemTextASCIIEncodingASCIIEncodingSealedctor', ID = '1375'
Method 'SystemVoidSystemTextUTF8EncodingctorSystemBoolean', ID = '1377'
Method 'SystemInt32CosmosSystem_PlugsSystemRuntimeRuntimeHelpersImplget_OffsetToStringData', ID = '1378'
Method 'SystemInt32SystemTextASCIIEncodingGetByteCountSystemCharpointerSystemInt32SystemTextEncoderNLS', ID = '1380'
Method 'SystemInt32SystemTextUTF8EncodingGetByteCountSystemCharpointerSystemInt32SystemTextEncoderNLS', ID = '1381'
Method 'SystemInt32SystemTextEncodingGetByteCountSystemCharpointerSystemInt32', ID = '1382'
Method 'SystemInt32SystemTextASCIIEncodingGetBytesSystemCharpointerSystemInt32SystemBytepointerSystemInt32SystemTextEncoderNLS', ID = '1383'
Method 'SystemInt32SystemTextUTF8EncodingGetBytesSystemCharpointerSystemInt32SystemBytepointerSystemInt32SystemTextEncoderNLS', ID = '1384'
Method 'SystemInt32SystemTextEncodingGetBytesSystemCharpointerSystemInt32SystemBytepointerSystemInt32', ID = '1385'
Method 'SystemVoidCosmosCoreMemoryBlockMoveDownSystemUInt32SystemUInt32SystemUInt32', ID = '1386'
Method 'SystemVoidCosmosCoreMemoryBlockFillSystemUInt32SystemUInt32SystemUInt16', ID = '1387'
Method 'SystemVoidCosmosCoreMemoryBlock08set_ItemSystemUInt32SystemByte', ID = '1388'
Method 'SystemVoidCosmosCore_PlugsSystemTypeImplcctor', ID = '1389'
Method 'SystemVoidSystemReflectionMemberInfoctor', ID = '1390'
Method 'SystemStringSystemStringJoinCoreSystemCharpointerSystemInt32SystemObjectarray', ID = '1391'
Method 'SystemGlobalizationCultureInfoCosmosCore_PlugsSystemGlobalizationCultureInfoImplget_CurrentCulture', ID = '1393'
Method 'SystemStringCosmosCore_PlugsSystemStringImplToLowerSystemGlobalizationCultureInfo', ID = '1394'
Method 'SystemVoidCosmosCoreIOPortBasectorSystemUInt16SystemUInt16', ID = '1395'
Method 'SystemVoidSystemCollectionsGenericList1anonymousTypeCosmosHALPCIDeviceset_CapacitySystemInt32', ID = '1396'
Method 'SystemStringSystemSRGetResourceStringSystemString', ID = '1397'
Method 'SystemUInt16CosmosCore_AsmIOPortImplRead16SystemUInt16', ID = '1404'
Method 'SystemArgumentNullExceptionSystemThrowHelperGetArgumentNullExceptionSystemExceptionArgument', ID = '1405'
Method 'SystemArgumentExceptionSystemThrowHelperGetArgumentExceptionSystemExceptionResourceSystemExceptionArgument', ID = '1406'
Method 'SystemStringSystemGuidToStringSystemStringSystemIFormatProvider', ID = '1408'
Method 'SystemVoidSystemCollectionsGenericList1anonymousTypeCosmosHALBlockDeviceGPTGPartInfoEnsureCapacitySystemInt32', ID = '1409'
Method 'SystemVoidSystemCollectionsGenericList1anonymousTypeCosmosHALBlockDeviceMBRPartInfoEnsureCapacitySystemInt32', ID = '1410'
Method 'SystemVoidSystemCollectionsGenericList1anonymousTypeCosmosHALBlockDeviceEBRPartInfoEnsureCapacitySystemInt32', ID = '1411'
Method 'SystemVoidCosmosCore_AsmIOPortImplWrite16SystemUInt16SystemUInt16', ID = '1412'
Method 'SystemVoidCosmosCoreMemoryOperationsFillSystemBytepointerSystemByteSystemInt32', ID = '1414'
Method 'SystemVoidCosmosCoreMemoryBlock16set_ItemSystemUInt32SystemUInt16', ID = '1420'
Method 'SystemVoidCosmosHALBlockDevicePortsSATASendSATA48CommandCosmosHALBlockDeviceRegistersATACommandsSystemUInt64SystemUInt32', ID = '1421'
Method 'SystemVoidCosmosCoreMemoryBlockRead8SystemBytearray', ID = '1422'
Method 'SystemUInt32CosmosHALBlockDeviceRegistersPortRegistersget_SACT', ID = '1423'
Method 'SystemByteCosmosCoreMemoryBlock08get_ItemSystemUInt32', ID = '1424'
Method 'SystemUInt16CosmosCoreMemoryBlock16get_ItemSystemUInt32', ID = '1425'
Method 'SystemVoidCosmosHALBlockDeviceRegistersHBAPRDTEntryctorSystemUInt32SystemUInt32', ID = '1427'
Method 'SystemBooleanSystemStringIsNullOrWhiteSpaceSystemString', ID = '1429'
Method 'SystemBooleanSystemCharIsLatin1SystemChar', ID = '1430'
Method 'SystemGlobalizationUnicodeCategorySystemGlobalizationCharUnicodeInfoGetUnicodeCategorySystemChar', ID = '1431'
Method 'SystemVoidCosmosSystemScanMapsUS_StandardInitKeys', ID = '1432'
Method 'SystemVoidSystemArrayEmptyArray1anonymousTypeCosmosSystemKeyEventcctor', ID = '1436'
Method 'SystemVoidSystemCollectionsGenericList1anonymousTypeCosmosHALKeyboardBaseEnsureCapacitySystemInt32', ID = '1437'
Method 'SystemVoidSystemCollectionsGenericList1EnumeratoranonymousTypeCosmosHALKeyboardBaseDispose', ID = '1438'
Method 'CosmosHALKeyboardBaseSystemCollectionsGenericList1EnumeratoranonymousTypeCosmosHALKeyboardBaseget_Current', ID = '1439'
Method 'SystemBooleanSystemCollectionsGenericList1EnumeratoranonymousTypeCosmosHALKeyboardBaseMoveNext', ID = '1440'
Method 'CosmosSystemKeyMappingSystemCollectionsGenericList1anonymousTypeCosmosSystemKeyMappingget_ItemSystemInt32', ID = '1441'
Method 'SystemInt32SystemCollectionsGenericList1anonymousTypeCosmosSystemKeyMappingget_Count', ID = '1443'
Method 'SystemCollectionsGenericList1EnumeratoranonymousTypeCosmosHALKeyboardBaseSystemCollectionsGenericList1anonymousTypeCosmosHALKeyboardBaseGetEnumerator', ID = '1444'
Method 'SystemBooleanCosmosSystemKeyboardManagerget_ShiftPressed', ID = '1449'
Method 'CosmosSystemKeyEventCosmosSystemScanMapBaseConvertScanCodeSystemByteSystemBooleanSystemBooleanSystemBooleanSystemBooleanSystemBooleanSystemBoolean', ID = '1450'
Method 'SystemVoidSystemCollectionsGenericQueue1anonymousTypeCosmosSystemKeyEventEnqueueCosmosSystemKeyEvent', ID = '1451'
Method 'SystemVoidCosmosHALPCSpeakercctor', ID = '1452'
Method 'SystemVoidCosmosHALPCSpeakerEnableSound', ID = '1454'
Method 'SystemVoidCosmosHALPITSignalWait', ID = '1455'
Method 'SystemVoidCosmosCore_AsmDelegateImplCtorSystemObjectSystemIntPtr', ID = '604'
Method 'SystemVoidCosmosHALPITPITTimerctorCosmosHALPITPITTimerdOnTriggerSystemInt32SystemBoolean', ID = '1457'
Method 'SystemInt32CosmosHALPITRegisterTimerCosmosHALPITPITTimer', ID = '1458'
Method 'SystemByteCosmosHALTextScreenGetColor', ID = '1459'
Method 'SystemVoidSystemCollectionsGenericList1anonymousTypeSystemStringset_CapacitySystemInt32', ID = '1460'
Method 'SystemVoidSystemCollectionsGenericList1anonymousTypeSystemInt32ctor', ID = '1461'
Method 'SystemVoidSystemCollectionsGenericList1anonymousTypeSystemInt32AddSystemInt32', ID = '1462'
Method 'SystemInt32SystemCollectionsGenericList1anonymousTypeSystemInt32get_ItemSystemInt32', ID = '1464'
Method 'SystemInt32SystemCollectionsGenericList1anonymousTypeSystemInt32get_Count', ID = '1465'
Method 'SystemVoidSystemArrayEmptyArray1anonymousTypeSystemStringcctor', ID = '1468'
Method 'SystemBooleanSystemCharIsWhiteSpaceLatin1SystemChar', ID = '1474'
Method 'SystemBooleanSystemGlobalizationCharUnicodeInfoIsWhiteSpaceSystemChar', ID = '1475'
Method 'SystemVoidSystemTextASCIIEncodingctor', ID = '1477'
Method 'SystemInt32SystemTextUTF8EncodingGetByteCountSystemString', ID = '1479'
Method 'SystemInt32SystemTextUTF8EncodingGetBytesSystemStringSystemInt32SystemInt32SystemBytearraySystemInt32', ID = '1480'
Method 'SystemInt32SystemTextUTF8EncodingGetByteCountSystemChararraySystemInt32SystemInt32', ID = '1481'
Method 'SystemInt32SystemTextUTF8EncodingGetBytesSystemChararraySystemInt32SystemInt32SystemBytearraySystemInt32', ID = '1482'
Method 'SystemVoidSystemTextUTF8EncodingctorSystemBooleanSystemBoolean', ID = '1483'
Method 'SystemTextEncoderFallbackSystemTextEncoderget_Fallback', ID = '1486'
Method 'SystemBooleanSystemTextEncoderget_InternalHasFallbackBuffer', ID = '1488'
Method 'SystemTextEncoderFallbackBufferSystemTextEncoderget_FallbackBuffer', ID = '1489'
Method 'SystemStringSystemSRget_Argument_EncoderFallbackNotEmpty', ID = '1491'
Method 'SystemStringSystemTextEncodingget_EncodingName', ID = '1492'
Method 'SystemStringSystemSRFormatSystemStringSystemObjectSystemObject', ID = '1493'
Method 'SystemVoidSystemTextEncoderFallbackBufferInternalInitializeSystemCharpointerSystemCharpointerSystemTextEncoderNLSSystemBoolean', ID = '1494'
Method 'SystemTextEncoderFallbackSystemTextEncodingget_EncoderFallback', ID = '1495'
Method 'SystemBooleanSystemTextEncoderFallbackBufferInternalFallbackSystemCharSystemCharpointer', ID = '1497'
Method 'SystemCharSystemTextEncoderFallbackBufferInternalGetNextChar', ID = '1499'
Method 'SystemBooleanSystemTextUTF8EncodingInRangeSystemInt32SystemInt32SystemInt32', ID = '1502'
Method 'SystemBooleanSystemTextEncoderNLSget_MustFlush', ID = '1503'
Method 'SystemInt32SystemTextUTF8EncodingPtrDiffSystemCharpointerSystemCharpointer', ID = '1504'
Method 'SystemInt32SystemTextASCIIEncodingGetByteCountSystemCharpointerSystemInt32', ID = '1505'
Method 'SystemInt32SystemTextUTF8EncodingGetByteCountSystemCharpointerSystemInt32', ID = '1506'
Method 'SystemStringSystemTextEncoderReplacementFallbackget_DefaultString', ID = '1507'
Method 'SystemVoidSystemTextEncodingThrowBytesOverflowSystemTextEncoderNLSSystemBoolean', ID = '1508'
Method 'SystemInt32SystemTextUTF8EncodingPtrDiffSystemBytepointerSystemBytepointer', ID = '1510'
Method 'SystemInt32SystemTextASCIIEncodingGetBytesSystemCharpointerSystemInt32SystemBytepointerSystemInt32', ID = '1511'
Method 'SystemInt32SystemTextUTF8EncodingGetBytesSystemCharpointerSystemInt32SystemBytepointerSystemInt32', ID = '1512'
Method 'SystemVoidCosmosCoreMemoryOperationsFillSystemUInt16pointerSystemUInt16SystemInt32', ID = '1514'
Method 'SystemTextStringBuilderSystemTextStringBuilderCacheAcquireSystemInt32', ID = '1516'
Method 'SystemTextStringBuilderSystemTextStringBuilderAppendSystemString', ID = '1517'
Method 'SystemTextStringBuilderSystemTextStringBuilderAppendSystemCharpointerSystemInt32', ID = '1518'
Method 'SystemStringSystemTextStringBuilderCacheGetStringAndReleaseSystemTextStringBuilder', ID = '1519'
Method 'SystemStringSystemGlobalizationCultureInfoToString', ID = '1521'
Method 'SystemStringCosmosCore_PlugsSystemStringImplChangeCasingSystemStringSystemInt32SystemInt32SystemInt32', ID = '1523'
Method 'SystemStringSystemSRget_Format_InvalidGuidFormatSpecification', ID = '1524'
Method 'SystemInt32SystemGuidHexsToCharsSystemCharpointerSystemInt32SystemInt32', ID = '1525'
Method 'SystemInt32SystemGuidHexsToCharsHexOutputSystemCharpointerSystemInt32SystemInt32', ID = '1526'
Method 'SystemVoidSystemCollectionsGenericList1anonymousTypeCosmosHALBlockDeviceGPTGPartInfoset_CapacitySystemInt32', ID = '1527'
Method 'SystemVoidSystemCollectionsGenericList1anonymousTypeCosmosHALBlockDeviceMBRPartInfoset_CapacitySystemInt32', ID = '1528'
Method 'SystemVoidSystemCollectionsGenericList1anonymousTypeCosmosHALBlockDeviceEBRPartInfoset_CapacitySystemInt32', ID = '1529'
Method 'SystemVoidCosmosHALBlockDeviceRegistersFISRegisterH2Dset_LBA3SystemByte', ID = '1532'
Method 'SystemVoidCosmosHALBlockDeviceRegistersFISRegisterH2Dset_LBA4SystemByte', ID = '1533'
Method 'SystemVoidCosmosHALBlockDeviceRegistersFISRegisterH2Dset_LBA5SystemByte', ID = '1534'
Method 'SystemVoidCosmosHALBlockDeviceRegistersFISRegisterH2Dset_CountHSystemByte', ID = '1535'
Method 'SystemVoidSystemCollectionsGenericList1anonymousTypeCosmosSystemKeyMappingctorSystemInt32', ID = '1539'
Method 'SystemVoidCosmosSystemKeyMappingctorSystemByteCosmosSystemConsoleKeyEx', ID = '1540'
Method 'SystemVoidSystemCollectionsGenericList1anonymousTypeCosmosSystemKeyMappingAddCosmosSystemKeyMapping', ID = '1541'
Method 'SystemVoidCosmosSystemKeyMappingctorSystemByteSystemCharSystemCharSystemCharSystemCharSystemCharSystemCharCosmosSystemConsoleKeyEx', ID = '1542'
Method 'SystemVoidCosmosSystemKeyMappingctorSystemByteSystemCharCosmosSystemConsoleKeyEx', ID = '1543'
Method 'SystemVoidCosmosSystemKeyMappingctorSystemByteSystemCharSystemCharSystemCharSystemCharSystemCharSystemCharCosmosSystemConsoleKeyExCosmosSystemConsoleKeyEx', ID = '1544'
Method 'SystemVoidSystemCollectionsGenericList1anonymousTypeCosmosHALKeyboardBaseset_CapacitySystemInt32', ID = '1545'
Method 'SystemBooleanSystemCollectionsGenericList1EnumeratoranonymousTypeCosmosHALKeyboardBaseMoveNextRare', ID = '1546'
Method 'SystemVoidCosmosSystemKeyEventctor', ID = '1548'
Method 'SystemVoidCosmosSystemKeyEventset_ModifiersSystemConsoleModifiers', ID = '1549'
Method 'SystemVoidCosmosSystemKeyEventset_TypeCosmosSystemKeyEventKeyEventType', ID = '1550'
Method 'SystemVoidCosmosSystemKeyEventset_KeyCharSystemChar', ID = '1551'
Method 'SystemVoidCosmosSystemKeyEventset_KeyCosmosSystemConsoleKeyEx', ID = '1552'
Method 'SystemVoidSystemCollectionsGenericQueue1anonymousTypeCosmosSystemKeyEventSetCapacitySystemInt32', ID = '1553'
Method 'SystemVoidSystemCollectionsGenericList1anonymousTypeCosmosHALPITPITTimerAddCosmosHALPITPITTimer', ID = '1554'
Method 'SystemVoidSystemCollectionsGenericList1anonymousTypeSystemInt32AddWithResizeSystemInt32', ID = '1557'
Method 'SystemDoubleCosmosSystem_PlugsSystemMathImplPowSystemDoubleSystemDouble', ID = '1559'
Method 'SystemVoidCosmosCore_PlugsSystemBufferImpl__MemmoveSystemBytepointerSystemBytepointerSystemUInt32', ID = '1560'
Method 'SystemVoidSystemTextEncodingctorSystemInt32', ID = '1561'
Method 'SystemVoidSystemTextUTF8Encodingcctor', ID = '1562'
Method 'SystemVoidSystemTextEncodingSetDefaultFallbacks', ID = '1563'
Method 'SystemTextEncoderFallbackSystemTextEncoderFallbackget_ReplacementFallback', ID = '1565'
Method 'SystemInt32SystemTextEncoderReplacementFallbackget_MaxCharCount', ID = '1566'
Method 'SystemBooleanSystemCharIsHighSurrogateSystemChar', ID = '1568'
Method 'SystemBooleanSystemCharIsLowSurrogateSystemChar', ID = '1569'
Method 'SystemInt32SystemCharConvertToUtf32SystemCharSystemChar', ID = '1570'
Method 'SystemVoidSystemTextEncoderFallbackBufferThrowLastCharRecursiveSystemInt32', ID = '1571'
Method 'SystemTextEncoderFallbackBufferSystemTextEncoderReplacementFallbackCreateFallbackBuffer', ID = '1574'
Method 'SystemTextEncoderFallbackBufferCosmosCore_PlugsSystemTextEncoderFallbackImplCreateFallbackBuffer', ID = '1575'
Method 'SystemVoidSystemTextEncoderFallbackBufferInternalReset', ID = '1577'
Method 'SystemVoidSystemTextEncodingThrowBytesOverflow', ID = '1578'
Method 'SystemVoidSystemTextEncoderNLSClearMustFlush', ID = '1579'
Method 'SystemVoidCosmosCore_PlugsMemoryOperationsMemoryOperationsImplCopySystemBytepointerSystemBytepointerSystemInt32', ID = '1580'
Method 'SystemInt32SystemTextStringBuilderget_Capacity', ID = '1585'
Method 'SystemTextStringBuilderSystemTextStringBuilderClear', ID = '1586'
Method 'SystemVoidSystemTextStringBuilderctorSystemInt32', ID = '1587'
Method 'SystemVoidSystemTextStringBuilderAppendHelperSystemString', ID = '1588'
Method 'SystemInt32SystemTextStringBuilderget_Length', ID = '1589'
Method 'SystemStringSystemSRget_ArgumentOutOfRange_LengthGreaterThanCapacity', ID = '1590'
Method 'SystemVoidSystemTextStringBuilderThreadSafeCopySystemCharpointerSystemChararraySystemInt32SystemInt32', ID = '1591'
Method 'SystemVoidSystemTextStringBuilderExpandByABlockSystemInt32', ID = '1592'
Method 'SystemVoidSystemTextStringBuilderCacheReleaseSystemTextStringBuilder', ID = '1593'
Method 'SystemVoidCosmosCore_PlugsSystemGlobalizationCultureInfoImplCCtor', ID = '1594'
Method 'SystemCharSystemGuidHexToCharSystemInt32', ID = '1595'
Method 'SystemVoidCosmosCore_PlugsMemoryOperationsMemoryOperationsImplFillSystemBytepointerSystemInt32SystemInt32', ID = '1596'
Method 'SystemByteCosmosCore_PlugsSystemGlobalizationCharUnicodeInfoImplInternalGetUnicodeCategorySystemInt32', ID = '1598'
Method 'SystemVoidSystemCollectionsGenericList1anonymousTypeCosmosSystemKeyMappingAddWithResizeCosmosSystemKeyMapping', ID = '1600'
Method 'SystemVoidCosmosSystemKeyMappingctorSystemByteSystemCharSystemCharSystemCharSystemCharSystemCharSystemCharSystemCharSystemCharSystemCharSystemCharCosmosSystemConsoleKeyEx', ID = '1601'
Method 'SystemVoidCosmosSystemKeyMappingctorSystemByteSystemCharSystemCharSystemCharSystemCharSystemCharSystemCharSystemCharCosmosSystemConsoleKeyExCosmosSystemConsoleKeyEx', ID = '1602'
Method 'SystemVoidSystemCollectionsGenericList1anonymousTypeCosmosSystemKeyMappingcctor', ID = '1603'
Method 'SystemVoidSystemCollectionsGenericList1anonymousTypeCosmosHALPITPITTimerAddWithResizeCosmosHALPITPITTimer', ID = '1610'
Method 'SystemVoidSystemCollectionsGenericList1anonymousTypeSystemInt32cctor', ID = '1611'
Method 'SystemVoidSystemCollectionsGenericList1anonymousTypeSystemInt32EnsureCapacitySystemInt32', ID = '1612'
Method 'SystemVoidSystemMathcctor', ID = '1613'
Method 'SystemBooleanSystemDoubleIsNaNSystemDouble', ID = '1615'
Method 'SystemBooleanSystemDoubleIsNegativeInfinitySystemDouble', ID = '1616'
Method 'SystemBooleanSystemDoubleIsPositiveInfinitySystemDouble', ID = '1617'
Method 'SystemBooleanSystemDoubleIsInfinitySystemDouble', ID = '1618'
Method 'SystemDoubleCosmosSystem_PlugsSystemMathImplAbsSystemDouble', ID = '1619'
Method 'SystemSingleCosmosSystem_PlugsSystemMathImplAbsSystemSingle', ID = '1620'
Method 'SystemDoubleCosmosSystem_PlugsSystemMathImplLogSystemDouble', ID = '1621'
Method 'SystemDoubleCosmosSystem_PlugsSystemMathImplExpSystemDouble', ID = '1622'
Method 'SystemVoidSystemTextASCIIEncodingSetDefaultFallbacks', ID = '1625'
Method 'SystemVoidSystemTextUTF8EncodingSetDefaultFallbacks', ID = '1626'
Method 'SystemVoidSystemTextInternalEncoderBestFitFallbackctorSystemTextEncoding', ID = '1627'
Method 'SystemVoidSystemTextInternalDecoderBestFitFallbackctorSystemTextEncoding', ID = '1628'
Method 'SystemVoidSystemThreadingMonitorEnterSystemObjectSystemBoolean', ID = '1631'
Method 'SystemVoidSystemTextEncoderReplacementFallbackctor', ID = '1632'
Method 'SystemStringSystemSRget_ArgumentOutOfRange_InvalidHighSurrogate', ID = '1634'
Method 'SystemStringSystemSRget_ArgumentOutOfRange_InvalidLowSurrogate', ID = '1635'
Method 'SystemStringSystemSRget_Argument_RecursiveFallback', ID = '1636'
Method 'SystemVoidSystemTextEncoderReplacementFallbackBufferctorSystemTextEncoderReplacementFallback', ID = '1637'
Method 'SystemVoidSystemTextEncoderFallbackBufferReset', ID = '1639'
Method 'SystemStringSystemSRget_Argument_EncodingConversionOverflowBytes', ID = '1640'
Method 'SystemVoidCosmosCore_PlugsMemoryOperationsMemoryOperationsImplCopyTinySystemBytepointerSystemBytepointerSystemInt32', ID = '1642'
Method 'SystemInt32SystemMathDivRemSystemInt32SystemInt32SystemInt32', ID = '1643'
Method 'SystemVoidCosmosCore_PlugsMemoryOperationsMemoryOperationsImplCopy128BlocksSystemBytepointerSystemBytepointerSystemInt32', ID = '1644'
Method 'SystemStringSystemTextStringBuilderToString', ID = '1645'
Method 'SystemVoidSystemTextStringBuilderset_LengthSystemInt32', ID = '1646'
Method 'SystemVoidSystemTextStringBuilderctorSystemInt32SystemInt32', ID = '1647'
Method 'SystemStringSystemSRget_ArgumentOutOfRange_SmallCapacity', ID = '1648'
Method 'SystemInt32SystemMathMinSystemInt32SystemInt32', ID = '1649'
Method 'SystemInt32SystemMathMaxSystemInt32SystemInt32', ID = '1650'
Method 'SystemVoidSystemTextStringBuilderctorSystemTextStringBuilder', ID = '1651'
Method 'SystemVoidCosmosCore_PlugsMemoryOperationsMemoryOperationsImplFill16BlocksSystemBytepointerSystemInt32SystemInt32', ID = '1652'
Method 'SystemVoidCosmosCore_PlugsSystemCharUnicodeInfoImplCctor', ID = '1653'
Method 'SystemVoidSystemCollectionsGenericList1anonymousTypeCosmosSystemKeyMappingEnsureCapacitySystemInt32', ID = '1655'
Method 'SystemVoidCosmosSystemKeyMappingctorSystemByteSystemCharSystemCharSystemCharSystemCharSystemCharSystemCharSystemCharSystemCharSystemCharSystemCharCosmosSystemConsoleKeyExCosmosSystemConsoleKeyEx', ID = '1656'
Method 'SystemVoidSystemCollectionsGenericList1anonymousTypeCosmosHALPITPITTimerEnsureCapacitySystemInt32', ID = '1657'
Method 'SystemVoidSystemCollectionsGenericList1anonymousTypeSystemInt32set_CapacitySystemInt32', ID = '1658'
Method 'SystemVoidCosmosSystem_PlugsSystemMathImplcctor', ID = '1662'
Method 'SystemInt32CosmosSystem_PlugsSystemMathImplHighWordSystemDouble', ID = '1664'
Method 'SystemInt32CosmosSystem_PlugsSystemMathImplLowWordSystemDouble', ID = '1665'
Method 'SystemBytearraySystemBitConverterGetBytesSystemInt64', ID = '1666'
Method 'SystemBytearraySystemBitConverterGetBytesSystemInt32', ID = '1667'
Method 'SystemDoubleSystemBitConverterToDoubleSystemBytearraySystemInt32', ID = '1668'
Method 'SystemTextDecoderFallbackSystemTextDecoderFallbackget_ReplacementFallback', ID = '1669'
Method 'SystemTextEncoderFallbackSystemTextEncoderFallbackget_ExceptionFallback', ID = '1670'
Method 'SystemTextDecoderFallbackSystemTextDecoderFallbackget_ExceptionFallback', ID = '1671'
Method 'SystemVoidSystemTextEncoderReplacementFallbackctorSystemString', ID = '1672'
Method 'SystemVoidSystemTextDecoderReplacementFallbackctorSystemString', ID = '1673'
Method 'SystemVoidSystemTextEncoderFallbackctor', ID = '1675'
Method 'SystemVoidSystemTextDecoderFallbackctor', ID = '1677'
Method 'SystemObjectCosmosCore_PlugsSystemTextEncoderFallbackImplget_InternalSyncObject', ID = '1679'
Method 'SystemVoidSystemThreadingMonitorThrowLockTakenException', ID = '1682'
Method 'SystemVoidCosmosCore_PlugsSystemThreadingMonitorImplExitSystemObject', ID = '1684'
Method 'SystemVoidSystemTextEncoderFallbackBufferctor', ID = '1686'
Method 'SystemVoidSystemTextEncoderReplacementFallbackBufferReset', ID = '1687'
Method 'SystemVoidCosmosCore_PlugsMemoryOperationsMemoryOperationsImplCopy64BytesSystemBytepointerSystemBytepointer', ID = '1688'
Method 'SystemVoidCosmosCore_PlugsMemoryOperationsMemoryOperationsImplCopy16BytesSystemBytepointerSystemBytepointer', ID = '1689'
Method 'SystemVoidCosmosCore_PlugsMemoryOperationsMemoryOperationsImplCopy32BytesSystemBytepointerSystemBytepointer', ID = '1690'
Method 'SystemVoidCosmosCore_PlugsMemoryOperationsMemoryOperationsImplCopy128BytesSystemBytepointerSystemBytepointer', ID = '1691'
Method 'SystemInt32SystemTextStringBuilderget_MaxCapacity', ID = '1692'
Method 'SystemTextStringBuilderSystemTextStringBuilderAppendSystemCharSystemInt32', ID = '1693'
Method 'SystemTextStringBuilderSystemTextStringBuilderFindChunkForIndexSystemInt32', ID = '1694'
Method 'SystemStringSystemSRget_ArgumentOutOfRange_Capacity', ID = '1695'
Method 'SystemStringSystemSRget_ArgumentOutOfRange_SmallMaxCapacity', ID = '1696'
Method 'SystemStringSystemSRget_ArgumentOutOfRange_MustBePositive', ID = '1697'
Method 'SystemVoidSystemCollectionsGenericList1anonymousTypeCosmosSystemKeyMappingset_CapacitySystemInt32', ID = '1699'
Method 'SystemVoidSystemCollectionsGenericList1anonymousTypeCosmosHALPITPITTimerset_CapacitySystemInt32', ID = '1700'
Method 'SystemVoidSystemSinglecctor', ID = '1702'
Method 'SystemInt32SystemBitConverterToInt32SystemBytearraySystemInt32', ID = '1706'
Method 'SystemInt64SystemRuntimeCompilerServicesUnsafeAsSystemByteSystemInt64SystemByte', ID = '1707'
Method 'SystemInt32SystemRuntimeCompilerServicesUnsafeAsSystemByteSystemInt32SystemByte', ID = '1708'
Method 'SystemVoidSystemTextDecoderReplacementFallbackctor', ID = '1711'
Method 'SystemVoidSystemTextEncoderExceptionFallbackctor', ID = '1713'
Method 'SystemVoidSystemTextDecoderExceptionFallbackctor', ID = '1715'
Method 'SystemBooleanSystemCharIsSurrogateSystemStringSystemInt32', ID = '1716'
Method 'SystemBooleanSystemCharIsHighSurrogateSystemStringSystemInt32', ID = '1717'
Method 'SystemStringSystemSRget_Argument_InvalidCharSequenceNoIndex', ID = '1718'
Method 'SystemInt32SystemTextInternalEncoderBestFitFallbackget_MaxCharCount', ID = '1720'
Method 'SystemStringSystemSRget_Argument_MustBeFalse', ID = '1722'
Method 'SystemVoidCosmosCore_PlugsSystemThreadingMonitorImplReliableEnterSystemObjectSystemBoolean', ID = '1723'
Method 'SystemInt32SystemTextEncoderReplacementFallbackBufferget_Remaining', ID = '1725'
Method 'SystemBooleanSystemTextEncoderReplacementFallbackBufferMovePrevious', ID = '1726'
Method 'SystemBooleanSystemTextEncoderReplacementFallbackBufferFallbackSystemCharSystemCharSystemInt32', ID = '1727'
Method 'SystemBooleanSystemTextEncoderReplacementFallbackBufferFallbackSystemCharSystemInt32', ID = '1728'
Method 'SystemCharSystemTextEncoderReplacementFallbackBufferGetNextChar', ID = '1729'
Method 'SystemSingleSystemBitConverterInt32BitsToSingleSystemInt32', ID = '1730'
Method 'SystemStringCosmosSystem_PlugsSystemSingleImplToString', ID = '1732'
Method 'SystemObjectCosmosCore_PlugsSystemTextDecoderFallbackImplget_InternalSyncObject', ID = '1733'
Method 'SystemBooleanSystemCharIsSurrogateSystemChar', ID = '1736'
Method 'SystemTextEncoderFallbackBufferCosmosCore_PlugsSystemTextInternalEncoderBestFitFallbackImplCreateFallbackBuffer', ID = '1737'
Method 'SystemStringSystemSRget_ArgumentOutOfRange_Range', ID = '1738'
Method 'SystemStringCosmosCommonStringHelperGetNumberStringSystemSingle', ID = '1741'
Method 'SystemInt32SystemTextEncoderExceptionFallbackget_MaxCharCount', ID = '1743'
Method 'SystemTextEncoderFallbackBufferSystemTextEncoderExceptionFallbackCreateFallbackBuffer', ID = '1744'
Method 'SystemBytearraySystemBitConverterGetBytesSystemSingle', ID = '1746'
Method 'SystemVoidSystemTextEncoderExceptionFallbackBufferctor', ID = '1747'
Method 'SystemSingleSystemRuntimeCompilerServicesUnsafeAsSystemByteSystemSingleSystemByte', ID = '1748'
Method 'SystemInt32SystemTextEncoderExceptionFallbackBufferget_Remaining', ID = '1750'
Method 'SystemBooleanSystemTextEncoderExceptionFallbackBufferMovePrevious', ID = '1751'
Method 'SystemBooleanSystemTextEncoderExceptionFallbackBufferFallbackSystemCharSystemCharSystemInt32', ID = '1752'
Method 'SystemBooleanSystemTextEncoderExceptionFallbackBufferFallbackSystemCharSystemInt32', ID = '1753'
Method 'SystemCharSystemTextEncoderExceptionFallbackBufferGetNextChar', ID = '1754'
Method 'SystemStringSystemSRget_Argument_InvalidCodePageConversionIndex', ID = '1755'
Method 'SystemVoidSystemTextEncoderFallbackExceptionctorSystemStringSystemCharSystemCharSystemInt32', ID = '1756'
Method 'SystemVoidSystemTextEncoderFallbackExceptionctorSystemStringSystemCharSystemInt32', ID = '1757'
CosmosCore_PlugsSystemCharUnicodeInfoImplCctor', ID = '1752'
Method 'SystemVoidSystemCollectionsGenericList1anonymousTypeCosmosSystemKeyMappingEnsureCapacitySystemInt32', ID = '1754'
Method 'SystemVoidCosmosSystemKeyMappingctorSystemByteSystemCharSystemCharSystemCharSystemCharSystemCharSystemCharSystemCharSystemCharSystemCharSystemCharCosmosSystemConsoleKeyExCosmosSystemConsoleKeyEx', ID = '1755'
Method 'SystemVoidSystemCollectionsGenericList1anonymousTypeCosmosHALPITPITTimerEnsureCapacitySystemInt32', ID = '1759'
Method 'SystemVoidSystemCollectionsGenericList1anonymousTypeSystemInt32set_CapacitySystemInt32', ID = '1760'
Method 'SystemVoidCosmosSystem_PlugsSystemMathImplcctor', ID = '1764'
Method 'SystemInt32CosmosSystem_PlugsSystemMathImplHighWordSystemDouble', ID = '1766'
Method 'SystemInt32CosmosSystem_PlugsSystemMathImplLowWordSystemDouble', ID = '1767'
Method 'SystemBytearraySystemBitConverterGetBytesSystemInt64', ID = '1768'
Method 'SystemBytearraySystemBitConverterGetBytesSystemInt32', ID = '1769'
Method 'SystemDoubleSystemBitConverterToDoubleSystemBytearraySystemInt32', ID = '1770'
Method 'SystemTextDecoderFallbackSystemTextDecoderFallbackget_ReplacementFallback', ID = '1771'
Method 'SystemTextEncoderFallbackSystemTextEncoderFallbackget_ExceptionFallback', ID = '1772'
Method 'SystemTextDecoderFallbackSystemTextDecoderFallbackget_ExceptionFallback', ID = '1773'
Method 'SystemVoidSystemTextEncoderReplacementFallbackctorSystemString', ID = '1774'
Method 'SystemVoidSystemTextDecoderReplacementFallbackctorSystemString', ID = '1775'
Method 'SystemVoidSystemTextEncoderFallbackctor', ID = '1777'
Method 'SystemVoidSystemTextDecoderFallbackctor', ID = '1779'
Method 'SystemObjectCosmosCore_PlugsSystemTextEncoderFallbackImplget_InternalSyncObject', ID = '1781'
Method 'SystemVoidSystemThreadingMonitorThrowLockTakenException', ID = '1784'
Method 'SystemVoidCosmosCore_PlugsSystemThreadingMonitorImplExitSystemObject', ID = '1786'
Method 'SystemVoidSystemTextEncoderFallbackBufferctor', ID = '1788'
Method 'SystemVoidSystemTextEncoderReplacementFallbackBufferReset', ID = '1789'
Method 'SystemVoidCosmosCore_PlugsMemoryOperationsMemoryOperationsImplCopy64BytesSystemBytepointerSystemBytepointer', ID = '1790'
Method 'SystemVoidCosmosCore_PlugsMemoryOperationsMemoryOperationsImplCopy16BytesSystemBytepointerSystemBytepointer', ID = '1791'
Method 'SystemVoidCosmosCore_PlugsMemoryOperationsMemoryOperationsImplCopy32BytesSystemBytepointerSystemBytepointer', ID = '1792'
Method 'SystemVoidCosmosCore_PlugsMemoryOperationsMemoryOperationsImplCopy128BytesSystemBytepointerSystemBytepointer', ID = '1793'
Method 'SystemInt32SystemTextStringBuilderget_MaxCapacity', ID = '1794'
Method 'SystemTextStringBuilderSystemTextStringBuilderAppendSystemCharSystemInt32', ID = '1795'
Method 'SystemTextStringBuilderSystemTextStringBuilderFindChunkForIndexSystemInt32', ID = '1796'
Method 'SystemStringSystemSRget_ArgumentOutOfRange_Capacity', ID = '1797'
Method 'SystemStringSystemSRget_ArgumentOutOfRange_SmallMaxCapacity', ID = '1798'
Method 'SystemStringSystemSRget_ArgumentOutOfRange_MustBePositive', ID = '1799'
Method 'SystemVoidSystemCollectionsGenericList1anonymousTypeCosmosSystemKeyMappingset_CapacitySystemInt32', ID = '1801'
Method 'SystemStringCosmosSystem_PlugsSystemInt16ImplToString', ID = '1802'
Method 'SystemVoidSystemCollectionsGenericList1anonymousTypeCosmosHALPITPITTimerset_CapacitySystemInt32', ID = '1803'
Method 'SystemVoidSystemSinglecctor', ID = '1805'
Method 'SystemInt32SystemBitConverterToInt32SystemBytearraySystemInt32', ID = '1809'
Method 'SystemInt64SystemRuntimeCompilerServicesUnsafeAsSystemByteSystemInt64SystemByte', ID = '1810'
Method 'SystemInt32SystemRuntimeCompilerServicesUnsafeAsSystemByteSystemInt32SystemByte', ID = '1811'
Method 'SystemVoidSystemTextDecoderReplacementFallbackctor', ID = '1814'
Method 'SystemVoidSystemTextEncoderExceptionFallbackctor', ID = '1816'
Method 'SystemVoidSystemTextDecoderExceptionFallbackctor', ID = '1818'
Method 'SystemBooleanSystemCharIsSurrogateSystemStringSystemInt32', ID = '1819'
Method 'SystemBooleanSystemCharIsHighSurrogateSystemStringSystemInt32', ID = '1820'
Method 'SystemStringSystemSRget_Argument_InvalidCharSequenceNoIndex', ID = '1821'
Method 'SystemInt32SystemTextInternalEncoderBestFitFallbackget_MaxCharCount', ID = '1823'
Method 'SystemStringSystemSRget_Argument_MustBeFalse', ID = '1825'
Method 'SystemVoidCosmosCore_PlugsSystemThreadingMonitorImplReliableEnterSystemObjectSystemBoolean', ID = '1826'
Method 'SystemInt32SystemTextEncoderReplacementFallbackBufferget_Remaining', ID = '1828'
Method 'SystemBooleanSystemTextEncoderReplacementFallbackBufferMovePrevious', ID = '1829'
Method 'SystemBooleanSystemTextEncoderReplacementFallbackBufferFallbackSystemCharSystemCharSystemInt32', ID = '1830'
Method 'SystemBooleanSystemTextEncoderReplacementFallbackBufferFallbackSystemCharSystemInt32', ID = '1831'
Method 'SystemCharSystemTextEncoderReplacementFallbackBufferGetNextChar', ID = '1832'
Method 'SystemSingleSystemBitConverterInt32BitsToSingleSystemInt32', ID = '1835'
Method 'SystemStringCosmosSystem_PlugsSystemSingleImplToString', ID = '1837'
Method 'SystemObjectCosmosCore_PlugsSystemTextDecoderFallbackImplget_InternalSyncObject', ID = '1838'
Method 'SystemBooleanSystemCharIsSurrogateSystemChar', ID = '1841'
Method 'SystemTextEncoderFallbackBufferCosmosCore_PlugsSystemTextInternalEncoderBestFitFallbackImplCreateFallbackBuffer', ID = '1842'
Method 'SystemStringSystemSRget_ArgumentOutOfRange_Range', ID = '1843'
Method 'SystemStringCosmosCommonStringHelperGetNumberStringSystemSingle', ID = '1846'
Method 'SystemInt32SystemTextEncoderExceptionFallbackget_MaxCharCount', ID = '1848'
Method 'SystemTextEncoderFallbackBufferSystemTextEncoderExceptionFallbackCreateFallbackBuffer', ID = '1849'
Method 'SystemBytearraySystemBitConverterGetBytesSystemSingle', ID = '1851'
Method 'SystemVoidSystemTextEncoderExceptionFallbackBufferctor', ID = '1852'
Method 'SystemSingleSystemRuntimeCompilerServicesUnsafeAsSystemByteSystemSingleSystemByte', ID = '1853'
Method 'SystemInt32SystemTextEncoderExceptionFallbackBufferget_Remaining', ID = '1855'
Method 'SystemBooleanSystemTextEncoderExceptionFallbackBufferMovePrevious', ID = '1856'
Method 'SystemBooleanSystemTextEncoderExceptionFallbackBufferFallbackSystemCharSystemCharSystemInt32', ID = '1857'
Method 'SystemBooleanSystemTextEncoderExceptionFallbackBufferFallbackSystemCharSystemInt32', ID = '1858'
Method 'SystemCharSystemTextEncoderExceptionFallbackBufferGetNextChar', ID = '1859'
Method 'SystemStringSystemSRget_Argument_InvalidCodePageConversionIndex', ID = '1860'
Method 'SystemVoidSystemTextEncoderFallbackExceptionctorSystemStringSystemCharSystemCharSystemInt32', ID = '1861'
Method 'SystemVoidSystemTextEncoderFallbackExceptionctorSystemStringSystemCharSystemInt32', ID = '1862'
FallbackExceptionctorSystemStringSystemCharSystemCharSystemInt32', ID = '1865'
Method 'SystemVoidSystemTextEncoderFallbackExceptionctorSystemStringSystemCharSystemInt32', ID = '1866'
